<?xml version="1.0" encoding="UTF-8"?>
<TestRun id="010da185-1f8b-4c78-842f-c5000a359ca2" name="alba.sagastume@GUA-UPS-DEV10 2018-01-30 22:28:21" runUser="UPSDIV\alba.sagastume" xmlns="http://microsoft.com/schemas/VisualStudio/TeamTest/2010">
  <TestSettings name="Local" id="053dc93a-72f9-41c7-a901-55fa045aa5a9">
    <Description>These are default test settings for a local test run.</Description>
    <Execution>
      <TestTypeSpecific />
      <AgentRule name="Execution Agents">
      </AgentRule>
    </Execution>
    <Deployment runDeploymentRoot="alba.sagastume_GUA-UPS-DEV10 2018-01-30 22_28_21" />
    <Properties>
      <Property name="TestSettingsUIType" value="LoadTest" />
    </Properties>
  </TestSettings>
  <Times creation="2018-01-30T22:28:21.6754291-06:00" queuing="2018-01-30T22:28:22.1284538-06:00" start="2018-01-30T22:28:22.3158972-06:00" finish="2018-01-30T22:28:35.7794989-06:00" />
  <ResultSummary outcome="Failed">
    <Counters total="1" executed="1" error="0" failed="1" timeout="0" aborted="0" inconclusive="0" passedButRunAborted="0" notRunnable="0" notExecuted="0" disconnected="0" warning="0" passed="0" completed="0" inProgress="0" pending="0" />
  </ResultSummary>
  <TestDefinitions>
    <WebTest name="WebTest1" storage="c:\users\alba.sagastume\documents\visual studio 2015\projects\bdisloadtest\bdisloadtest\webtest1.webtest" id="6a42c19a-465b-4288-a11d-82918b69f082" persistedWebTest="77u/PD94bWwgdmVyc2lvbj0iMS4wIiBlbmNvZGluZz0iVVRGLTgiIHN0YW5kYWxvbmU9InllcyI/Pg0KPFdlYlRlc3QgTmFtZT0iV2ViVGVzdDEiIElkPSI2YTQyYzE5YS00NjViLTQyODgtYTExZC04MjkxOGI2OWYwODIiIE93bmVyPSIiIFByaW9yaXR5PSIyMTQ3NDgzNjQ3IiBFbmFibGVkPSJUcnVlIiBDc3NQcm9qZWN0U3RydWN0dXJlPSIiIENzc0l0ZXJhdGlvbj0iIiBUaW1lb3V0PSIwIiBXb3JrSXRlbUlkcz0iIiB4bWxucz0iaHR0cDovL21pY3Jvc29mdC5jb20vc2NoZW1hcy9WaXN1YWxTdHVkaW8vVGVhbVRlc3QvMjAxMCIgRGVzY3JpcHRpb249IiIgQ3JlZGVudGlhbFVzZXJOYW1lPSIiIENyZWRlbnRpYWxQYXNzd29yZD0iIiBQcmVBdXRoZW50aWNhdGU9IlRydWUiIFByb3h5PSJkZWZhdWx0IiBTdG9wT25FcnJvcj0iRmFsc2UiIFJlY29yZGVkUmVzdWx0RmlsZT0iV2ViVGVzdDEuNjZiYTBjZjQtOTM1ZC00NjZlLWIzODEtNzQ3NzY3Mjk1OGY0LnJlYy53ZWJ0ZXN0cmVzdWx0IiBSZXN1bHRzTG9jYWxlPSIiPg0KICA8SXRlbXM+DQogICAgPFJlcXVlc3QgTWV0aG9kPSJHRVQiIEd1aWQ9IjA1NjhjMGQxLTYzOGEtNDlhZC05NjZlLWJlODNmMDU1MjllNCIgVmVyc2lvbj0iMS4xIiBVcmw9Imh0dHA6Ly9hcGkuYmluZy5jb20vcXNtbC5hc3B4IiBUaGlua1RpbWU9IjAiIFRpbWVvdXQ9IjMwMCIgUGFyc2VEZXBlbmRlbnRSZXF1ZXN0cz0iVHJ1ZSIgRm9sbG93UmVkaXJlY3RzPSJUcnVlIiBSZWNvcmRSZXN1bHQ9IlRydWUiIENhY2hlPSJGYWxzZSIgUmVzcG9uc2VUaW1lR29hbD0iMCIgRW5jb2Rpbmc9InV0Zi04IiBFeHBlY3RlZEh0dHBTdGF0dXNDb2RlPSIwIiBFeHBlY3RlZFJlc3BvbnNlVXJsPSJodHRwczovL2FwaS5iaW5nLmNvbS9xc21sLmFzcHg/cXVlcnk9MSZhbXA7bWF4d2lkdGg9MzI3NjUmYW1wO3Jvd2hlaWdodD0yMCZhbXA7c2VjdGlvbkhlaWdodD0xNjAmYW1wO0ZPUk09SUVTUzNBJmFtcDttYXJrZXQ9ZW4tVVMiIFJlcG9ydGluZ05hbWU9IiIgSWdub3JlSHR0cFN0YXR1c0NvZGU9IkZhbHNlIj4NCiAgICAgIDxRdWVyeVN0cmluZ1BhcmFtZXRlcnM+DQogICAgICAgIDxRdWVyeVN0cmluZ1BhcmFtZXRlciBOYW1lPSJxdWVyeSIgVmFsdWU9IjEiIFJlY29yZGVkVmFsdWU9IjEiIENvcnJlbGF0aW9uQmluZGluZz0iIiBVcmxFbmNvZGU9IkZhbHNlIiBVc2VUb0dyb3VwUmVzdWx0cz0iRmFsc2UiIC8+DQogICAgICAgIDxRdWVyeVN0cmluZ1BhcmFtZXRlciBOYW1lPSJtYXh3aWR0aCIgVmFsdWU9IjMyNzY1IiBSZWNvcmRlZFZhbHVlPSIzMjc2NSIgQ29ycmVsYXRpb25CaW5kaW5nPSIiIFVybEVuY29kZT0iRmFsc2UiIFVzZVRvR3JvdXBSZXN1bHRzPSJGYWxzZSIgLz4NCiAgICAgICAgPFF1ZXJ5U3RyaW5nUGFyYW1ldGVyIE5hbWU9InJvd2hlaWdodCIgVmFsdWU9IjIwIiBSZWNvcmRlZFZhbHVlPSIyMCIgQ29ycmVsYXRpb25CaW5kaW5nPSIiIFVybEVuY29kZT0iRmFsc2UiIFVzZVRvR3JvdXBSZXN1bHRzPSJGYWxzZSIgLz4NCiAgICAgICAgPFF1ZXJ5U3RyaW5nUGFyYW1ldGVyIE5hbWU9InNlY3Rpb25IZWlnaHQiIFZhbHVlPSIxNjAiIFJlY29yZGVkVmFsdWU9IjE2MCIgQ29ycmVsYXRpb25CaW5kaW5nPSIiIFVybEVuY29kZT0iRmFsc2UiIFVzZVRvR3JvdXBSZXN1bHRzPSJGYWxzZSIgLz4NCiAgICAgICAgPFF1ZXJ5U3RyaW5nUGFyYW1ldGVyIE5hbWU9IkZPUk0iIFZhbHVlPSJJRVNTM0EiIFJlY29yZGVkVmFsdWU9IklFU1MzQSIgQ29ycmVsYXRpb25CaW5kaW5nPSIiIFVybEVuY29kZT0iRmFsc2UiIFVzZVRvR3JvdXBSZXN1bHRzPSJGYWxzZSIgLz4NCiAgICAgICAgPFF1ZXJ5U3RyaW5nUGFyYW1ldGVyIE5hbWU9Im1hcmtldCIgVmFsdWU9ImVuLVVTIiBSZWNvcmRlZFZhbHVlPSJlbi1VUyIgQ29ycmVsYXRpb25CaW5kaW5nPSIiIFVybEVuY29kZT0iRmFsc2UiIFVzZVRvR3JvdXBSZXN1bHRzPSJGYWxzZSIgLz4NCiAgICAgIDwvUXVlcnlTdHJpbmdQYXJhbWV0ZXJzPg0KICAgIDwvUmVxdWVzdD4NCiAgICA8UmVxdWVzdCBNZXRob2Q9IkdFVCIgR3VpZD0iYWM0MGI5YzEtYzE2OS00NzAzLTk1ZDEtZDk5ODQzMTE2YmY1IiBWZXJzaW9uPSIxLjEiIFVybD0iaHR0cDovL2FwaS5iaW5nLmNvbS9xc21sLmFzcHgiIFRoaW5rVGltZT0iMCIgVGltZW91dD0iMzAwIiBQYXJzZURlcGVuZGVudFJlcXVlc3RzPSJUcnVlIiBGb2xsb3dSZWRpcmVjdHM9IlRydWUiIFJlY29yZFJlc3VsdD0iVHJ1ZSIgQ2FjaGU9IkZhbHNlIiBSZXNwb25zZVRpbWVHb2FsPSIwIiBFbmNvZGluZz0idXRmLTgiIEV4cGVjdGVkSHR0cFN0YXR1c0NvZGU9IjAiIEV4cGVjdGVkUmVzcG9uc2VVcmw9Imh0dHBzOi8vYXBpLmJpbmcuY29tL3FzbWwuYXNweD9xdWVyeT0xNyZhbXA7bWF4d2lkdGg9MzI3NjUmYW1wO3Jvd2hlaWdodD0yMCZhbXA7c2VjdGlvbkhlaWdodD0xNjAmYW1wO0ZPUk09SUVTUzNBJmFtcDttYXJrZXQ9ZW4tVVMiIFJlcG9ydGluZ05hbWU9IiIgSWdub3JlSHR0cFN0YXR1c0NvZGU9IkZhbHNlIj4NCiAgICAgIDxRdWVyeVN0cmluZ1BhcmFtZXRlcnM+DQogICAgICAgIDxRdWVyeVN0cmluZ1BhcmFtZXRlciBOYW1lPSJxdWVyeSIgVmFsdWU9IjE3IiBSZWNvcmRlZFZhbHVlPSIxNyIgQ29ycmVsYXRpb25CaW5kaW5nPSIiIFVybEVuY29kZT0iRmFsc2UiIFVzZVRvR3JvdXBSZXN1bHRzPSJGYWxzZSIgLz4NCiAgICAgICAgPFF1ZXJ5U3RyaW5nUGFyYW1ldGVyIE5hbWU9Im1heHdpZHRoIiBWYWx1ZT0iMzI3NjUiIFJlY29yZGVkVmFsdWU9IjMyNzY1IiBDb3JyZWxhdGlvbkJpbmRpbmc9IiIgVXJsRW5jb2RlPSJGYWxzZSIgVXNlVG9Hcm91cFJlc3VsdHM9IkZhbHNlIiAvPg0KICAgICAgICA8UXVlcnlTdHJpbmdQYXJhbWV0ZXIgTmFtZT0icm93aGVpZ2h0IiBWYWx1ZT0iMjAiIFJlY29yZGVkVmFsdWU9IjIwIiBDb3JyZWxhdGlvbkJpbmRpbmc9IiIgVXJsRW5jb2RlPSJGYWxzZSIgVXNlVG9Hcm91cFJlc3VsdHM9IkZhbHNlIiAvPg0KICAgICAgICA8UXVlcnlTdHJpbmdQYXJhbWV0ZXIgTmFtZT0ic2VjdGlvbkhlaWdodCIgVmFsdWU9IjE2MCIgUmVjb3JkZWRWYWx1ZT0iMTYwIiBDb3JyZWxhdGlvbkJpbmRpbmc9IiIgVXJsRW5jb2RlPSJGYWxzZSIgVXNlVG9Hcm91cFJlc3VsdHM9IkZhbHNlIiAvPg0KICAgICAgICA8UXVlcnlTdHJpbmdQYXJhbWV0ZXIgTmFtZT0iRk9STSIgVmFsdWU9IklFU1MzQSIgUmVjb3JkZWRWYWx1ZT0iSUVTUzNBIiBDb3JyZWxhdGlvbkJpbmRpbmc9IiIgVXJsRW5jb2RlPSJGYWxzZSIgVXNlVG9Hcm91cFJlc3VsdHM9IkZhbHNlIiAvPg0KICAgICAgICA8UXVlcnlTdHJpbmdQYXJhbWV0ZXIgTmFtZT0ibWFya2V0IiBWYWx1ZT0iZW4tVVMiIFJlY29yZGVkVmFsdWU9ImVuLVVTIiBDb3JyZWxhdGlvbkJpbmRpbmc9IiIgVXJsRW5jb2RlPSJGYWxzZSIgVXNlVG9Hcm91cFJlc3VsdHM9IkZhbHNlIiAvPg0KICAgICAgPC9RdWVyeVN0cmluZ1BhcmFtZXRlcnM+DQogICAgPC9SZXF1ZXN0Pg0KICAgIDxSZXF1ZXN0IE1ldGhvZD0iR0VUIiBHdWlkPSI1YzQxNGFkNS03YjJhLTQ3NWQtYTUyNy0zN2E2OGQwMjRiNTYiIFZlcnNpb249IjEuMSIgVXJsPSJodHRwOi8vYXBpLmJpbmcuY29tL3FzbWwuYXNweCIgVGhpbmtUaW1lPSIxIiBUaW1lb3V0PSIzMDAiIFBhcnNlRGVwZW5kZW50UmVxdWVzdHM9IlRydWUiIEZvbGxvd1JlZGlyZWN0cz0iVHJ1ZSIgUmVjb3JkUmVzdWx0PSJUcnVlIiBDYWNoZT0iRmFsc2UiIFJlc3BvbnNlVGltZUdvYWw9IjAiIEVuY29kaW5nPSJ1dGYtOCIgRXhwZWN0ZWRIdHRwU3RhdHVzQ29kZT0iMCIgRXhwZWN0ZWRSZXNwb25zZVVybD0iaHR0cHM6Ly9hcGkuYmluZy5jb20vcXNtbC5hc3B4P3F1ZXJ5PTE3MiZhbXA7bWF4d2lkdGg9MzI3NjUmYW1wO3Jvd2hlaWdodD0yMCZhbXA7c2VjdGlvbkhlaWdodD0xNjAmYW1wO0ZPUk09SUVTUzNBJmFtcDttYXJrZXQ9ZW4tVVMiIFJlcG9ydGluZ05hbWU9IiIgSWdub3JlSHR0cFN0YXR1c0NvZGU9IkZhbHNlIj4NCiAgICAgIDxRdWVyeVN0cmluZ1BhcmFtZXRlcnM+DQogICAgICAgIDxRdWVyeVN0cmluZ1BhcmFtZXRlciBOYW1lPSJxdWVyeSIgVmFsdWU9IjE3MiIgUmVjb3JkZWRWYWx1ZT0iMTcyIiBDb3JyZWxhdGlvbkJpbmRpbmc9IiIgVXJsRW5jb2RlPSJGYWxzZSIgVXNlVG9Hcm91cFJlc3VsdHM9IkZhbHNlIiAvPg0KICAgICAgICA8UXVlcnlTdHJpbmdQYXJhbWV0ZXIgTmFtZT0ibWF4d2lkdGgiIFZhbHVlPSIzMjc2NSIgUmVjb3JkZWRWYWx1ZT0iMzI3NjUiIENvcnJlbGF0aW9uQmluZGluZz0iIiBVcmxFbmNvZGU9IkZhbHNlIiBVc2VUb0dyb3VwUmVzdWx0cz0iRmFsc2UiIC8+DQogICAgICAgIDxRdWVyeVN0cmluZ1BhcmFtZXRlciBOYW1lPSJyb3doZWlnaHQiIFZhbHVlPSIyMCIgUmVjb3JkZWRWYWx1ZT0iMjAiIENvcnJlbGF0aW9uQmluZGluZz0iIiBVcmxFbmNvZGU9IkZhbHNlIiBVc2VUb0dyb3VwUmVzdWx0cz0iRmFsc2UiIC8+DQogICAgICAgIDxRdWVyeVN0cmluZ1BhcmFtZXRlciBOYW1lPSJzZWN0aW9uSGVpZ2h0IiBWYWx1ZT0iMTYwIiBSZWNvcmRlZFZhbHVlPSIxNjAiIENvcnJlbGF0aW9uQmluZGluZz0iIiBVcmxFbmNvZGU9IkZhbHNlIiBVc2VUb0dyb3VwUmVzdWx0cz0iRmFsc2UiIC8+DQogICAgICAgIDxRdWVyeVN0cmluZ1BhcmFtZXRlciBOYW1lPSJGT1JNIiBWYWx1ZT0iSUVTUzNBIiBSZWNvcmRlZFZhbHVlPSJJRVNTM0EiIENvcnJlbGF0aW9uQmluZGluZz0iIiBVcmxFbmNvZGU9IkZhbHNlIiBVc2VUb0dyb3VwUmVzdWx0cz0iRmFsc2UiIC8+DQogICAgICAgIDxRdWVyeVN0cmluZ1BhcmFtZXRlciBOYW1lPSJtYXJrZXQiIFZhbHVlPSJlbi1VUyIgUmVjb3JkZWRWYWx1ZT0iZW4tVVMiIENvcnJlbGF0aW9uQmluZGluZz0iIiBVcmxFbmNvZGU9IkZhbHNlIiBVc2VUb0dyb3VwUmVzdWx0cz0iRmFsc2UiIC8+DQogICAgICA8L1F1ZXJ5U3RyaW5nUGFyYW1ldGVycz4NCiAgICA8L1JlcXVlc3Q+DQogICAgPFJlcXVlc3QgTWV0aG9kPSJHRVQiIEd1aWQ9IjIwMTBjNGEzLTFhOTktNDg4MC05OGRjLWVhNzE0NTNkNmM2ZSIgVmVyc2lvbj0iMS4xIiBVcmw9Imh0dHA6Ly8xNzIuMjkuOS4xMjEvIiBUaGlua1RpbWU9IjUiIFRpbWVvdXQ9IjMwMCIgUGFyc2VEZXBlbmRlbnRSZXF1ZXN0cz0iVHJ1ZSIgRm9sbG93UmVkaXJlY3RzPSJUcnVlIiBSZWNvcmRSZXN1bHQ9IlRydWUiIENhY2hlPSJGYWxzZSIgUmVzcG9uc2VUaW1lR29hbD0iMCIgRW5jb2Rpbmc9InV0Zi04IiBFeHBlY3RlZEh0dHBTdGF0dXNDb2RlPSIwIiBFeHBlY3RlZFJlc3BvbnNlVXJsPSIiIFJlcG9ydGluZ05hbWU9IiIgSWdub3JlSHR0cFN0YXR1c0NvZGU9IkZhbHNlIj4NCiAgICAgIDxFeHRyYWN0aW9uUnVsZXM+DQogICAgICAgIDxFeHRyYWN0aW9uUnVsZSBDbGFzc25hbWU9Ik1pY3Jvc29mdC5WaXN1YWxTdHVkaW8uVGVzdFRvb2xzLldlYlRlc3RpbmcuUnVsZXMuRXh0cmFjdEhpZGRlbkZpZWxkcywgTWljcm9zb2Z0LlZpc3VhbFN0dWRpby5RdWFsaXR5VG9vbHMuV2ViVGVzdEZyYW1ld29yaywgVmVyc2lvbj0xMC4wLjAuMCwgQ3VsdHVyZT1uZXV0cmFsLCBQdWJsaWNLZXlUb2tlbj1iMDNmNWY3ZjExZDUwYTNhIiBWYXJpYWJsZU5hbWU9IjEiIERpc3BsYXlOYW1lPSJFeHRyYWN0IEhpZGRlbiBGaWVsZHMiIERlc2NyaXB0aW9uPSJFeHRyYWN0IGFsbCBoaWRkZW4gZmllbGRzIGZyb20gdGhlIHJlc3BvbnNlIGFuZCBwbGFjZSB0aGVtIGludG8gdGhlIHRlc3QgY29udGV4dC4iPg0KICAgICAgICAgIDxSdWxlUGFyYW1ldGVycz4NCiAgICAgICAgICAgIDxSdWxlUGFyYW1ldGVyIE5hbWU9IlJlcXVpcmVkIiBWYWx1ZT0iVHJ1ZSIgLz4NCiAgICAgICAgICAgIDxSdWxlUGFyYW1ldGVyIE5hbWU9Ikh0bWxEZWNvZGUiIFZhbHVlPSJUcnVlIiAvPg0KICAgICAgICAgIDwvUnVsZVBhcmFtZXRlcnM+DQogICAgICAgIDwvRXh0cmFjdGlvblJ1bGU+DQogICAgICA8L0V4dHJhY3Rpb25SdWxlcz4NCiAgICAgIDxDb3JyZWxhdGlvbkV4dHJhY3Rpb25SdWxlcz4NCiAgICAgICAgPEV4dHJhY3Rpb25SdWxlIENsYXNzbmFtZT0iTWljcm9zb2Z0LlZpc3VhbFN0dWRpby5UZXN0VG9vbHMuV2ViVGVzdGluZy5SdWxlcy5FeHRyYWN0Rm9ybUZpZWxkLCBNaWNyb3NvZnQuVmlzdWFsU3R1ZGlvLlF1YWxpdHlUb29scy5XZWJUZXN0RnJhbWV3b3JrLCBWZXJzaW9uPTEwLjAuMC4wLCBDdWx0dXJlPW5ldXRyYWwsIFB1YmxpY0tleVRva2VuPWIwM2Y1ZjdmMTFkNTBhM2EiIFZhcmlhYmxlTmFtZT0iRm9ybVBvc3RQYXJhbTE4LmN0bDAwJE1haW5Db250ZW50JGJ0bkxvZ2luIiBEaXNwbGF5TmFtZT0iIiBEZXNjcmlwdGlvbj0iIj4NCiAgICAgICAgICA8UnVsZVBhcmFtZXRlcnM+DQogICAgICAgICAgICA8UnVsZVBhcmFtZXRlciBOYW1lPSJOYW1lIiBWYWx1ZT0iTWFpbkNvbnRlbnRfYnRuTG9naW4iIC8+DQogICAgICAgICAgICA8UnVsZVBhcmFtZXRlciBOYW1lPSJIdG1sRGVjb2RlIiBWYWx1ZT0iVHJ1ZSIgLz4NCiAgICAgICAgICAgIDxSdWxlUGFyYW1ldGVyIE5hbWU9IlJlcXVpcmVkIiBWYWx1ZT0iRmFsc2UiIC8+DQogICAgICAgICAgICA8UnVsZVBhcmFtZXRlciBOYW1lPSJJbmRleCIgVmFsdWU9IjAiIC8+DQogICAgICAgICAgPC9SdWxlUGFyYW1ldGVycz4NCiAgICAgICAgPC9FeHRyYWN0aW9uUnVsZT4NCiAgICAgICAgPEV4dHJhY3Rpb25SdWxlIENsYXNzbmFtZT0iTWljcm9zb2Z0LlZpc3VhbFN0dWRpby5UZXN0VG9vbHMuV2ViVGVzdGluZy5SdWxlcy5FeHRyYWN0VGV4dCwgTWljcm9zb2Z0LlZpc3VhbFN0dWRpby5RdWFsaXR5VG9vbHMuV2ViVGVzdEZyYW1ld29yaywgVmVyc2lvbj0xMC4wLjAuMCwgQ3VsdHVyZT1uZXV0cmFsLCBQdWJsaWNLZXlUb2tlbj1iMDNmNWY3ZjExZDUwYTNhIiBWYXJpYWJsZU5hbWU9IkZvcm1Qb3N0UGFyYW0xOS5jdGwwMCRNYWluQ29udGVudCRkZGxDb3VudHJ5IiBEaXNwbGF5TmFtZT0iIiBEZXNjcmlwdGlvbj0iIj4NCiAgICAgICAgICA8UnVsZVBhcmFtZXRlcnM+DQogICAgICAgICAgICA8UnVsZVBhcmFtZXRlciBOYW1lPSJTdGFydHNXaXRoIiBWYWx1ZT0ibHVlPSZxdW90OyIgLz4NCiAgICAgICAgICAgIDxSdWxlUGFyYW1ldGVyIE5hbWU9IkVuZHNXaXRoIiBWYWx1ZT0iJnF1b3Q7Jmd0O0NhbiIgLz4NCiAgICAgICAgICAgIDxSdWxlUGFyYW1ldGVyIE5hbWU9IkluZGV4IiBWYWx1ZT0iMyIgLz4NCiAgICAgICAgICAgIDxSdWxlUGFyYW1ldGVyIE5hbWU9Iklnbm9yZUNhc2UiIFZhbHVlPSJGYWxzZSIgLz4NCiAgICAgICAgICAgIDxSdWxlUGFyYW1ldGVyIE5hbWU9IlVzZVJlZ3VsYXJFeHByZXNzaW9uIiBWYWx1ZT0iRmFsc2UiIC8+DQogICAgICAgICAgICA8UnVsZVBhcmFtZXRlciBOYW1lPSJIdG1sRGVjb2RlIiBWYWx1ZT0iVHJ1ZSIgLz4NCiAgICAgICAgICAgIDxSdWxlUGFyYW1ldGVyIE5hbWU9IlJlcXVpcmVkIiBWYWx1ZT0iRmFsc2UiIC8+DQogICAgICAgICAgPC9SdWxlUGFyYW1ldGVycz4NCiAgICAgICAgPC9FeHRyYWN0aW9uUnVsZT4NCiAgICAgIDwvQ29ycmVsYXRpb25FeHRyYWN0aW9uUnVsZXM+DQogICAgPC9SZXF1ZXN0Pg0KICAgIDxSZXF1ZXN0IE1ldGhvZD0iUE9TVCIgR3VpZD0iYWUwOTJhYjQtNWEyZi00MGU3LTgwNTEtMDZlMWVhNDdkZmU4IiBWZXJzaW9uPSIxLjEiIFVybD0iaHR0cDovLzE3Mi4yOS45LjEyMS8iIFRoaW5rVGltZT0iNCIgVGltZW91dD0iMzAwIiBQYXJzZURlcGVuZGVudFJlcXVlc3RzPSJUcnVlIiBGb2xsb3dSZWRpcmVjdHM9IlRydWUiIFJlY29yZFJlc3VsdD0iVHJ1ZSIgQ2FjaGU9IkZhbHNlIiBSZXNwb25zZVRpbWVHb2FsPSIwIiBFbmNvZGluZz0idXRmLTgiIEV4cGVjdGVkSHR0cFN0YXR1c0NvZGU9IjAiIEV4cGVjdGVkUmVzcG9uc2VVcmw9Imh0dHA6Ly8xNzIuMjkuOS4xMjEvU2VhcmNoQ3JpdGVyaWEuYXNweCIgUmVwb3J0aW5nTmFtZT0iIiBJZ25vcmVIdHRwU3RhdHVzQ29kZT0iRmFsc2UiPg0KICAgICAgPEhlYWRlcnM+DQogICAgICAgIDxIZWFkZXIgTmFtZT0iUmVmZXJlciIgVmFsdWU9Imh0dHA6Ly8xNzIuMjkuOS4xMjEvIiAvPg0KICAgICAgPC9IZWFkZXJzPg0KICAgICAgPEV4dHJhY3Rpb25SdWxlcz4NCiAgICAgICAgPEV4dHJhY3Rpb25SdWxlIENsYXNzbmFtZT0iTWljcm9zb2Z0LlZpc3VhbFN0dWRpby5UZXN0VG9vbHMuV2ViVGVzdGluZy5SdWxlcy5FeHRyYWN0SGlkZGVuRmllbGRzLCBNaWNyb3NvZnQuVmlzdWFsU3R1ZGlvLlF1YWxpdHlUb29scy5XZWJUZXN0RnJhbWV3b3JrLCBWZXJzaW9uPTEwLjAuMC4wLCBDdWx0dXJlPW5ldXRyYWwsIFB1YmxpY0tleVRva2VuPWIwM2Y1ZjdmMTFkNTBhM2EiIFZhcmlhYmxlTmFtZT0iMSIgRGlzcGxheU5hbWU9IkV4dHJhY3QgSGlkZGVuIEZpZWxkcyIgRGVzY3JpcHRpb249IkV4dHJhY3QgYWxsIGhpZGRlbiBmaWVsZHMgZnJvbSB0aGUgcmVzcG9uc2UgYW5kIHBsYWNlIHRoZW0gaW50byB0aGUgdGVzdCBjb250ZXh0LiI+DQogICAgICAgICAgPFJ1bGVQYXJhbWV0ZXJzPg0KICAgICAgICAgICAgPFJ1bGVQYXJhbWV0ZXIgTmFtZT0iUmVxdWlyZWQiIFZhbHVlPSJUcnVlIiAvPg0KICAgICAgICAgICAgPFJ1bGVQYXJhbWV0ZXIgTmFtZT0iSHRtbERlY29kZSIgVmFsdWU9IlRydWUiIC8+DQogICAgICAgICAgPC9SdWxlUGFyYW1ldGVycz4NCiAgICAgICAgPC9FeHRyYWN0aW9uUnVsZT4NCiAgICAgIDwvRXh0cmFjdGlvblJ1bGVzPg0KICAgICAgPENvcnJlbGF0aW9uRXh0cmFjdGlvblJ1bGVzPg0KICAgICAgICA8RXh0cmFjdGlvblJ1bGUgQ2xhc3NuYW1lPSJNaWNyb3NvZnQuVmlzdWFsU3R1ZGlvLlRlc3RUb29scy5XZWJUZXN0aW5nLlJ1bGVzLkV4dHJhY3RGb3JtRmllbGQsIE1pY3Jvc29mdC5WaXN1YWxTdHVkaW8uUXVhbGl0eVRvb2xzLldlYlRlc3RGcmFtZXdvcmssIFZlcnNpb249MTAuMC4wLjAsIEN1bHR1cmU9bmV1dHJhbCwgUHVibGljS2V5VG9rZW49YjAzZjVmN2YxMWQ1MGEzYSIgVmFyaWFibGVOYW1lPSJGb3JtUG9zdFBhcmFtMy5jdGwwMCRNYWluQ29udGVudCRidG5TZWFyY2giIERpc3BsYXlOYW1lPSIiIERlc2NyaXB0aW9uPSIiPg0KICAgICAgICAgIDxSdWxlUGFyYW1ldGVycz4NCiAgICAgICAgICAgIDxSdWxlUGFyYW1ldGVyIE5hbWU9Ik5hbWUiIFZhbHVlPSJidG5TZWFyY2giIC8+DQogICAgICAgICAgICA8UnVsZVBhcmFtZXRlciBOYW1lPSJIdG1sRGVjb2RlIiBWYWx1ZT0iVHJ1ZSIgLz4NCiAgICAgICAgICAgIDxSdWxlUGFyYW1ldGVyIE5hbWU9IlJlcXVpcmVkIiBWYWx1ZT0iRmFsc2UiIC8+DQogICAgICAgICAgICA8UnVsZVBhcmFtZXRlciBOYW1lPSJJbmRleCIgVmFsdWU9IjAiIC8+DQogICAgICAgICAgPC9SdWxlUGFyYW1ldGVycz4NCiAgICAgICAgPC9FeHRyYWN0aW9uUnVsZT4NCiAgICAgICAgPEV4dHJhY3Rpb25SdWxlIENsYXNzbmFtZT0iTWljcm9zb2Z0LlZpc3VhbFN0dWRpby5UZXN0VG9vbHMuV2ViVGVzdGluZy5SdWxlcy5FeHRyYWN0VGV4dCwgTWljcm9zb2Z0LlZpc3VhbFN0dWRpby5RdWFsaXR5VG9vbHMuV2ViVGVzdEZyYW1ld29yaywgVmVyc2lvbj0xMC4wLjAuMCwgQ3VsdHVyZT1uZXV0cmFsLCBQdWJsaWNLZXlUb2tlbj1iMDNmNWY3ZjExZDUwYTNhIiBWYXJpYWJsZU5hbWU9IkZvcm1Qb3N0UGFyYW00LmN0bDAwJE1haW5Db250ZW50JGRkbGJDYXRlZ29yeSIgRGlzcGxheU5hbWU9IiIgRGVzY3JpcHRpb249IiI+DQogICAgICAgICAgPFJ1bGVQYXJhbWV0ZXJzPg0KICAgICAgICAgICAgPFJ1bGVQYXJhbWV0ZXIgTmFtZT0iU3RhcnRzV2l0aCIgVmFsdWU9ImdodD0mcXVvdDsiIC8+DQogICAgICAgICAgICA8UnVsZVBhcmFtZXRlciBOYW1lPSJFbmRzV2l0aCIgVmFsdWU9IiZxdW90OyZndDsmbHQ7L3QiIC8+DQogICAgICAgICAgICA8UnVsZVBhcmFtZXRlciBOYW1lPSJJbmRleCIgVmFsdWU9IjAiIC8+DQogICAgICAgICAgICA8UnVsZVBhcmFtZXRlciBOYW1lPSJJZ25vcmVDYXNlIiBWYWx1ZT0iRmFsc2UiIC8+DQogICAgICAgICAgICA8UnVsZVBhcmFtZXRlciBOYW1lPSJVc2VSZWd1bGFyRXhwcmVzc2lvbiIgVmFsdWU9IkZhbHNlIiAvPg0KICAgICAgICAgICAgPFJ1bGVQYXJhbWV0ZXIgTmFtZT0iSHRtbERlY29kZSIgVmFsdWU9IlRydWUiIC8+DQogICAgICAgICAgICA8UnVsZVBhcmFtZXRlciBOYW1lPSJSZXF1aXJlZCIgVmFsdWU9IkZhbHNlIiAvPg0KICAgICAgICAgIDwvUnVsZVBhcmFtZXRlcnM+DQogICAgICAgIDwvRXh0cmFjdGlvblJ1bGU+DQogICAgICAgIDxFeHRyYWN0aW9uUnVsZSBDbGFzc25hbWU9Ik1pY3Jvc29mdC5WaXN1YWxTdHVkaW8uVGVzdFRvb2xzLldlYlRlc3RpbmcuUnVsZXMuRXh0cmFjdFRleHQsIE1pY3Jvc29mdC5WaXN1YWxTdHVkaW8uUXVhbGl0eVRvb2xzLldlYlRlc3RGcmFtZXdvcmssIFZlcnNpb249MTAuMC4wLjAsIEN1bHR1cmU9bmV1dHJhbCwgUHVibGljS2V5VG9rZW49YjAzZjVmN2YxMWQ1MGEzYSIgVmFyaWFibGVOYW1lPSJGb3JtUG9zdFBhcmFtNS5jdGwwMCRNYWluQ29udGVudCRkZGxiRG9jVHlwZXMiIERpc3BsYXlOYW1lPSIiIERlc2NyaXB0aW9uPSIiPg0KICAgICAgICAgIDxSdWxlUGFyYW1ldGVycz4NCiAgICAgICAgICAgIDxSdWxlUGFyYW1ldGVyIE5hbWU9IlN0YXJ0c1dpdGgiIFZhbHVlPSJsdWU9JnF1b3Q7IiAvPg0KICAgICAgICAgICAgPFJ1bGVQYXJhbWV0ZXIgTmFtZT0iRW5kc1dpdGgiIFZhbHVlPSImcXVvdDsmZ3Q7QUxMIiAvPg0KICAgICAgICAgICAgPFJ1bGVQYXJhbWV0ZXIgTmFtZT0iSW5kZXgiIFZhbHVlPSIxMCIgLz4NCiAgICAgICAgICAgIDxSdWxlUGFyYW1ldGVyIE5hbWU9Iklnbm9yZUNhc2UiIFZhbHVlPSJGYWxzZSIgLz4NCiAgICAgICAgICAgIDxSdWxlUGFyYW1ldGVyIE5hbWU9IlVzZVJlZ3VsYXJFeHByZXNzaW9uIiBWYWx1ZT0iRmFsc2UiIC8+DQogICAgICAgICAgICA8UnVsZVBhcmFtZXRlciBOYW1lPSJIdG1sRGVjb2RlIiBWYWx1ZT0iVHJ1ZSIgLz4NCiAgICAgICAgICAgIDxSdWxlUGFyYW1ldGVyIE5hbWU9IlJlcXVpcmVkIiBWYWx1ZT0iRmFsc2UiIC8+DQogICAgICAgICAgPC9SdWxlUGFyYW1ldGVycz4NCiAgICAgICAgPC9FeHRyYWN0aW9uUnVsZT4NCiAgICAgICAgPEV4dHJhY3Rpb25SdWxlIENsYXNzbmFtZT0iTWljcm9zb2Z0LlZpc3VhbFN0dWRpby5UZXN0VG9vbHMuV2ViVGVzdGluZy5SdWxlcy5FeHRyYWN0VGV4dCwgTWljcm9zb2Z0LlZpc3VhbFN0dWRpby5RdWFsaXR5VG9vbHMuV2ViVGVzdEZyYW1ld29yaywgVmVyc2lvbj0xMC4wLjAuMCwgQ3VsdHVyZT1uZXV0cmFsLCBQdWJsaWNLZXlUb2tlbj1iMDNmNWY3ZjExZDUwYTNhIiBWYXJpYWJsZU5hbWU9IkZvcm1Qb3N0UGFyYW02LmN0bDAwJE1haW5Db250ZW50JGRkbGJFbGVtZW50TmFtZTEiIERpc3BsYXlOYW1lPSIiIERlc2NyaXB0aW9uPSIiPg0KICAgICAgICAgIDxSdWxlUGFyYW1ldGVycz4NCiAgICAgICAgICAgIDxSdWxlUGFyYW1ldGVyIE5hbWU9IlN0YXJ0c1dpdGgiIFZhbHVlPSJwYW49JnF1b3Q7IiAvPg0KICAgICAgICAgICAgPFJ1bGVQYXJhbWV0ZXIgTmFtZT0iRW5kc1dpdGgiIFZhbHVlPSImcXVvdDsmZ3Q7JiN4RDsmI3hBOyAiIC8+DQogICAgICAgICAgICA8UnVsZVBhcmFtZXRlciBOYW1lPSJJbmRleCIgVmFsdWU9IjAiIC8+DQogICAgICAgICAgICA8UnVsZVBhcmFtZXRlciBOYW1lPSJJZ25vcmVDYXNlIiBWYWx1ZT0iRmFsc2UiIC8+DQogICAgICAgICAgICA8UnVsZVBhcmFtZXRlciBOYW1lPSJVc2VSZWd1bGFyRXhwcmVzc2lvbiIgVmFsdWU9IkZhbHNlIiAvPg0KICAgICAgICAgICAgPFJ1bGVQYXJhbWV0ZXIgTmFtZT0iSHRtbERlY29kZSIgVmFsdWU9IlRydWUiIC8+DQogICAgICAgICAgICA8UnVsZVBhcmFtZXRlciBOYW1lPSJSZXF1aXJlZCIgVmFsdWU9IkZhbHNlIiAvPg0KICAgICAgICAgIDwvUnVsZVBhcmFtZXRlcnM+DQogICAgICAgIDwvRXh0cmFjdGlvblJ1bGU+DQogICAgICAgIDxFeHRyYWN0aW9uUnVsZSBDbGFzc25hbWU9Ik1pY3Jvc29mdC5WaXN1YWxTdHVkaW8uVGVzdFRvb2xzLldlYlRlc3RpbmcuUnVsZXMuRXh0cmFjdFRleHQsIE1pY3Jvc29mdC5WaXN1YWxTdHVkaW8uUXVhbGl0eVRvb2xzLldlYlRlc3RGcmFtZXdvcmssIFZlcnNpb249MTAuMC4wLjAsIEN1bHR1cmU9bmV1dHJhbCwgUHVibGljS2V5VG9rZW49YjAzZjVmN2YxMWQ1MGEzYSIgVmFyaWFibGVOYW1lPSJGb3JtUG9zdFBhcmFtNy5jdGwwMCRNYWluQ29udGVudCRkZGxiQm9vbDEiIERpc3BsYXlOYW1lPSIiIERlc2NyaXB0aW9uPSIiPg0KICAgICAgICAgIDxSdWxlUGFyYW1ldGVycz4NCiAgICAgICAgICAgIDxSdWxlUGFyYW1ldGVyIE5hbWU9IlN0YXJ0c1dpdGgiIFZhbHVlPSJsdWU9JnF1b3Q7IiAvPg0KICAgICAgICAgICAgPFJ1bGVQYXJhbWV0ZXIgTmFtZT0iRW5kc1dpdGgiIFZhbHVlPSImcXVvdDsmZ3Q7PSZsdDsvIiAvPg0KICAgICAgICAgICAgPFJ1bGVQYXJhbWV0ZXIgTmFtZT0iSW5kZXgiIFZhbHVlPSIxMDgiIC8+DQogICAgICAgICAgICA8UnVsZVBhcmFtZXRlciBOYW1lPSJJZ25vcmVDYXNlIiBWYWx1ZT0iRmFsc2UiIC8+DQogICAgICAgICAgICA8UnVsZVBhcmFtZXRlciBOYW1lPSJVc2VSZWd1bGFyRXhwcmVzc2lvbiIgVmFsdWU9IkZhbHNlIiAvPg0KICAgICAgICAgICAgPFJ1bGVQYXJhbWV0ZXIgTmFtZT0iSHRtbERlY29kZSIgVmFsdWU9IlRydWUiIC8+DQogICAgICAgICAgICA8UnVsZVBhcmFtZXRlciBOYW1lPSJSZXF1aXJlZCIgVmFsdWU9IkZhbHNlIiAvPg0KICAgICAgICAgIDwvUnVsZVBhcmFtZXRlcnM+DQogICAgICAgIDwvRXh0cmFjdGlvblJ1bGU+DQogICAgICAgIDxFeHRyYWN0aW9uUnVsZSBDbGFzc25hbWU9Ik1pY3Jvc29mdC5WaXN1YWxTdHVkaW8uVGVzdFRvb2xzLldlYlRlc3RpbmcuUnVsZXMuRXh0cmFjdFRleHQsIE1pY3Jvc29mdC5WaXN1YWxTdHVkaW8uUXVhbGl0eVRvb2xzLldlYlRlc3RGcmFtZXdvcmssIFZlcnNpb249MTAuMC4wLjAsIEN1bHR1cmU9bmV1dHJhbCwgUHVibGljS2V5VG9rZW49YjAzZjVmN2YxMWQ1MGEzYSIgVmFyaWFibGVOYW1lPSJGb3JtUG9zdFBhcmFtOC5jdGwwMCRNYWluQ29udGVudCRkZGxiRWxlbWVudE5hbWUyIiBEaXNwbGF5TmFtZT0iIiBEZXNjcmlwdGlvbj0iIj4NCiAgICAgICAgICA8UnVsZVBhcmFtZXRlcnM+DQogICAgICAgICAgICA8UnVsZVBhcmFtZXRlciBOYW1lPSJTdGFydHNXaXRoIiBWYWx1ZT0ibHVlPSZxdW90OyIgLz4NCiAgICAgICAgICAgIDxSdWxlUGFyYW1ldGVyIE5hbWU9IkVuZHNXaXRoIiBWYWx1ZT0iJnF1b3Q7Jmd0O0N1cyIgLz4NCiAgICAgICAgICAgIDxSdWxlUGFyYW1ldGVyIE5hbWU9IkluZGV4IiBWYWx1ZT0iODMiIC8+DQogICAgICAgICAgICA8UnVsZVBhcmFtZXRlciBOYW1lPSJJZ25vcmVDYXNlIiBWYWx1ZT0iRmFsc2UiIC8+DQogICAgICAgICAgICA8UnVsZVBhcmFtZXRlciBOYW1lPSJVc2VSZWd1bGFyRXhwcmVzc2lvbiIgVmFsdWU9IkZhbHNlIiAvPg0KICAgICAgICAgICAgPFJ1bGVQYXJhbWV0ZXIgTmFtZT0iSHRtbERlY29kZSIgVmFsdWU9IlRydWUiIC8+DQogICAgICAgICAgICA8UnVsZVBhcmFtZXRlciBOYW1lPSJSZXF1aXJlZCIgVmFsdWU9IkZhbHNlIiAvPg0KICAgICAgICAgIDwvUnVsZVBhcmFtZXRlcnM+DQogICAgICAgIDwvRXh0cmFjdGlvblJ1bGU+DQogICAgICAgIDxFeHRyYWN0aW9uUnVsZSBDbGFzc25hbWU9Ik1pY3Jvc29mdC5WaXN1YWxTdHVkaW8uVGVzdFRvb2xzLldlYlRlc3RpbmcuUnVsZXMuRXh0cmFjdFRleHQsIE1pY3Jvc29mdC5WaXN1YWxTdHVkaW8uUXVhbGl0eVRvb2xzLldlYlRlc3RGcmFtZXdvcmssIFZlcnNpb249MTAuMC4wLjAsIEN1bHR1cmU9bmV1dHJhbCwgUHVibGljS2V5VG9rZW49YjAzZjVmN2YxMWQ1MGEzYSIgVmFyaWFibGVOYW1lPSJGb3JtUG9zdFBhcmFtOS5jdGwwMCRNYWluQ29udGVudCRkZGxiQm9vbDIiIERpc3BsYXlOYW1lPSIiIERlc2NyaXB0aW9uPSIiPg0KICAgICAgICAgIDxSdWxlUGFyYW1ldGVycz4NCiAgICAgICAgICAgIDxSdWxlUGFyYW1ldGVyIE5hbWU9IlN0YXJ0c1dpdGgiIFZhbHVlPSJsdWU9JnF1b3Q7IiAvPg0KICAgICAgICAgICAgPFJ1bGVQYXJhbWV0ZXIgTmFtZT0iRW5kc1dpdGgiIFZhbHVlPSImcXVvdDsmZ3Q7PSZsdDsvIiAvPg0KICAgICAgICAgICAgPFJ1bGVQYXJhbWV0ZXIgTmFtZT0iSW5kZXgiIFZhbHVlPSIxMDgiIC8+DQogICAgICAgICAgICA8UnVsZVBhcmFtZXRlciBOYW1lPSJJZ25vcmVDYXNlIiBWYWx1ZT0iRmFsc2UiIC8+DQogICAgICAgICAgICA8UnVsZVBhcmFtZXRlciBOYW1lPSJVc2VSZWd1bGFyRXhwcmVzc2lvbiIgVmFsdWU9IkZhbHNlIiAvPg0KICAgICAgICAgICAgPFJ1bGVQYXJhbWV0ZXIgTmFtZT0iSHRtbERlY29kZSIgVmFsdWU9IlRydWUiIC8+DQogICAgICAgICAgICA8UnVsZVBhcmFtZXRlciBOYW1lPSJSZXF1aXJlZCIgVmFsdWU9IkZhbHNlIiAvPg0KICAgICAgICAgIDwvUnVsZVBhcmFtZXRlcnM+DQogICAgICAgIDwvRXh0cmFjdGlvblJ1bGU+DQogICAgICAgIDxFeHRyYWN0aW9uUnVsZSBDbGFzc25hbWU9Ik1pY3Jvc29mdC5WaXN1YWxTdHVkaW8uVGVzdFRvb2xzLldlYlRlc3RpbmcuUnVsZXMuRXh0cmFjdFRleHQsIE1pY3Jvc29mdC5WaXN1YWxTdHVkaW8uUXVhbGl0eVRvb2xzLldlYlRlc3RGcmFtZXdvcmssIFZlcnNpb249MTAuMC4wLjAsIEN1bHR1cmU9bmV1dHJhbCwgUHVibGljS2V5VG9rZW49YjAzZjVmN2YxMWQ1MGEzYSIgVmFyaWFibGVOYW1lPSJGb3JtUG9zdFBhcmFtMTAuY3RsMDAkTWFpbkNvbnRlbnQkZGRsYkVsZW1lbnROYW1lMyIgRGlzcGxheU5hbWU9IiIgRGVzY3JpcHRpb249IiI+DQogICAgICAgICAgPFJ1bGVQYXJhbWV0ZXJzPg0KICAgICAgICAgICAgPFJ1bGVQYXJhbWV0ZXIgTmFtZT0iU3RhcnRzV2l0aCIgVmFsdWU9Imx1ZT0mcXVvdDsiIC8+DQogICAgICAgICAgICA8UnVsZVBhcmFtZXRlciBOYW1lPSJFbmRzV2l0aCIgVmFsdWU9IiZxdW90OyZndDtTZXIiIC8+DQogICAgICAgICAgICA8UnVsZVBhcmFtZXRlciBOYW1lPSJJbmRleCIgVmFsdWU9IjEwMCIgLz4NCiAgICAgICAgICAgIDxSdWxlUGFyYW1ldGVyIE5hbWU9Iklnbm9yZUNhc2UiIFZhbHVlPSJGYWxzZSIgLz4NCiAgICAgICAgICAgIDxSdWxlUGFyYW1ldGVyIE5hbWU9IlVzZVJlZ3VsYXJFeHByZXNzaW9uIiBWYWx1ZT0iRmFsc2UiIC8+DQogICAgICAgICAgICA8UnVsZVBhcmFtZXRlciBOYW1lPSJIdG1sRGVjb2RlIiBWYWx1ZT0iVHJ1ZSIgLz4NCiAgICAgICAgICAgIDxSdWxlUGFyYW1ldGVyIE5hbWU9IlJlcXVpcmVkIiBWYWx1ZT0iRmFsc2UiIC8+DQogICAgICAgICAgPC9SdWxlUGFyYW1ldGVycz4NCiAgICAgICAgPC9FeHRyYWN0aW9uUnVsZT4NCiAgICAgICAgPEV4dHJhY3Rpb25SdWxlIENsYXNzbmFtZT0iTWljcm9zb2Z0LlZpc3VhbFN0dWRpby5UZXN0VG9vbHMuV2ViVGVzdGluZy5SdWxlcy5FeHRyYWN0VGV4dCwgTWljcm9zb2Z0LlZpc3VhbFN0dWRpby5RdWFsaXR5VG9vbHMuV2ViVGVzdEZyYW1ld29yaywgVmVyc2lvbj0xMC4wLjAuMCwgQ3VsdHVyZT1uZXV0cmFsLCBQdWJsaWNLZXlUb2tlbj1iMDNmNWY3ZjExZDUwYTNhIiBWYXJpYWJsZU5hbWU9IkZvcm1Qb3N0UGFyYW0xMS5jdGwwMCRNYWluQ29udGVudCRkZGxiQm9vbDMiIERpc3BsYXlOYW1lPSIiIERlc2NyaXB0aW9uPSIiPg0KICAgICAgICAgIDxSdWxlUGFyYW1ldGVycz4NCiAgICAgICAgICAgIDxSdWxlUGFyYW1ldGVyIE5hbWU9IlN0YXJ0c1dpdGgiIFZhbHVlPSJsdWU9JnF1b3Q7IiAvPg0KICAgICAgICAgICAgPFJ1bGVQYXJhbWV0ZXIgTmFtZT0iRW5kc1dpdGgiIFZhbHVlPSImcXVvdDsmZ3Q7PSZsdDsvIiAvPg0KICAgICAgICAgICAgPFJ1bGVQYXJhbWV0ZXIgTmFtZT0iSW5kZXgiIFZhbHVlPSIxMDgiIC8+DQogICAgICAgICAgICA8UnVsZVBhcmFtZXRlciBOYW1lPSJJZ25vcmVDYXNlIiBWYWx1ZT0iRmFsc2UiIC8+DQogICAgICAgICAgICA8UnVsZVBhcmFtZXRlciBOYW1lPSJVc2VSZWd1bGFyRXhwcmVzc2lvbiIgVmFsdWU9IkZhbHNlIiAvPg0KICAgICAgICAgICAgPFJ1bGVQYXJhbWV0ZXIgTmFtZT0iSHRtbERlY29kZSIgVmFsdWU9IlRydWUiIC8+DQogICAgICAgICAgICA8UnVsZVBhcmFtZXRlciBOYW1lPSJSZXF1aXJlZCIgVmFsdWU9IkZhbHNlIiAvPg0KICAgICAgICAgIDwvUnVsZVBhcmFtZXRlcnM+DQogICAgICAgIDwvRXh0cmFjdGlvblJ1bGU+DQogICAgICAgIDxFeHRyYWN0aW9uUnVsZSBDbGFzc25hbWU9Ik1pY3Jvc29mdC5WaXN1YWxTdHVkaW8uVGVzdFRvb2xzLldlYlRlc3RpbmcuUnVsZXMuRXh0cmFjdFRleHQsIE1pY3Jvc29mdC5WaXN1YWxTdHVkaW8uUXVhbGl0eVRvb2xzLldlYlRlc3RGcmFtZXdvcmssIFZlcnNpb249MTAuMC4wLjAsIEN1bHR1cmU9bmV1dHJhbCwgUHVibGljS2V5VG9rZW49YjAzZjVmN2YxMWQ1MGEzYSIgVmFyaWFibGVOYW1lPSJGb3JtUG9zdFBhcmFtMTIuY3RsMDAkTWFpbkNvbnRlbnQkZGRsYkVsZW1lbnROYW1lNCIgRGlzcGxheU5hbWU9IiIgRGVzY3JpcHRpb249IiI+DQogICAgICAgICAgPFJ1bGVQYXJhbWV0ZXJzPg0KICAgICAgICAgICAgPFJ1bGVQYXJhbWV0ZXIgTmFtZT0iU3RhcnRzV2l0aCIgVmFsdWU9ImRleD0mcXVvdDsiIC8+DQogICAgICAgICAgICA8UnVsZVBhcmFtZXRlciBOYW1lPSJFbmRzV2l0aCIgVmFsdWU9IiZxdW90OyBjbGEiIC8+DQogICAgICAgICAgICA8UnVsZVBhcmFtZXRlciBOYW1lPSJJbmRleCIgVmFsdWU9IjIiIC8+DQogICAgICAgICAgICA8UnVsZVBhcmFtZXRlciBOYW1lPSJJZ25vcmVDYXNlIiBWYWx1ZT0iRmFsc2UiIC8+DQogICAgICAgICAgICA8UnVsZVBhcmFtZXRlciBOYW1lPSJVc2VSZWd1bGFyRXhwcmVzc2lvbiIgVmFsdWU9IkZhbHNlIiAvPg0KICAgICAgICAgICAgPFJ1bGVQYXJhbWV0ZXIgTmFtZT0iSHRtbERlY29kZSIgVmFsdWU9IlRydWUiIC8+DQogICAgICAgICAgICA8UnVsZVBhcmFtZXRlciBOYW1lPSJSZXF1aXJlZCIgVmFsdWU9IkZhbHNlIiAvPg0KICAgICAgICAgIDwvUnVsZVBhcmFtZXRlcnM+DQogICAgICAgIDwvRXh0cmFjdGlvblJ1bGU+DQogICAgICAgIDxFeHRyYWN0aW9uUnVsZSBDbGFzc25hbWU9Ik1pY3Jvc29mdC5WaXN1YWxTdHVkaW8uVGVzdFRvb2xzLldlYlRlc3RpbmcuUnVsZXMuRXh0cmFjdFRleHQsIE1pY3Jvc29mdC5WaXN1YWxTdHVkaW8uUXVhbGl0eVRvb2xzLldlYlRlc3RGcmFtZXdvcmssIFZlcnNpb249MTAuMC4wLjAsIEN1bHR1cmU9bmV1dHJhbCwgUHVibGljS2V5VG9rZW49YjAzZjVmN2YxMWQ1MGEzYSIgVmFyaWFibGVOYW1lPSJGb3JtUG9zdFBhcmFtMTMuY3RsMDAkTWFpbkNvbnRlbnQkZGRsYkJvb2w0IiBEaXNwbGF5TmFtZT0iIiBEZXNjcmlwdGlvbj0iIj4NCiAgICAgICAgICA8UnVsZVBhcmFtZXRlcnM+DQogICAgICAgICAgICA8UnVsZVBhcmFtZXRlciBOYW1lPSJTdGFydHNXaXRoIiBWYWx1ZT0ibHVlPSZxdW90OyIgLz4NCiAgICAgICAgICAgIDxSdWxlUGFyYW1ldGVyIE5hbWU9IkVuZHNXaXRoIiBWYWx1ZT0iJnF1b3Q7Jmd0Oz0mbHQ7LyIgLz4NCiAgICAgICAgICAgIDxSdWxlUGFyYW1ldGVyIE5hbWU9IkluZGV4IiBWYWx1ZT0iMTA4IiAvPg0KICAgICAgICAgICAgPFJ1bGVQYXJhbWV0ZXIgTmFtZT0iSWdub3JlQ2FzZSIgVmFsdWU9IkZhbHNlIiAvPg0KICAgICAgICAgICAgPFJ1bGVQYXJhbWV0ZXIgTmFtZT0iVXNlUmVndWxhckV4cHJlc3Npb24iIFZhbHVlPSJGYWxzZSIgLz4NCiAgICAgICAgICAgIDxSdWxlUGFyYW1ldGVyIE5hbWU9Ikh0bWxEZWNvZGUiIFZhbHVlPSJUcnVlIiAvPg0KICAgICAgICAgICAgPFJ1bGVQYXJhbWV0ZXIgTmFtZT0iUmVxdWlyZWQiIFZhbHVlPSJGYWxzZSIgLz4NCiAgICAgICAgICA8L1J1bGVQYXJhbWV0ZXJzPg0KICAgICAgICA8L0V4dHJhY3Rpb25SdWxlPg0KICAgICAgICA8RXh0cmFjdGlvblJ1bGUgQ2xhc3NuYW1lPSJNaWNyb3NvZnQuVmlzdWFsU3R1ZGlvLlRlc3RUb29scy5XZWJUZXN0aW5nLlJ1bGVzLkV4dHJhY3RUZXh0LCBNaWNyb3NvZnQuVmlzdWFsU3R1ZGlvLlF1YWxpdHlUb29scy5XZWJUZXN0RnJhbWV3b3JrLCBWZXJzaW9uPTEwLjAuMC4wLCBDdWx0dXJlPW5ldXRyYWwsIFB1YmxpY0tleVRva2VuPWIwM2Y1ZjdmMTFkNTBhM2EiIFZhcmlhYmxlTmFtZT0iRm9ybVBvc3RQYXJhbTE0LmN0bDAwJE1haW5Db250ZW50JGRkbGJFbGVtZW50TmFtZTUiIERpc3BsYXlOYW1lPSIiIERlc2NyaXB0aW9uPSIiPg0KICAgICAgICAgIDxSdWxlUGFyYW1ldGVycz4NCiAgICAgICAgICAgIDxSdWxlUGFyYW1ldGVyIE5hbWU9IlN0YXJ0c1dpdGgiIFZhbHVlPSJsdWU9JnF1b3Q7IiAvPg0KICAgICAgICAgICAgPFJ1bGVQYXJhbWV0ZXIgTmFtZT0iRW5kc1dpdGgiIFZhbHVlPSImcXVvdDsmZ3Q7UGxhIiAvPg0KICAgICAgICAgICAgPFJ1bGVQYXJhbWV0ZXIgTmFtZT0iSW5kZXgiIFZhbHVlPSI5OSIgLz4NCiAgICAgICAgICAgIDxSdWxlUGFyYW1ldGVyIE5hbWU9Iklnbm9yZUNhc2UiIFZhbHVlPSJGYWxzZSIgLz4NCiAgICAgICAgICAgIDxSdWxlUGFyYW1ldGVyIE5hbWU9IlVzZVJlZ3VsYXJFeHByZXNzaW9uIiBWYWx1ZT0iRmFsc2UiIC8+DQogICAgICAgICAgICA8UnVsZVBhcmFtZXRlciBOYW1lPSJIdG1sRGVjb2RlIiBWYWx1ZT0iVHJ1ZSIgLz4NCiAgICAgICAgICAgIDxSdWxlUGFyYW1ldGVyIE5hbWU9IlJlcXVpcmVkIiBWYWx1ZT0iRmFsc2UiIC8+DQogICAgICAgICAgPC9SdWxlUGFyYW1ldGVycz4NCiAgICAgICAgPC9FeHRyYWN0aW9uUnVsZT4NCiAgICAgICAgPEV4dHJhY3Rpb25SdWxlIENsYXNzbmFtZT0iTWljcm9zb2Z0LlZpc3VhbFN0dWRpby5UZXN0VG9vbHMuV2ViVGVzdGluZy5SdWxlcy5FeHRyYWN0VGV4dCwgTWljcm9zb2Z0LlZpc3VhbFN0dWRpby5RdWFsaXR5VG9vbHMuV2ViVGVzdEZyYW1ld29yaywgVmVyc2lvbj0xMC4wLjAuMCwgQ3VsdHVyZT1uZXV0cmFsLCBQdWJsaWNLZXlUb2tlbj1iMDNmNWY3ZjExZDUwYTNhIiBWYXJpYWJsZU5hbWU9IkZvcm1Qb3N0UGFyYW0xNS5jdGwwMCRNYWluQ29udGVudCRkZGxiQm9vbDUiIERpc3BsYXlOYW1lPSIiIERlc2NyaXB0aW9uPSIiPg0KICAgICAgICAgIDxSdWxlUGFyYW1ldGVycz4NCiAgICAgICAgICAgIDxSdWxlUGFyYW1ldGVyIE5hbWU9IlN0YXJ0c1dpdGgiIFZhbHVlPSJsdWU9JnF1b3Q7IiAvPg0KICAgICAgICAgICAgPFJ1bGVQYXJhbWV0ZXIgTmFtZT0iRW5kc1dpdGgiIFZhbHVlPSImcXVvdDsmZ3Q7PSZsdDsvIiAvPg0KICAgICAgICAgICAgPFJ1bGVQYXJhbWV0ZXIgTmFtZT0iSW5kZXgiIFZhbHVlPSIxMDgiIC8+DQogICAgICAgICAgICA8UnVsZVBhcmFtZXRlciBOYW1lPSJJZ25vcmVDYXNlIiBWYWx1ZT0iRmFsc2UiIC8+DQogICAgICAgICAgICA8UnVsZVBhcmFtZXRlciBOYW1lPSJVc2VSZWd1bGFyRXhwcmVzc2lvbiIgVmFsdWU9IkZhbHNlIiAvPg0KICAgICAgICAgICAgPFJ1bGVQYXJhbWV0ZXIgTmFtZT0iSHRtbERlY29kZSIgVmFsdWU9IlRydWUiIC8+DQogICAgICAgICAgICA8UnVsZVBhcmFtZXRlciBOYW1lPSJSZXF1aXJlZCIgVmFsdWU9IkZhbHNlIiAvPg0KICAgICAgICAgIDwvUnVsZVBhcmFtZXRlcnM+DQogICAgICAgIDwvRXh0cmFjdGlvblJ1bGU+DQogICAgICAgIDxFeHRyYWN0aW9uUnVsZSBDbGFzc25hbWU9Ik1pY3Jvc29mdC5WaXN1YWxTdHVkaW8uVGVzdFRvb2xzLldlYlRlc3RpbmcuUnVsZXMuRXh0cmFjdFRleHQsIE1pY3Jvc29mdC5WaXN1YWxTdHVkaW8uUXVhbGl0eVRvb2xzLldlYlRlc3RGcmFtZXdvcmssIFZlcnNpb249MTAuMC4wLjAsIEN1bHR1cmU9bmV1dHJhbCwgUHVibGljS2V5VG9rZW49YjAzZjVmN2YxMWQ1MGEzYSIgVmFyaWFibGVOYW1lPSJGb3JtUG9zdFBhcmFtMTYuY3RsMDAkTWFpbkNvbnRlbnQkZGRsYkVsZW1lbnROYW1lNiIgRGlzcGxheU5hbWU9IiIgRGVzY3JpcHRpb249IiI+DQogICAgICAgICAgPFJ1bGVQYXJhbWV0ZXJzPg0KICAgICAgICAgICAgPFJ1bGVQYXJhbWV0ZXIgTmFtZT0iU3RhcnRzV2l0aCIgVmFsdWU9Imx1ZT0mcXVvdDsiIC8+DQogICAgICAgICAgICA8UnVsZVBhcmFtZXRlciBOYW1lPSJFbmRzV2l0aCIgVmFsdWU9IiZxdW90OyZndDtDcmUiIC8+DQogICAgICAgICAgICA8UnVsZVBhcmFtZXRlciBOYW1lPSJJbmRleCIgVmFsdWU9IjgwIiAvPg0KICAgICAgICAgICAgPFJ1bGVQYXJhbWV0ZXIgTmFtZT0iSWdub3JlQ2FzZSIgVmFsdWU9IkZhbHNlIiAvPg0KICAgICAgICAgICAgPFJ1bGVQYXJhbWV0ZXIgTmFtZT0iVXNlUmVndWxhckV4cHJlc3Npb24iIFZhbHVlPSJGYWxzZSIgLz4NCiAgICAgICAgICAgIDxSdWxlUGFyYW1ldGVyIE5hbWU9Ikh0bWxEZWNvZGUiIFZhbHVlPSJUcnVlIiAvPg0KICAgICAgICAgICAgPFJ1bGVQYXJhbWV0ZXIgTmFtZT0iUmVxdWlyZWQiIFZhbHVlPSJGYWxzZSIgLz4NCiAgICAgICAgICA8L1J1bGVQYXJhbWV0ZXJzPg0KICAgICAgICA8L0V4dHJhY3Rpb25SdWxlPg0KICAgICAgICA8RXh0cmFjdGlvblJ1bGUgQ2xhc3NuYW1lPSJNaWNyb3NvZnQuVmlzdWFsU3R1ZGlvLlRlc3RUb29scy5XZWJUZXN0aW5nLlJ1bGVzLkV4dHJhY3RUZXh0LCBNaWNyb3NvZnQuVmlzdWFsU3R1ZGlvLlF1YWxpdHlUb29scy5XZWJUZXN0RnJhbWV3b3JrLCBWZXJzaW9uPTEwLjAuMC4wLCBDdWx0dXJlPW5ldXRyYWwsIFB1YmxpY0tleVRva2VuPWIwM2Y1ZjdmMTFkNTBhM2EiIFZhcmlhYmxlTmFtZT0iRm9ybVBvc3RQYXJhbTE3LmN0bDAwJE1haW5Db250ZW50JGRkbGJCb29sNiIgRGlzcGxheU5hbWU9IiIgRGVzY3JpcHRpb249IiI+DQogICAgICAgICAgPFJ1bGVQYXJhbWV0ZXJzPg0KICAgICAgICAgICAgPFJ1bGVQYXJhbWV0ZXIgTmFtZT0iU3RhcnRzV2l0aCIgVmFsdWU9Imx1ZT0mcXVvdDsiIC8+DQogICAgICAgICAgICA8UnVsZVBhcmFtZXRlciBOYW1lPSJFbmRzV2l0aCIgVmFsdWU9IiZxdW90OyZndDs9Jmx0Oy8iIC8+DQogICAgICAgICAgICA8UnVsZVBhcmFtZXRlciBOYW1lPSJJbmRleCIgVmFsdWU9IjEwOCIgLz4NCiAgICAgICAgICAgIDxSdWxlUGFyYW1ldGVyIE5hbWU9Iklnbm9yZUNhc2UiIFZhbHVlPSJGYWxzZSIgLz4NCiAgICAgICAgICAgIDxSdWxlUGFyYW1ldGVyIE5hbWU9IlVzZVJlZ3VsYXJFeHByZXNzaW9uIiBWYWx1ZT0iRmFsc2UiIC8+DQogICAgICAgICAgICA8UnVsZVBhcmFtZXRlciBOYW1lPSJIdG1sRGVjb2RlIiBWYWx1ZT0iVHJ1ZSIgLz4NCiAgICAgICAgICAgIDxSdWxlUGFyYW1ldGVyIE5hbWU9IlJlcXVpcmVkIiBWYWx1ZT0iRmFsc2UiIC8+DQogICAgICAgICAgPC9SdWxlUGFyYW1ldGVycz4NCiAgICAgICAgPC9FeHRyYWN0aW9uUnVsZT4NCiAgICAgIDwvQ29ycmVsYXRpb25FeHRyYWN0aW9uUnVsZXM+DQogICAgICA8Rm9ybVBvc3RIdHRwQm9keT4NCiAgICAgICAgPEZvcm1Qb3N0UGFyYW1ldGVyIE5hbWU9Il9fVklFV1NUQVRFIiBWYWx1ZT0ie3skSElEREVOMS5fX1ZJRVdTVEFURX19IiBSZWNvcmRlZFZhbHVlPSIvd0VQRHdVS0xUZ3dPVFl6TkRBNE1nOWtGZ0ptRHc4V0JCNFBYMTlCYm5ScFdITnlabFJ2YTJWdUJTQTBOR0UwT1ROaFpHRTRaVFEwWlRsaFlUQTNPR0UyT1RCbU5HWXhaVGhsWWg0U1gxOUJiblJwV0hOeVpsVnpaWEpPWVcxbFpXUVdBZ0lERDJRV0JnSUJEdzhXQWg0SFZtbHphV0pzWldoa1pBSUNEeFlDSHdKb1pBSUREMlFXQWdJQ0R4QVBGZ1llRGtSaGRHRldZV3gxWlVacFpXeGtCUXREYjNWdWRISjVRMjlrWlI0TlJHRjBZVlJsZUhSR2FXVnNaQVVMUTI5MWJuUnllVTVoYldVZUMxOGhSR0YwWVVKdmRXNWtaMlFRRlFRR1EyRnVZV1JoRFVkeVpXRjBJRUp5YVhSaGFXNE5WVzVwZEdWa0lGTjBZWFJsY3d4VGIzVjBhQ0JCWm5KcFkyRVZCQUpEUVFKSFFnSlZVd0phUVJRckF3Um5aMmRuWkdSa2FBbDRhdWpueFh1MlJYYjJ6MHhaZ2hYNElHaE1DdmxuR3o0djlRczBnN1U9IiBDb3JyZWxhdGlvbkJpbmRpbmc9IiIgVXJsRW5jb2RlPSJUcnVlIiAvPg0KICAgICAgICA8Rm9ybVBvc3RQYXJhbWV0ZXIgTmFtZT0iX19WSUVXU1RBVEVHRU5FUkFUT1IiIFZhbHVlPSJ7eyRISURERU4xLl9fVklFV1NUQVRFR0VORVJBVE9SfX0iIFJlY29yZGVkVmFsdWU9IkMyRUU5QUJCIiBDb3JyZWxhdGlvbkJpbmRpbmc9IiIgVXJsRW5jb2RlPSJUcnVlIiAvPg0KICAgICAgICA8Rm9ybVBvc3RQYXJhbWV0ZXIgTmFtZT0iX19FVkVOVFZBTElEQVRJT04iIFZhbHVlPSJ7eyRISURERU4xLl9fRVZFTlRWQUxJREFUSU9OfX0iIFJlY29yZGVkVmFsdWU9Ii93RWRBQWhWMld3NFZlbnRBUXV1b1p1dEN5eUl6YktwR0VGWlpUVFFwRFJGNkc4OTljakRFWW5leWFJb2oxYkZDNHB1VEFsNWRLcVlrMTBUR0piSU1MUGU4WWs2R3dPck9xMHpNQVE5SENjOG43LzlOT3Rtc1hsdEkwR0hibm9kWmVQQ3c0bzVZZnZVVDB5bFgrQXVsN1J4MC9KcnFDR3JTbXB4enZyb1loZjBGS1F0dGJraFgrdjNOeENnQzVaRFpYdUh6anNyWnF0K1ZyTjNOUTA4Vk1KL21iOFIiIENvcnJlbGF0aW9uQmluZGluZz0iIiBVcmxFbmNvZGU9IlRydWUiIC8+DQogICAgICAgIDxGb3JtUG9zdFBhcmFtZXRlciBOYW1lPSJjdGwwMCRNYWluQ29udGVudCRlYlVzZXJJRCIgVmFsdWU9InNpcnJvb20iIFJlY29yZGVkVmFsdWU9InNpcnJvb20iIENvcnJlbGF0aW9uQmluZGluZz0iIiBVcmxFbmNvZGU9IlRydWUiIC8+DQogICAgICAgIDxGb3JtUG9zdFBhcmFtZXRlciBOYW1lPSJjdGwwMCRNYWluQ29udGVudCRlYlBhc3N3b3JkIiBWYWx1ZT0icHJpbXVzIiBSZWNvcmRlZFZhbHVlPSJwcmltdXMiIENvcnJlbGF0aW9uQmluZGluZz0iIiBVcmxFbmNvZGU9IlRydWUiIC8+DQogICAgICAgIDxGb3JtUG9zdFBhcmFtZXRlciBOYW1lPSJjdGwwMCRNYWluQ29udGVudCRkZGxDb3VudHJ5IiBWYWx1ZT0iQ0EiIFJlY29yZGVkVmFsdWU9IkNBIiBDb3JyZWxhdGlvbkJpbmRpbmc9Int7Rm9ybVBvc3RQYXJhbTE5LmN0bDAwJE1haW5Db250ZW50JGRkbENvdW50cnl9fSIgVXJsRW5jb2RlPSJUcnVlIiAvPg0KICAgICAgICA8Rm9ybVBvc3RQYXJhbWV0ZXIgTmFtZT0iY3RsMDAkTWFpbkNvbnRlbnQkYnRuTG9naW4iIFZhbHVlPSJMb2dpbiIgUmVjb3JkZWRWYWx1ZT0iTG9naW4iIENvcnJlbGF0aW9uQmluZGluZz0ie3tGb3JtUG9zdFBhcmFtMTguY3RsMDAkTWFpbkNvbnRlbnQkYnRuTG9naW59fSIgVXJsRW5jb2RlPSJUcnVlIiAvPg0KICAgICAgPC9Gb3JtUG9zdEh0dHBCb2R5Pg0KICAgIDwvUmVxdWVzdD4NCiAgICA8UmVxdWVzdCBNZXRob2Q9IlBPU1QiIEd1aWQ9IjQyODVkYjdiLWM0MWQtNDdiNC1hZGU5LTEzYTMzZmJmOTE1YSIgVmVyc2lvbj0iMS4xIiBVcmw9Imh0dHA6Ly8xNzIuMjkuOS4xMjEvU2VhcmNoQ3JpdGVyaWEuYXNweCIgVGhpbmtUaW1lPSIyIiBUaW1lb3V0PSIzMDAiIFBhcnNlRGVwZW5kZW50UmVxdWVzdHM9IlRydWUiIEZvbGxvd1JlZGlyZWN0cz0iVHJ1ZSIgUmVjb3JkUmVzdWx0PSJUcnVlIiBDYWNoZT0iRmFsc2UiIFJlc3BvbnNlVGltZUdvYWw9IjAiIEVuY29kaW5nPSJ1dGYtOCIgRXhwZWN0ZWRIdHRwU3RhdHVzQ29kZT0iMCIgRXhwZWN0ZWRSZXNwb25zZVVybD0iaHR0cDovLzE3Mi4yOS45LjEyMS9TZWFyY2hSZXN1bHRzLmFzcHg/Y2F0a2V5PTEmYW1wO3doZXJlY2xhdXNlPSgrKygrU2hpcG1lbnROYnIrJTNkKyUyN0EwMDAwMDAwMDAwJTI3KykrKykrQU5EK0NvdW50cnlDb2RlKyUzZCslMjdDQSUyNyZhbXA7YXV0b2ltYWdlPUZhbHNlJmFtcDtzZWFyY2hhcmNoaXZlPUZhbHNlJmFtcDtTaGlwbWVudE5icj1BMDAwMDAwMDAwMCIgUmVwb3J0aW5nTmFtZT0iIiBJZ25vcmVIdHRwU3RhdHVzQ29kZT0iRmFsc2UiPg0KICAgICAgPEhlYWRlcnM+DQogICAgICAgIDxIZWFkZXIgTmFtZT0iUmVmZXJlciIgVmFsdWU9Imh0dHA6Ly8xNzIuMjkuOS4xMjEvU2VhcmNoQ3JpdGVyaWEuYXNweCIgLz4NCiAgICAgIDwvSGVhZGVycz4NCiAgICAgIDxDb3JyZWxhdGlvbkV4dHJhY3Rpb25SdWxlcz4NCiAgICAgICAgPEV4dHJhY3Rpb25SdWxlIENsYXNzbmFtZT0iTWljcm9zb2Z0LlZpc3VhbFN0dWRpby5UZXN0VG9vbHMuV2ViVGVzdGluZy5SdWxlcy5FeHRyYWN0VGV4dCwgTWljcm9zb2Z0LlZpc3VhbFN0dWRpby5RdWFsaXR5VG9vbHMuV2ViVGVzdEZyYW1ld29yaywgVmVyc2lvbj0xMC4wLjAuMCwgQ3VsdHVyZT1uZXV0cmFsLCBQdWJsaWNLZXlUb2tlbj1iMDNmNWY3ZjExZDUwYTNhIiBWYXJpYWJsZU5hbWU9IlF1ZXJ5U3RyaW5nUGFyYW02LmNhdGtleSIgRGlzcGxheU5hbWU9IiIgRGVzY3JpcHRpb249IiI+DQogICAgICAgICAgPFJ1bGVQYXJhbWV0ZXJzPg0KICAgICAgICAgICAgPFJ1bGVQYXJhbWV0ZXIgTmFtZT0iU3RhcnRzV2l0aCIgVmFsdWU9Ij9jYXRrZXk9IiAvPg0KICAgICAgICAgICAgPFJ1bGVQYXJhbWV0ZXIgTmFtZT0iRW5kc1dpdGgiIFZhbHVlPSImYW1wOyIgLz4NCiAgICAgICAgICAgIDxSdWxlUGFyYW1ldGVyIE5hbWU9IkluZGV4IiBWYWx1ZT0iNyIgLz4NCiAgICAgICAgICAgIDxSdWxlUGFyYW1ldGVyIE5hbWU9Iklnbm9yZUNhc2UiIFZhbHVlPSJGYWxzZSIgLz4NCiAgICAgICAgICAgIDxSdWxlUGFyYW1ldGVyIE5hbWU9IlVzZVJlZ3VsYXJFeHByZXNzaW9uIiBWYWx1ZT0iRmFsc2UiIC8+DQogICAgICAgICAgICA8UnVsZVBhcmFtZXRlciBOYW1lPSJIdG1sRGVjb2RlIiBWYWx1ZT0iVHJ1ZSIgLz4NCiAgICAgICAgICAgIDxSdWxlUGFyYW1ldGVyIE5hbWU9IlJlcXVpcmVkIiBWYWx1ZT0iRmFsc2UiIC8+DQogICAgICAgICAgPC9SdWxlUGFyYW1ldGVycz4NCiAgICAgICAgPC9FeHRyYWN0aW9uUnVsZT4NCiAgICAgICAgPEV4dHJhY3Rpb25SdWxlIENsYXNzbmFtZT0iTWljcm9zb2Z0LlZpc3VhbFN0dWRpby5UZXN0VG9vbHMuV2ViVGVzdGluZy5SdWxlcy5FeHRyYWN0VGV4dCwgTWljcm9zb2Z0LlZpc3VhbFN0dWRpby5RdWFsaXR5VG9vbHMuV2ViVGVzdEZyYW1ld29yaywgVmVyc2lvbj0xMC4wLjAuMCwgQ3VsdHVyZT1uZXV0cmFsLCBQdWJsaWNLZXlUb2tlbj1iMDNmNWY3ZjExZDUwYTNhIiBWYXJpYWJsZU5hbWU9IlF1ZXJ5U3RyaW5nUGFyYW03LmRvY2tleSIgRGlzcGxheU5hbWU9IiIgRGVzY3JpcHRpb249IiI+DQogICAgICAgICAgPFJ1bGVQYXJhbWV0ZXJzPg0KICAgICAgICAgICAgPFJ1bGVQYXJhbWV0ZXIgTmFtZT0iU3RhcnRzV2l0aCIgVmFsdWU9IiZhbXA7YW1wO2RvY2tleT0iIC8+DQogICAgICAgICAgICA8UnVsZVBhcmFtZXRlciBOYW1lPSJFbmRzV2l0aCIgVmFsdWU9IiZhbXA7IiAvPg0KICAgICAgICAgICAgPFJ1bGVQYXJhbWV0ZXIgTmFtZT0iSW5kZXgiIFZhbHVlPSI2IiAvPg0KICAgICAgICAgICAgPFJ1bGVQYXJhbWV0ZXIgTmFtZT0iSWdub3JlQ2FzZSIgVmFsdWU9IkZhbHNlIiAvPg0KICAgICAgICAgICAgPFJ1bGVQYXJhbWV0ZXIgTmFtZT0iVXNlUmVndWxhckV4cHJlc3Npb24iIFZhbHVlPSJGYWxzZSIgLz4NCiAgICAgICAgICAgIDxSdWxlUGFyYW1ldGVyIE5hbWU9Ikh0bWxEZWNvZGUiIFZhbHVlPSJUcnVlIiAvPg0KICAgICAgICAgICAgPFJ1bGVQYXJhbWV0ZXIgTmFtZT0iUmVxdWlyZWQiIFZhbHVlPSJGYWxzZSIgLz4NCiAgICAgICAgICA8L1J1bGVQYXJhbWV0ZXJzPg0KICAgICAgICA8L0V4dHJhY3Rpb25SdWxlPg0KICAgICAgICA8RXh0cmFjdGlvblJ1bGUgQ2xhc3NuYW1lPSJNaWNyb3NvZnQuVmlzdWFsU3R1ZGlvLlRlc3RUb29scy5XZWJUZXN0aW5nLlJ1bGVzLkV4dHJhY3RUZXh0LCBNaWNyb3NvZnQuVmlzdWFsU3R1ZGlvLlF1YWxpdHlUb29scy5XZWJUZXN0RnJhbWV3b3JrLCBWZXJzaW9uPTEwLjAuMC4wLCBDdWx0dXJlPW5ldXRyYWwsIFB1YmxpY0tleVRva2VuPWIwM2Y1ZjdmMTFkNTBhM2EiIFZhcmlhYmxlTmFtZT0iUXVlcnlTdHJpbmdQYXJhbTgudHlwZWlkIiBEaXNwbGF5TmFtZT0iIiBEZXNjcmlwdGlvbj0iIj4NCiAgICAgICAgICA8UnVsZVBhcmFtZXRlcnM+DQogICAgICAgICAgICA8UnVsZVBhcmFtZXRlciBOYW1lPSJTdGFydHNXaXRoIiBWYWx1ZT0iJmFtcDthbXA7dHlwZWlkPSIgLz4NCiAgICAgICAgICAgIDxSdWxlUGFyYW1ldGVyIE5hbWU9IkVuZHNXaXRoIiBWYWx1ZT0iJmFtcDsiIC8+DQogICAgICAgICAgICA8UnVsZVBhcmFtZXRlciBOYW1lPSJJbmRleCIgVmFsdWU9IjYiIC8+DQogICAgICAgICAgICA8UnVsZVBhcmFtZXRlciBOYW1lPSJJZ25vcmVDYXNlIiBWYWx1ZT0iRmFsc2UiIC8+DQogICAgICAgICAgICA8UnVsZVBhcmFtZXRlciBOYW1lPSJVc2VSZWd1bGFyRXhwcmVzc2lvbiIgVmFsdWU9IkZhbHNlIiAvPg0KICAgICAgICAgICAgPFJ1bGVQYXJhbWV0ZXIgTmFtZT0iSHRtbERlY29kZSIgVmFsdWU9IlRydWUiIC8+DQogICAgICAgICAgICA8UnVsZVBhcmFtZXRlciBOYW1lPSJSZXF1aXJlZCIgVmFsdWU9IkZhbHNlIiAvPg0KICAgICAgICAgIDwvUnVsZVBhcmFtZXRlcnM+DQogICAgICAgIDwvRXh0cmFjdGlvblJ1bGU+DQogICAgICAgIDxFeHRyYWN0aW9uUnVsZSBDbGFzc25hbWU9Ik1pY3Jvc29mdC5WaXN1YWxTdHVkaW8uVGVzdFRvb2xzLldlYlRlc3RpbmcuUnVsZXMuRXh0cmFjdFRleHQsIE1pY3Jvc29mdC5WaXN1YWxTdHVkaW8uUXVhbGl0eVRvb2xzLldlYlRlc3RGcmFtZXdvcmssIFZlcnNpb249MTAuMC4wLjAsIEN1bHR1cmU9bmV1dHJhbCwgUHVibGljS2V5VG9rZW49YjAzZjVmN2YxMWQ1MGEzYSIgVmFyaWFibGVOYW1lPSJRdWVyeVN0cmluZ1BhcmFtOS5zaGlwa2V5IiBEaXNwbGF5TmFtZT0iIiBEZXNjcmlwdGlvbj0iIj4NCiAgICAgICAgICA8UnVsZVBhcmFtZXRlcnM+DQogICAgICAgICAgICA8UnVsZVBhcmFtZXRlciBOYW1lPSJTdGFydHNXaXRoIiBWYWx1ZT0iJmFtcDthbXA7c2hpcGtleT0iIC8+DQogICAgICAgICAgICA8UnVsZVBhcmFtZXRlciBOYW1lPSJFbmRzV2l0aCIgVmFsdWU9IiZhbXA7IiAvPg0KICAgICAgICAgICAgPFJ1bGVQYXJhbWV0ZXIgTmFtZT0iSW5kZXgiIFZhbHVlPSI2IiAvPg0KICAgICAgICAgICAgPFJ1bGVQYXJhbWV0ZXIgTmFtZT0iSWdub3JlQ2FzZSIgVmFsdWU9IkZhbHNlIiAvPg0KICAgICAgICAgICAgPFJ1bGVQYXJhbWV0ZXIgTmFtZT0iVXNlUmVndWxhckV4cHJlc3Npb24iIFZhbHVlPSJGYWxzZSIgLz4NCiAgICAgICAgICAgIDxSdWxlUGFyYW1ldGVyIE5hbWU9Ikh0bWxEZWNvZGUiIFZhbHVlPSJUcnVlIiAvPg0KICAgICAgICAgICAgPFJ1bGVQYXJhbWV0ZXIgTmFtZT0iUmVxdWlyZWQiIFZhbHVlPSJGYWxzZSIgLz4NCiAgICAgICAgICA8L1J1bGVQYXJhbWV0ZXJzPg0KICAgICAgICA8L0V4dHJhY3Rpb25SdWxlPg0KICAgICAgICA8RXh0cmFjdGlvblJ1bGUgQ2xhc3NuYW1lPSJNaWNyb3NvZnQuVmlzdWFsU3R1ZGlvLlRlc3RUb29scy5XZWJUZXN0aW5nLlJ1bGVzLkV4dHJhY3RUZXh0LCBNaWNyb3NvZnQuVmlzdWFsU3R1ZGlvLlF1YWxpdHlUb29scy5XZWJUZXN0RnJhbWV3b3JrLCBWZXJzaW9uPTEwLjAuMC4wLCBDdWx0dXJlPW5ldXRyYWwsIFB1YmxpY0tleVRva2VuPWIwM2Y1ZjdmMTFkNTBhM2EiIFZhcmlhYmxlTmFtZT0iUXVlcnlTdHJpbmdQYXJhbTEwLnJlc3VsdHBhZ2UiIERpc3BsYXlOYW1lPSIiIERlc2NyaXB0aW9uPSIiPg0KICAgICAgICAgIDxSdWxlUGFyYW1ldGVycz4NCiAgICAgICAgICAgIDxSdWxlUGFyYW1ldGVyIE5hbWU9IlN0YXJ0c1dpdGgiIFZhbHVlPSImYW1wO2FtcDtyZXN1bHRwYWdlPSIgLz4NCiAgICAgICAgICAgIDxSdWxlUGFyYW1ldGVyIE5hbWU9IkVuZHNXaXRoIiBWYWx1ZT0iJnF1b3Q7IiAvPg0KICAgICAgICAgICAgPFJ1bGVQYXJhbWV0ZXIgTmFtZT0iSW5kZXgiIFZhbHVlPSI2IiAvPg0KICAgICAgICAgICAgPFJ1bGVQYXJhbWV0ZXIgTmFtZT0iSWdub3JlQ2FzZSIgVmFsdWU9IkZhbHNlIiAvPg0KICAgICAgICAgICAgPFJ1bGVQYXJhbWV0ZXIgTmFtZT0iVXNlUmVndWxhckV4cHJlc3Npb24iIFZhbHVlPSJGYWxzZSIgLz4NCiAgICAgICAgICAgIDxSdWxlUGFyYW1ldGVyIE5hbWU9Ikh0bWxEZWNvZGUiIFZhbHVlPSJUcnVlIiAvPg0KICAgICAgICAgICAgPFJ1bGVQYXJhbWV0ZXIgTmFtZT0iUmVxdWlyZWQiIFZhbHVlPSJGYWxzZSIgLz4NCiAgICAgICAgICA8L1J1bGVQYXJhbWV0ZXJzPg0KICAgICAgICA8L0V4dHJhY3Rpb25SdWxlPg0KICAgICAgPC9Db3JyZWxhdGlvbkV4dHJhY3Rpb25SdWxlcz4NCiAgICAgIDxGb3JtUG9zdEh0dHBCb2R5Pg0KICAgICAgICA8Rm9ybVBvc3RQYXJhbWV0ZXIgTmFtZT0iX19FVkVOVFRBUkdFVCIgVmFsdWU9Int7JEhJRERFTjEuX19FVkVOVFRBUkdFVH19IiBSZWNvcmRlZFZhbHVlPSIiIENvcnJlbGF0aW9uQmluZGluZz0iIiBVcmxFbmNvZGU9IlRydWUiIC8+DQogICAgICAgIDxGb3JtUG9zdFBhcmFtZXRlciBOYW1lPSJfX0VWRU5UQVJHVU1FTlQiIFZhbHVlPSJ7eyRISURERU4xLl9fRVZFTlRBUkdVTUVOVH19IiBSZWNvcmRlZFZhbHVlPSIiIENvcnJlbGF0aW9uQmluZGluZz0iIiBVcmxFbmNvZGU9IlRydWUiIC8+DQogICAgICAgIDxGb3JtUG9zdFBhcmFtZXRlciBOYW1lPSJfX0xBU1RGT0NVUyIgVmFsdWU9Int7JEhJRERFTjEuX19MQVNURk9DVVN9fSIgUmVjb3JkZWRWYWx1ZT0iIiBDb3JyZWxhdGlvbkJpbmRpbmc9IiIgVXJsRW5jb2RlPSJUcnVlIiAvPg0KICAgICAgICA8Rm9ybVBvc3RQYXJhbWV0ZXIgTmFtZT0iX19WSUVXU1RBVEUiIFZhbHVlPSJ7eyRISURERU4xLl9fVklFV1NUQVRFfX0iIFJlY29yZGVkVmFsdWU9Ii93RVBEd1VKT0RVMU5EZzBPVEkzRHhZSUhnMVRaV0Z5WTJoQmNtTm9hWFpsWmg0R1kyRjBhMlY1QWdFZURrWnBaV3hrUkdGMFlWUjVjR1Z6TW84TUFBRUFBQUQvLy8vL0FRQUFBQUFBQUFBTUFnQUFBRWxUZVhOMFpXMHNJRlpsY25OcGIyNDlOQzR3TGpBdU1Dd2dRM1ZzZEhWeVpUMXVaWFYwY21Gc0xDQlFkV0pzYVdOTFpYbFViMnRsYmoxaU56ZGhOV00xTmpFNU16UmxNRGc1QlFFQUFBRGhBVk41YzNSbGJTNURiMnhzWldOMGFXOXVjeTVIWlc1bGNtbGpMbE52Y25SbFpFeHBjM1JnTWx0YlUzbHpkR1Z0TGtsdWRETXlMQ0J0YzJOdmNteHBZaXdnVm1WeWMybHZiajAwTGpBdU1DNHdMQ0JEZFd4MGRYSmxQVzVsZFhSeVlXd3NJRkIxWW14cFkwdGxlVlJ2YTJWdVBXSTNOMkUxWXpVMk1Ua3pOR1V3T0RsZExGdFRlWE4wWlcwdVUzUnlhVzVuTENCdGMyTnZjbXhwWWl3Z1ZtVnljMmx2YmowMExqQXVNQzR3TENCRGRXeDBkWEpsUFc1bGRYUnlZV3dzSUZCMVlteHBZMHRsZVZSdmEyVnVQV0kzTjJFMVl6VTJNVGt6TkdVd09EbGRYUWNBQUFBRWEyVjVjd1oyWVd4MVpYTUZYM05wZW1VSGRtVnljMmx2YmdoamIyMXdZWEpsY2dkclpYbE1hWE4wQ1haaGJIVmxUR2x6ZEFjR0FBQURCQVFJQ0FpSkFWTjVjM1JsYlM1RGIyeHNaV04wYVc5dWN5NUhaVzVsY21sakxrZGxibVZ5YVdORGIyMXdZWEpsY21BeFcxdFRlWE4wWlcwdVNXNTBNeklzSUcxelkyOXliR2xpTENCV1pYSnphVzl1UFRRdU1DNHdMakFzSUVOMWJIUjFjbVU5Ym1WMWRISmhiQ3dnVUhWaWJHbGpTMlY1Vkc5clpXNDlZamMzWVRWak5UWXhPVE0wWlRBNE9WMWQ2UUZUZVhOMFpXMHVRMjlzYkdWamRHbHZibk11UjJWdVpYSnBZeTVUYjNKMFpXUk1hWE4wWURJclMyVjVUR2x6ZEZ0YlUzbHpkR1Z0TGtsdWRETXlMQ0J0YzJOdmNteHBZaXdnVm1WeWMybHZiajAwTGpBdU1DNHdMQ0JEZFd4MGRYSmxQVzVsZFhSeVlXd3NJRkIxWW14cFkwdGxlVlJ2YTJWdVBXSTNOMkUxWXpVMk1Ua3pOR1V3T0RsZExGdFRlWE4wWlcwdVUzUnlhVzVuTENCdGMyTnZjbXhwWWl3Z1ZtVnljMmx2YmowMExqQXVNQzR3TENCRGRXeDBkWEpsUFc1bGRYUnlZV3dzSUZCMVlteHBZMHRsZVZSdmEyVnVQV0kzTjJFMVl6VTJNVGt6TkdVd09EbGRYUUlBQUFEckFWTjVjM1JsYlM1RGIyeHNaV04wYVc5dWN5NUhaVzVsY21sakxsTnZjblJsWkV4cGMzUmdNaXRXWVd4MVpVeHBjM1JiVzFONWMzUmxiUzVKYm5Rek1pd2diWE5qYjNKc2FXSXNJRlpsY25OcGIyNDlOQzR3TGpBdU1Dd2dRM1ZzZEhWeVpUMXVaWFYwY21Gc0xDQlFkV0pzYVdOTFpYbFViMnRsYmoxaU56ZGhOV00xTmpFNU16UmxNRGc1WFN4YlUzbHpkR1Z0TGxOMGNtbHVaeXdnYlhOamIzSnNhV0lzSUZabGNuTnBiMjQ5TkM0d0xqQXVNQ3dnUTNWc2RIVnlaVDF1WlhWMGNtRnNMQ0JRZFdKc2FXTkxaWGxVYjJ0bGJqMWlOemRoTldNMU5qRTVNelJsTURnNVhWMENBQUFBQWdBQUFBa0RBQUFBQ1FRQUFBQWVBQUFBSGdBQUFBa0ZBQUFBQ2dvUEF3QUFBQ0FBQUFBSUFnQUFBQU1BQUFBRUFBQUFCUUFBQUFZQUFBQUhBQUFBQ0FBQUFBa0FBQUFLQUFBQUN3QUFBQXdBQUFBTkFBQUFEZ0FBQUE4QUFBQVFBQUFBRVFBQUFCSUFBQUFUQUFBQVJnQUFBRWdBQUFCSkFBQUFTd0FBQUV3QUFBQk5BQUFBVGdBQUFFOEFBQUJRQUFBQVVRQUFBR3dBQUFCdEFBQUFBQUFBQUFBQUFBQVJCQUFBQUNBQUFBQUdCZ0FBQUFGVEJnY0FBQUFCVXdZSUFBQUFBVk1HQ1FBQUFBRlRCZ29BQUFBQlV3WUxBQUFBQVZNR0RBQUFBQUZUQmcwQUFBQUJSQVlPQUFBQUFVUUdEd0FBQUFGVEJoQUFBQUFCVXdZUkFBQUFBVk1HRWdBQUFBRkVCaE1BQUFBQlV3WVVBQUFBQVVRR0ZRQUFBQUZUQmhZQUFBQUJVd1lYQUFBQUFWTUdHQUFBQUFGVEJoa0FBQUFCVXdZYUFBQUFBVk1HR3dBQUFBRkVCaHdBQUFBQlV3WWRBQUFBQVZNR0hnQUFBQUZUQmg4QUFBQUJVd1lnQUFBQUFWTUdJUUFBQUFGT0JpSUFBQUFCVGdZakFBQUFBVk1OQWdRRkFBQUFpUUZUZVhOMFpXMHVRMjlzYkdWamRHbHZibk11UjJWdVpYSnBZeTVIWlc1bGNtbGpRMjl0Y0dGeVpYSmdNVnRiVTNsemRHVnRMa2x1ZERNeUxDQnRjMk52Y214cFlpd2dWbVZ5YzJsdmJqMDBMakF1TUM0d0xDQkRkV3gwZFhKbFBXNWxkWFJ5WVd3c0lGQjFZbXhwWTB0bGVWUnZhMlZ1UFdJM04yRTFZelUyTVRrek5HVXdPRGxkWFFBQUFBQUxIZzVHYVdWc1pFUmhkR0ZPWVcxbGN6THJEZ0FCQUFBQS8vLy8vd0VBQUFBQUFBQUFEQUlBQUFCSlUzbHpkR1Z0TENCV1pYSnphVzl1UFRRdU1DNHdMakFzSUVOMWJIUjFjbVU5Ym1WMWRISmhiQ3dnVUhWaWJHbGpTMlY1Vkc5clpXNDlZamMzWVRWak5UWXhPVE0wWlRBNE9RVUJBQUFBNFFGVGVYTjBaVzB1UTI5c2JHVmpkR2x2Ym5NdVIyVnVaWEpwWXk1VGIzSjBaV1JNYVhOMFlESmJXMU41YzNSbGJTNUpiblF6TWl3Z2JYTmpiM0pzYVdJc0lGWmxjbk5wYjI0OU5DNHdMakF1TUN3Z1EzVnNkSFZ5WlQxdVpYVjBjbUZzTENCUWRXSnNhV05MWlhsVWIydGxiajFpTnpkaE5XTTFOakU1TXpSbE1EZzVYU3hiVTNsemRHVnRMbE4wY21sdVp5d2diWE5qYjNKc2FXSXNJRlpsY25OcGIyNDlOQzR3TGpBdU1Dd2dRM1ZzZEhWeVpUMXVaWFYwY21Gc0xDQlFkV0pzYVdOTFpYbFViMnRsYmoxaU56ZGhOV00xTmpFNU16UmxNRGc1WFYwSEFBQUFCR3RsZVhNR2RtRnNkV1Z6QlY5emFYcGxCM1psY25OcGIyNElZMjl0Y0dGeVpYSUhhMlY1VEdsemRBbDJZV3gxWlV4cGMzUUhCZ0FBQXdRRUNBZ0lpUUZUZVhOMFpXMHVRMjlzYkdWamRHbHZibk11UjJWdVpYSnBZeTVIWlc1bGNtbGpRMjl0Y0dGeVpYSmdNVnRiVTNsemRHVnRMa2x1ZERNeUxDQnRjMk52Y214cFlpd2dWbVZ5YzJsdmJqMDBMakF1TUM0d0xDQkRkV3gwZFhKbFBXNWxkWFJ5WVd3c0lGQjFZbXhwWTB0bGVWUnZhMlZ1UFdJM04yRTFZelUyTVRrek5HVXdPRGxkWGVrQlUzbHpkR1Z0TGtOdmJHeGxZM1JwYjI1ekxrZGxibVZ5YVdNdVUyOXlkR1ZrVEdsemRHQXlLMHRsZVV4cGMzUmJXMU41YzNSbGJTNUpiblF6TWl3Z2JYTmpiM0pzYVdJc0lGWmxjbk5wYjI0OU5DNHdMakF1TUN3Z1EzVnNkSFZ5WlQxdVpYVjBjbUZzTENCUWRXSnNhV05MWlhsVWIydGxiajFpTnpkaE5XTTFOakU1TXpSbE1EZzVYU3hiVTNsemRHVnRMbE4wY21sdVp5d2diWE5qYjNKc2FXSXNJRlpsY25OcGIyNDlOQzR3TGpBdU1Dd2dRM1ZzZEhWeVpUMXVaWFYwY21Gc0xDQlFkV0pzYVdOTFpYbFViMnRsYmoxaU56ZGhOV00xTmpFNU16UmxNRGc1WFYwQ0FBQUE2d0ZUZVhOMFpXMHVRMjlzYkdWamRHbHZibk11UjJWdVpYSnBZeTVUYjNKMFpXUk1hWE4wWURJclZtRnNkV1ZNYVhOMFcxdFRlWE4wWlcwdVNXNTBNeklzSUcxelkyOXliR2xpTENCV1pYSnphVzl1UFRRdU1DNHdMakFzSUVOMWJIUjFjbVU5Ym1WMWRISmhiQ3dnVUhWaWJHbGpTMlY1Vkc5clpXNDlZamMzWVRWak5UWXhPVE0wWlRBNE9WMHNXMU41YzNSbGJTNVRkSEpwYm1jc0lHMXpZMjl5YkdsaUxDQldaWEp6YVc5dVBUUXVNQzR3TGpBc0lFTjFiSFIxY21VOWJtVjFkSEpoYkN3Z1VIVmliR2xqUzJWNVZHOXJaVzQ5WWpjM1lUVmpOVFl4T1RNMFpUQTRPVjFkQWdBQUFBSUFBQUFKQXdBQUFBa0VBQUFBSGdBQUFCNEFBQUFKQlFBQUFBb0tEd01BQUFBZ0FBQUFDQUlBQUFBREFBQUFCQUFBQUFVQUFBQUdBQUFBQndBQUFBZ0FBQUFKQUFBQUNnQUFBQXNBQUFBTUFBQUFEUUFBQUE0QUFBQVBBQUFBRUFBQUFCRUFBQUFTQUFBQUV3QUFBRVlBQUFCSUFBQUFTUUFBQUVzQUFBQk1BQUFBVFFBQUFFNEFBQUJQQUFBQVVBQUFBRkVBQUFCc0FBQUFiUUFBQUFBQUFBQUFBQUFBRVFRQUFBQWdBQUFBQmdZQUFBQUxVMmhwY0cxbGJuUk9ZbklHQndBQUFBcFRhR2x3Y0dWeVRtSnlCZ2dBQUFBTlQzSnBaMmx1UTI5MWJuUnllUVlKQUFBQUNrVjRjRzl5ZEZOcGRHVUdDZ0FBQUFwSmJYQnZjblJUYVhSbEJnc0FBQUFNVTJWeWRtbGpaVXhsZG1Wc0Jnd0FBQUFJUkhWMGVWUjVjR1VHRFFBQUFCRlFiR0Z1Ym1Wa1NXMXdiM0owUkdGMFpRWU9BQUFBQ0ZOb2FYQkVZWFJsQmc4QUFBQU5TVzF3YjNKMFEyOTFiblJ5ZVFZUUFBQUFHVWx1WW05MWJtUlFiR0Z1Ym1Wa1RXOTJaVzFsYm5ST1luSUdFUUFBQUJwUGRYUmliM1Z1WkZCc1lXNXVaV1JOYjNabGJXVnVkRTVpY2dZU0FBQUFFVkJzWVc1dVpXUkZlSEJ2Y25SRVlYUmxCaE1BQUFBSlUyaHBjREZhVG1KeUJoUUFBQUFQVEdseGRXbGtZWFJwYjI1RVlYUmxCaFVBQUFBR1JsTkNUbUp5QmhZQUFBQUpTVzVrWlhobFpFbEVCaGNBQUFBS1FuSnZhMlZ5UTI5a1pRWVlBQUFBSFVOMWMzUnZiWE5GYm5SeWVVNWljbFJ5WVc1ellXTjBhVzl1VG1KeUJoa0FBQUFFUTBORFJBWWFBQUFBQzBsdGNHOXlkR1Z5VG1KeUJoc0FBQUFMUTNKbFlYUmxaRVJoZEdVR0hBQUFBQkZRWVhKbGJuUlRhR2x3YldWdWRFNWljZ1lkQUFBQURWVlFVMFZ1ZEhKNVEyeGhjM01HSGdBQUFBVldZV3gxWlFZZkFBQUFDRU4xY25KbGJtTjVCaUFBQUFBSFExTlVWR1ZoYlFZaEFBQUFEbFpoYkdsa1lYUnBiMjVHYkdGbkJpSUFBQUFTUkdWc1pYUmxSR2x6WVhOemIyTnBZWFJsQmlNQUFBQU1SRzlqZFcxbGJuUlVlWEJsRFFJRUJRQUFBSWtCVTNsemRHVnRMa052Ykd4bFkzUnBiMjV6TGtkbGJtVnlhV011UjJWdVpYSnBZME52YlhCaGNtVnlZREZiVzFONWMzUmxiUzVKYm5Rek1pd2diWE5qYjNKc2FXSXNJRlpsY25OcGIyNDlOQzR3TGpBdU1Dd2dRM1ZzZEhWeVpUMXVaWFYwY21Gc0xDQlFkV0pzYVdOTFpYbFViMnRsYmoxaU56ZGhOV00xTmpFNU16UmxNRGc1WFYwQUFBQUFDeFlDWmc4UEZnUWVEMTlmUVc1MGFWaHpjbVpVYjJ0bGJnVWdORFJoTkRrellXUmhPR1UwTkdVNVlXRXdOemhoTmprd1pqUm1NV1U0WldJZUVsOWZRVzUwYVZoemNtWlZjMlZ5VG1GdFpXVmtGZ0lDQXc5a0ZnWm1EdzhXQWg0SVNXMWhaMlZWY213RkQzNHZhVzFoWjJWekwwTkJMbWRwWm1Sa0FnSVBaQllJQWdrUER4WUNIZ3RPWVhacFoyRjBaVlZ5YkFVeFVHRmphMlYwVUhKcGJuUkZiblJ5ZVM1aGMzQjRQME52ZFc1MGNubERiMlJsUFVOQkpqTkNORms5TWpNeE9GTlJVR1JrQWcwUER4WUNId2NGTkU5TlJGQmhZMnRsZEZCeWFXNTBSVzUwY25rdVlYTndlRDlEYjNWdWRISjVRMjlrWlQxRFFTWXpRalJaUFRJek1UaFRVVkJrWkFJYkR3OFdBaDRIVm1semFXSnNaV2hrWkFJZER3OFdBaDhJYUdSa0FnTVBaQlkyQWdFUEVHUVFGUU1IUW14aGJtdGxkQTlQZEdobGNpQk5iMlJsSUVSdlkzTUhVR0ZqYTJGblpSVURBVE1CT0FFeEZDc0RBMmRuWnhZQkFnSmtBZ1VQRUdRUUZVTURRVXhNQ2pFMk1IUm9JQ2d4TmlrZFlXUmtaV1FnT0M4eU1TQnBiaUIxY3lCMGFHVnVJR05oSUNoWVF5a2VRV2R5YVdOMWJIUjFjbUZzSUVObGNuUnBabWxqWVhSbGN5QW9RVVlwSGtGdWJtOTBMaUJEYjIxdFpYSmphV0ZzSUVsdWRtOXBZMlVnS0VsQktSTkJkV1JwZEdsdVp5QlRhR1ZsZENBb1FVUXBHVUpwYkd4cGJtY2dVMmhwY0hCbGNpQkdiM0p0SUNoTFV5a1NRbXhoYm10bGRDQk9RVVpVUVNBb1FrNHBHVUpQVTFNZ1VHaHZibVVnVjI5eWEzTm9aV1YwSUNoUU15a2hRMkZ1WVdSaElFTnZiblpsY25OcGIyNGdSWGhqWlhCMGFXOXVjeUFvV2pFcEZFTkRRMFFnTFNCTllXNXBabVZ6ZENBb1EwUXBDa05EUmxSQklDaERSaWthUTJWeWRHbG1hV05oZEdVZ2IyWWdUM0pwWjJsdUlDaERUeWtaUTJobGNYVmxJRUYxZEdodmNtbDZZWFJwYjI0Z0tFTkJLUmxEVDBRZ1ZHRm5JQ2hRVDBFZ01TMTBhVzFsS1NBb1F6RXBFRU52WkdsdVp5QkdiM0p0SUNoQ015a2VRMjlzYkdWamRHOXlJRkJsY20xcGMzTnBiMjRnVTJ4cGNDQW9RellwRjBOdmJXMWxjbU5wWVd3Z1NXNTJiMmxqWlNBb1Ewa3BGRU4xYzNSdmJXVnlJRXhsZEhSbGNpQW9RMHdwRTBOMWMzUnZiWE1nVW5Wc2FXNW5JQ2hEVWlrZFJHVmpiR0Z5WVhScGIyNGdiMllnUVc1MGFYRjFhWFI1SUNoRVVTa2lSR1YwWVdsc1pXUWdRV1JxZFhOMGJXVnVkQ0JUZEdGMFpXMWxiblFnS0VSS0tSZEVhWE5qY21Wd1lXNWplU0JTWlhCdmNuUWdLRVJTS1E5RVR5Qk9UMVFnVlZORklDaFlPQ2thUlNBME5DQkJZbUZ1Wkc5dWJtVmtJRWR2YjJSeklDaEZOQ2tYUlhod2RDQkJZMk52YlhCaGJua2dSRzlqSUNoRlF5a1dSbkpsWlNCRWIyMXBZMmxzWlNCUVQwRWdLRVpFS1JSSGIyOWtjeUIwYnlCR2IyeHNiM2NnS0VkR0tSWkhiM1psY201dFpXNTBJRXhsZEhSbGNpQW9SMHdwR1VsdGJXbG5jbUYwYVc5dUlFUnZZM1Z0Wlc1MElDaEpSQ2tTU1cxd2IzSjBJSEJsY20xcGRDQW9TVkFwR1VsdGNHOXlkR1Z5SUVOdmJXMXZaR2wwYVdWeklDaEpUeWtlU1c1MmIybGpaU0JNYVc1bElFTmhiR04xYkdGMGFXOXVjeUFvU1ZZcEhFeGxkSFJsY2lCdlppQkJkWFJvYjNKcGVtRjBhVzl1SUNoTVFTa1RUR2x4ZFc5eUlGQmxjbTFwZEhNZ0tFeFFLUkJNVmxNZ1VtVXRVbUYwWlNBb1VsSXBIRTFoYzNSbGNpQkRZWEpsWlhJZ1FYVjBhRzl5YVhSNUlDaE5RU2tUVGtGR1ZFRWdSRzlqZFcxbGJuUWdLRTVFS1NoT2IzUnBZMlVnZEc4Z1NXMXdiM0owWlhJZ1VtVnpaV3hzWlhJZ1FVUkVJRWx1Y3lBb1RsSXBGazl1WlMxMGFXMWxJRTVCUmxSQkwwTlBJQ2hQVGlrWFQzUm9aWElnUTJWeWRHbG1hV05oZEdWeklDaFBReWtUVDNSb1pYSWdSRzlqZFcxbGJuUWdLRTlVS1JoUWIzTjBJRVZ1ZEhKNUlFUnZZM1Z0Wlc1MElDaFNSQ2tXVUc5M1pYSWdiMllnUVhSMGIzSnVaWGtnS0ZCQktSNVFjbVYyYVc5MWMyeDVJRUpwYkd4bFpDQkZiblJ5YVdWeklDaFFRaWtSVUhKcGJuUWdVMk55WldWdUlDaFFVeWtVVUhKdmIyWWdiMllnUlhod2IzSjBJQ2hRUlNrWlVtRjBaWElnUm1WbFpHSmhZMnNnVTJobFpYUWdLRkpHS1J0U1lYUmxjaTlEWVd4c1pYSWdWMjl5YTNOb1pXVjBJQ2hTVnlrWVVtVnFaV04wSUU1dmRHbG1hV05oZEdsdmJpQW9VazRwRmxKRlRVOVdSU0JFYnlCT1QxUWdkWE5sSUNoUFJDa1lVazFFSUVOdmNuSmxZM1JwYjI0Z1JtOXliU0FvVWtNcEUxSnZkVzVrZEhKcGNDQk5aVzF2SUNoU1RTa1ZVMmhwY0cxbGJuUWdVbVZ0WVhKcmN5QW9VMDBwRlZOb2FYQnRaVzUwSUZkaGVXSnBiR3dnS0ZOWEtSVlRhVzFoSUVObGNuUnBabWxqWVhSbElDaFRReWtTVTNSaGRIVnpJRXhsZEhSbGNpQW9VMHdwRVZOMGRXUmxiblFnVm1sellTQW9VMVlwSGxOMWNIQnZjblJwYm1jZ1JHOWpjeUF0SUVkbGJtVnlZV3dnS0ZOVEtRbFVNVEkwSUNoVU1Ta1dWR1Z0Y0M0Z1NXMXdiM0owSUVKdmJtUWdLRlJKS1JkVWNtRnVjMkZqZEdsdmJpQk9kVzFpWlhJZ0tGUk9LUkpWYzJWeUlFTnZiVzFsYm5SeklDaFZReWtVVm05c2RXNTBZWEo1SUVWdWRISjVJQ2hXUlNrUVYyOXlheUJRWlhKdGFYUWdLRmRRS1JCWkxUVXdJRkpsYW1WamRDQW9XVFVwSEZwdmIzTmhibWwwWVhKNUlFTmxjblJwWm1sallYUmxJQ2hhVHlrVlF3SXRNUUl4TmdKWVF3SkJSZ0pKUVFKQlJBSkxVd0pDVGdKUU13SmFNUUpEUkFKRFJnSkRUd0pEUVFKRE1RSkNNd0pETmdKRFNRSkRUQUpEVWdKRVVRSkVTZ0pFVWdKWU9BSkZOQUpGUXdKR1JBSkhSZ0pIVEFKSlJBSkpVQUpKVHdKSlZnSk1RUUpNVUFKU1VnSk5RUUpPUkFKT1VnSlBUZ0pQUXdKUFZBSlNSQUpRUVFKUVFnSlFVd0pRUlFKU1JnSlNWd0pTVGdKUFJBSlNRd0pTVFFKVFRRSlRWd0pUUXdKVFRBSlRWZ0pUVXdKVU1RSlVTUUpVVGdKVlF3SldSUUpYVUFKWk5RSmFUeFFyQTBObloyZG5aMmRuWjJkbloyZG5aMmRuWjJkbloyZG5aMmRuWjJkbloyZG5aMmRuWjJkbloyZG5aMmRuWjJkbloyZG5aMmRuWjJkbloyZG5aMmRuWjJkbloyZG5aR1FDQnc4UVpCQVZId0VnQzBKeWIydGxjaUJEYjJSbEJFTkRRMFFNUTNKbFlYUmxaQ0JFWVhSbENFTlRWQ0JVWldGdENFTjFjbkpsYm1ONUhVTjFjM1J2YlhNZ1JXNTBjbmtnSXk5VWNtRnVjMkZqZEdsdmJpQWpFMFJsYkdWMFpTOUVhWE5oYzNOdlkybGhkR1VOUkc5amRXMWxiblFnVkhsd1pRbEVkWFI1SUZSNWNHVUxSWGh3YjNKMElGTnBkR1VIUmxOQ0lFNWljZzVKYlhCdmNuUWdRMjkxYm5SeWVROUpiWEJ2Y25SbGNpQk9kVzFpWlhJTFNXMXdiM0owSUZOcGRHVVlTVzVpYjNWdVpDQlFiR0Z1Ym1Wa0lFMTJiWFFnVG1KeUNrbHVaR1Y0WldRZ1NVUVFUR2x4ZFdsa1lYUnBiMjRnUkdGMFpRNVBjbWxuYVc0Z1EyOTFiblJ5ZVJsUGRYUmliM1Z1WkNCUWJHRnVibVZrSUUxMmJYUWdUbUp5RVZCaGNtVnVkQ0JUYUdsd2JXVnVkQ0FqRTFCc1lXNXVaV1FnUlhod2IzSjBJRVJoZEdVVFVHeGhibTVsWkNCSmJYQnZjblFnUkdGMFpRMVRaWEoyYVdObElFeGxkbVZzRGxOb2FYQWdNVm9nVG5WdFltVnlDVk5vYVhBZ1JHRjBaUTlUYUdsd2JXVnVkQ0JPZFcxaVpYSU9VMmhwY0hCbGNpQk9kVzFpWlhJUFZWQlRJRVZ1ZEhKNUlFTnNZWE56RDFaaGJHbGtZWFJwYjI0Z1JteGhad1ZXWVd4MVpSVWZBaTB4QWpFNUFqY3lBamMxQWpnd0FqYzVBamN3QXpFd09BTXhNRGtCT0FFMUFqRTNBakV4QWpjekFUWUNNVElDTVRnQ01UWUJOQUl4TXdJM05nSXhOQUU1QVRjQ01UVUNNVEFCTWdFekFqYzNBamd4QWpjNEZDc0RIMmRuWjJkbloyZG5aMmRuWjJkbloyZG5aMmRuWjJkbloyZG5aMmRuWjJjV0FRSWFaQUlKRHhBUFpCWUNIZ3R3YkdGalpXaHZiR1JsY21VUUZRTUJQUUUrQVR3VkF3RTlBVDRCUEJRckF3Tm5aMmNXQVdaa0Fnc1BEeFlFSGdsQ1lXTnJRMjlzYjNJTUhnUmZJVk5DQWdnV0FoOEpaV1FDRFE4UEZnZ2VCRlJsZUhSbEh3b0tsZ0VlQjBWdVlXSnNaV1JvSHdzQ0NCWUNId2xsWkFJUER4QmtFQlVmQVNBTFFuSnZhMlZ5SUVOdlpHVUVRME5EUkF4RGNtVmhkR1ZrSUVSaGRHVUlRMU5VSUZSbFlXMElRM1Z5Y21WdVkza2RRM1Z6ZEc5dGN5QkZiblJ5ZVNBakwxUnlZVzV6WVdOMGFXOXVJQ01UUkdWc1pYUmxMMFJwYzJGemMyOWphV0YwWlExRWIyTjFiV1Z1ZENCVWVYQmxDVVIxZEhrZ1ZIbHdaUXRGZUhCdmNuUWdVMmwwWlFkR1UwSWdUbUp5RGtsdGNHOXlkQ0JEYjNWdWRISjVEMGx0Y0c5eWRHVnlJRTUxYldKbGNndEpiWEJ2Y25RZ1UybDBaUmhKYm1KdmRXNWtJRkJzWVc1dVpXUWdUWFp0ZENCT1luSUtTVzVrWlhobFpDQkpSQkJNYVhGMWFXUmhkR2x2YmlCRVlYUmxEazl5YVdkcGJpQkRiM1Z1ZEhKNUdVOTFkR0p2ZFc1a0lGQnNZVzV1WldRZ1RYWnRkQ0JPWW5JUlVHRnlaVzUwSUZOb2FYQnRaVzUwSUNNVFVHeGhibTVsWkNCRmVIQnZjblFnUkdGMFpSTlFiR0Z1Ym1Wa0lFbHRjRzl5ZENCRVlYUmxEVk5sY25acFkyVWdUR1YyWld3T1UyaHBjQ0F4V2lCT2RXMWlaWElKVTJocGNDQkVZWFJsRDFOb2FYQnRaVzUwSUU1MWJXSmxjZzVUYUdsd2NHVnlJRTUxYldKbGNnOVZVRk1nUlc1MGNua2dRMnhoYzNNUFZtRnNhV1JoZEdsdmJpQkdiR0ZuQlZaaGJIVmxGUjhDTFRFQ01Ua0NOeklDTnpVQ09EQUNOemtDTnpBRE1UQTRBekV3T1FFNEFUVUNNVGNDTVRFQ056TUJOZ0l4TWdJeE9BSXhOZ0UwQWpFekFqYzJBakUwQVRrQk53SXhOUUl4TUFFeUFUTUNOemNDT0RFQ056Z1VLd01mWjJkbloyZG5aMmRuWjJkbloyZG5aMmRuWjJkbloyZG5aMmRuWjJkblp4WUJBZ1prQWhFUEVBOWtGZ0lmQ1dVUUZRTUJQUUUrQVR3VkF3RTlBVDRCUEJRckF3Tm5aMmNXQVdaa0FoTVBEeFlFSHdvTUh3c0NDQllDSHdsbFpBSVZEdzhXQ0I4TVpSOEtDcFlCSHcxb0h3c0NDQllDSHdsbFpBSVhEeEJrRUJVZkFTQUxRbkp2YTJWeUlFTnZaR1VFUTBORFJBeERjbVZoZEdWa0lFUmhkR1VJUTFOVUlGUmxZVzBJUTNWeWNtVnVZM2tkUTNWemRHOXRjeUJGYm5SeWVTQWpMMVJ5WVc1ellXTjBhVzl1SUNNVFJHVnNaWFJsTDBScGMyRnpjMjlqYVdGMFpRMUViMk4xYldWdWRDQlVlWEJsQ1VSMWRIa2dWSGx3WlF0RmVIQnZjblFnVTJsMFpRZEdVMElnVG1KeURrbHRjRzl5ZENCRGIzVnVkSEo1RDBsdGNHOXlkR1Z5SUU1MWJXSmxjZ3RKYlhCdmNuUWdVMmwwWlJoSmJtSnZkVzVrSUZCc1lXNXVaV1FnVFhadGRDQk9ZbklLU1c1a1pYaGxaQ0JKUkJCTWFYRjFhV1JoZEdsdmJpQkVZWFJsRGs5eWFXZHBiaUJEYjNWdWRISjVHVTkxZEdKdmRXNWtJRkJzWVc1dVpXUWdUWFp0ZENCT1luSVJVR0Z5Wlc1MElGTm9hWEJ0Wlc1MElDTVRVR3hoYm01bFpDQkZlSEJ2Y25RZ1JHRjBaUk5RYkdGdWJtVmtJRWx0Y0c5eWRDQkVZWFJsRFZObGNuWnBZMlVnVEdWMlpXd09VMmhwY0NBeFdpQk9kVzFpWlhJSlUyaHBjQ0JFWVhSbEQxTm9hWEJ0Wlc1MElFNTFiV0psY2c1VGFHbHdjR1Z5SUU1MWJXSmxjZzlWVUZNZ1JXNTBjbmtnUTJ4aGMzTVBWbUZzYVdSaGRHbHZiaUJHYkdGbkJWWmhiSFZsRlI4Q0xURUNNVGtDTnpJQ056VUNPREFDTnprQ056QURNVEE0QXpFd09RRTRBVFVDTVRjQ01URUNOek1CTmdJeE1nSXhPQUl4TmdFMEFqRXpBamMyQWpFMEFUa0JOd0l4TlFJeE1BRXlBVE1DTnpjQ09ERUNOemdVS3dNZloyZG5aMmRuWjJkbloyZG5aMmRuWjJkbloyZG5aMmRuWjJkbloyZG5aeFlCQWhka0Foa1BFQTlrRmdJZkNXVVFGUU1CUFFFK0FUd1ZBd0U5QVQ0QlBCUXJBd05uWjJjV0FXWmtBaHNQRHhZRUh3b01Id3NDQ0JZQ0h3bGxaQUlkRHc4V0NCOE1aUjhLQ3BZQkh3MW9Id3NDQ0JZQ0h3bGxaQUlmRHhCa0VCVWZBU0FMUW5KdmEyVnlJRU52WkdVRVEwTkRSQXhEY21WaGRHVmtJRVJoZEdVSVExTlVJRlJsWVcwSVEzVnljbVZ1WTNrZFEzVnpkRzl0Y3lCRmJuUnllU0FqTDFSeVlXNXpZV04wYVc5dUlDTVRSR1ZzWlhSbEwwUnBjMkZ6YzI5amFXRjBaUTFFYjJOMWJXVnVkQ0JVZVhCbENVUjFkSGtnVkhsd1pRdEZlSEJ2Y25RZ1UybDBaUWRHVTBJZ1RtSnlEa2x0Y0c5eWRDQkRiM1Z1ZEhKNUQwbHRjRzl5ZEdWeUlFNTFiV0psY2d0SmJYQnZjblFnVTJsMFpSaEpibUp2ZFc1a0lGQnNZVzV1WldRZ1RYWnRkQ0JPWW5JS1NXNWtaWGhsWkNCSlJCQk1hWEYxYVdSaGRHbHZiaUJFWVhSbERrOXlhV2RwYmlCRGIzVnVkSEo1R1U5MWRHSnZkVzVrSUZCc1lXNXVaV1FnVFhadGRDQk9ZbklSVUdGeVpXNTBJRk5vYVhCdFpXNTBJQ01UVUd4aGJtNWxaQ0JGZUhCdmNuUWdSR0YwWlJOUWJHRnVibVZrSUVsdGNHOXlkQ0JFWVhSbERWTmxjblpwWTJVZ1RHVjJaV3dPVTJocGNDQXhXaUJPZFcxaVpYSUpVMmhwY0NCRVlYUmxEMU5vYVhCdFpXNTBJRTUxYldKbGNnNVRhR2x3Y0dWeUlFNTFiV0psY2c5VlVGTWdSVzUwY25rZ1EyeGhjM01QVm1Gc2FXUmhkR2x2YmlCR2JHRm5CVlpoYkhWbEZSOENMVEVDTVRrQ056SUNOelVDT0RBQ056a0NOekFETVRBNEF6RXdPUUU0QVRVQ01UY0NNVEVDTnpNQk5nSXhNZ0l4T0FJeE5nRTBBakV6QWpjMkFqRTBBVGtCTndJeE5RSXhNQUV5QVRNQ056Y0NPREVDTnpnVUt3TWZaMmRuWjJkbloyZG5aMmRuWjJkbloyZG5aMmRuWjJkbloyZG5aMmRuWnhZQkFncGtBaUVQRUE5a0ZnSWZDV1VRRlFNQlBRRStBVHdWQXdFOUFUNEJQQlFyQXdObloyY1dBV1prQWlNUER4WUVId29NSHdzQ0NCWUNId2xsWkFJbER3OFdDQjhNWlI4S0NwWUJIdzFvSHdzQ0NCWUNId2xsWkFJbkR4QmtFQlVmQVNBTFFuSnZhMlZ5SUVOdlpHVUVRME5EUkF4RGNtVmhkR1ZrSUVSaGRHVUlRMU5VSUZSbFlXMElRM1Z5Y21WdVkza2RRM1Z6ZEc5dGN5QkZiblJ5ZVNBakwxUnlZVzV6WVdOMGFXOXVJQ01UUkdWc1pYUmxMMFJwYzJGemMyOWphV0YwWlExRWIyTjFiV1Z1ZENCVWVYQmxDVVIxZEhrZ1ZIbHdaUXRGZUhCdmNuUWdVMmwwWlFkR1UwSWdUbUp5RGtsdGNHOXlkQ0JEYjNWdWRISjVEMGx0Y0c5eWRHVnlJRTUxYldKbGNndEpiWEJ2Y25RZ1UybDBaUmhKYm1KdmRXNWtJRkJzWVc1dVpXUWdUWFp0ZENCT1luSUtTVzVrWlhobFpDQkpSQkJNYVhGMWFXUmhkR2x2YmlCRVlYUmxEazl5YVdkcGJpQkRiM1Z1ZEhKNUdVOTFkR0p2ZFc1a0lGQnNZVzV1WldRZ1RYWnRkQ0JPWW5JUlVHRnlaVzUwSUZOb2FYQnRaVzUwSUNNVFVHeGhibTVsWkNCRmVIQnZjblFnUkdGMFpSTlFiR0Z1Ym1Wa0lFbHRjRzl5ZENCRVlYUmxEVk5sY25acFkyVWdUR1YyWld3T1UyaHBjQ0F4V2lCT2RXMWlaWElKVTJocGNDQkVZWFJsRDFOb2FYQnRaVzUwSUU1MWJXSmxjZzVUYUdsd2NHVnlJRTUxYldKbGNnOVZVRk1nUlc1MGNua2dRMnhoYzNNUFZtRnNhV1JoZEdsdmJpQkdiR0ZuQlZaaGJIVmxGUjhDTFRFQ01Ua0NOeklDTnpVQ09EQUNOemtDTnpBRE1UQTRBekV3T1FFNEFUVUNNVGNDTVRFQ056TUJOZ0l4TWdJeE9BSXhOZ0UwQWpFekFqYzJBakUwQVRrQk53SXhOUUl4TUFFeUFUTUNOemNDT0RFQ056Z1VLd01mWjJkbloyZG5aMmRuWjJkbloyZG5aMmRuWjJkbloyZG5aMmRuWjJkblp4WUJBaFprQWlrUEVBOWtGZ0lmQ1FVSVRVMHZSRVF2V1ZrUUZRUUJQUUUrQVR3SFFrVlVWMFZGVGhVRUFUMEJQZ0U4QjBKRlZGZEZSVTRVS3dNRVoyZG5aeFlCWm1RQ0t3OFBGZ1FmQ2d3ZkN3SUlGZ0lmQ1FVSVRVMHZSRVF2V1Zsa0FpMFBEeFlJSHd4bEh3b0tsZ0VmRFdnZkN3SUlGZ0lmQ1FVSVRVMHZSRVF2V1Zsa0FpOFBFR1FRRlI4QklBdENjbTlyWlhJZ1EyOWtaUVJEUTBORURFTnlaV0YwWldRZ1JHRjBaUWhEVTFRZ1ZHVmhiUWhEZFhKeVpXNWplUjFEZFhOMGIyMXpJRVZ1ZEhKNUlDTXZWSEpoYm5OaFkzUnBiMjRnSXhORVpXeGxkR1V2UkdsellYTnpiMk5wWVhSbERVUnZZM1Z0Wlc1MElGUjVjR1VKUkhWMGVTQlVlWEJsQzBWNGNHOXlkQ0JUYVhSbEIwWlRRaUJPWW5JT1NXMXdiM0owSUVOdmRXNTBjbmtQU1cxd2IzSjBaWElnVG5WdFltVnlDMGx0Y0c5eWRDQlRhWFJsR0VsdVltOTFibVFnVUd4aGJtNWxaQ0JOZG0xMElFNWljZ3BKYm1SbGVHVmtJRWxFRUV4cGNYVnBaR0YwYVc5dUlFUmhkR1VPVDNKcFoybHVJRU52ZFc1MGNua1pUM1YwWW05MWJtUWdVR3hoYm01bFpDQk5kbTEwSUU1aWNoRlFZWEpsYm5RZ1UyaHBjRzFsYm5RZ0l4TlFiR0Z1Ym1Wa0lFVjRjRzl5ZENCRVlYUmxFMUJzWVc1dVpXUWdTVzF3YjNKMElFUmhkR1VOVTJWeWRtbGpaU0JNWlhabGJBNVRhR2x3SURGYUlFNTFiV0psY2dsVGFHbHdJRVJoZEdVUFUyaHBjRzFsYm5RZ1RuVnRZbVZ5RGxOb2FYQndaWElnVG5WdFltVnlEMVZRVXlCRmJuUnllU0JEYkdGemN3OVdZV3hwWkdGMGFXOXVJRVpzWVdjRlZtRnNkV1VWSHdJdE1RSXhPUUkzTWdJM05RSTRNQUkzT1FJM01BTXhNRGdETVRBNUFUZ0JOUUl4TndJeE1RSTNNd0UyQWpFeUFqRTRBakUyQVRRQ01UTUNOellDTVRRQk9RRTNBakUxQWpFd0FUSUJNd0kzTndJNE1RSTNPQlFyQXg5bloyZG5aMmRuWjJkbloyZG5aMmRuWjJkbloyZG5aMmRuWjJkbloyZG5GZ0VDQTJRQ01ROFFEMlFXQWg4SkJRaE5UUzlFUkM5WldSQVZCQUU5QVQ0QlBBZENSVlJYUlVWT0ZRUUJQUUUrQVR3SFFrVlVWMFZGVGhRckF3Um5aMmRuRmdGbVpBSXpEdzhXQkI4S0RCOExBZ2dXQWg4SkJRaE5UUzlFUkM5WldXUUNOUThQRmdnZkRHVWZDZ3FXQVI4TmFCOExBZ2dXQWg4SkJRaE5UUzlFUkM5WldXUUNRdzhQRmdJZkRHVmtaQmdCQlI1ZlgwTnZiblJ5YjJ4elVtVnhkV2x5WlZCdmMzUkNZV05yUzJWNVgxOFdBZ1VoWTNSc01EQWtUV0ZwYmtOdmJuUmxiblFrWTJKQmRYUnZTVzFoWjJWRWFYTndCU2RqZEd3d01DUk5ZV2x1UTI5dWRHVnVkQ1JUWldGeVkyaEJjbU5vYVhabFEyaGxZMnRDYjNpYkdsNm1kNW83M3NRQ1Z6ell4WWhJV0RCa1JlditNMjZ4Unh0YzR2THNDUT09IiBDb3JyZWxhdGlvbkJpbmRpbmc9IiIgVXJsRW5jb2RlPSJUcnVlIiAvPg0KICAgICAgICA8Rm9ybVBvc3RQYXJhbWV0ZXIgTmFtZT0iX19WSUVXU1RBVEVHRU5FUkFUT1IiIFZhbHVlPSJ7eyRISURERU4xLl9fVklFV1NUQVRFR0VORVJBVE9SfX0iIFJlY29yZGVkVmFsdWU9IjJEOUM4OUE4IiBDb3JyZWxhdGlvbkJpbmRpbmc9IiIgVXJsRW5jb2RlPSJUcnVlIiAvPg0KICAgICAgICA8Rm9ybVBvc3RQYXJhbWV0ZXIgTmFtZT0iX19FVkVOVFZBTElEQVRJT04iIFZhbHVlPSJ7eyRISURERU4xLl9fRVZFTlRWQUxJREFUSU9OfX0iIFJlY29yZGVkVmFsdWU9Ii93RWRBTFVDNkttSDFiWHpFWU9TMmQ3N2pQQ1hXNzQyOGdQVGIvT2p1TGtDMndNY1NqaFp1clJMNjV6Z0RYbkFqTFQvZlRxVXBEZXlJaG1LUUZ4aHBpbFV5eFV5UzVqZCthemxFQ1p0SkFWWXNlRWFFazk3b1QxQyt1RWpMbG1YRFNadVZaMmFuNGo4Yzluem8wUmx4dGZCSDJQRURudWVmT1FUR0pFU2xrRjlrNlp0dmgvckI3QXpTeUsvelZWVHhrY2w5dUIrOUNOVzYyVWRLVjhGdVY2RzI3bmNjTHplbXRlL29vakFlUnd2ekhHbDdqOEYxVVowNWZSUXZndU83OEhLRGd0R053clBkZFhDMEcxUzVzUm1kSHlJVzVsckd5c05tT3lESW9kci8zd1N4N0dub2JkWFNuejF1OWdBVGVyK3F1enh3UVordTlTeUR2WlFmakdEVzRBeHVadmg3em03YnBScTNnY3phbEtER1Z4S3pJQlo0MElSeE03YTdRT01VMHJkdFpISkU1Z1JaVi9FdE5uRVZScWpjYWpGWHpoUXY1ajA3WGZROHBicE9sVWJIZEJ5RmkvU003Z1AvdGpURVptT0tza2h4bUhTQjlyTnZGaGc0WUxsYUZLMkhuTXIzb2xEdmFyUHhYcllLLzhzWFIwWXd3cXAzeWpvS3ZYU3VYOE9GV1FRQjE5dTZhbHBXYUVRNnA3aUs0bzN5ajhrbXhqQ0pwUlZYUE9qVkdTY0hGdzQ2RTRsY0hudzE1WVhRcFRjZjhUVk5uN1JlY1hTR0dCL1Q4NStlUTRPODFaWFlyR1BPQzJ3eW9NNm9Scmc0ck9PSHJjVTkyR2RSRzA1N2wvY0RIaTNrcjFteWJ3SGdXOFozRlhBbHlJQUZGYjB5ZmxxL1BsYW9PU0NlNm5NUVI0VlIwUnN2ZzI3TmpkUTNDN3hlSks5Vyt3NysrNnR6MHEwWXBmcWRjZjV2a3p0b2F5OXZqaXFJS1BMaXlNN3lCOXdZVG8zTS9hQWNtWDVIMkRyeEl6RmlUZGcveDliYXVTdUkyUHdhRDhlMW9Cckp0NSs1Q2VVM3dYbExrRjRzWHlaaG9jWU1raHhNS0RWU2wvY3hyMEkzY2Q0SW9MdmN0cnFaNTNrV1VYaVdua1VYWHNqTzE4SG5RczdzSFNGNVdJYzVITWFVcEwxYkpBR0pjaU9wNFdteXJOWmowblc2cUZUOUxXanE4d2ViL21GWGVGODNCVTlXQThsb0lWN2Fjb0dmaDBKcldFZ1FOWlZzSThZaERXdkF0NHp2SndKa0Fidjg0bERVTWIxb0o4K1J1MFBudnpBVGZTcXVNVU9lTHVoQnNLMnpubG1XcktUcm9BdzZZVmppQWdmd0lIeFM3eUt2MmN4WUF4SjRoYkdaMUV5allzR3NDR2RpRnYvYVpyS2h2aGRlazc0USs3cWxQNXM4N3hmL1ZqWWJrK0Y5RGtjV1RYL3prWWRYK3A0czRZcnpzODhtdUt4OE5jZkdaUjd3QUhGQkgzMVlCOW1jRTd6UkJ4RjVFZ0lEVzByV2R5eFI5Y1IyZWNzZXJ6bFdTaFBzM25NUFU0Ty9GOHE0cHhCamd1eGgyNXlCakg2TkNoN1poVk1sd3lDRXdqRzFXS1FrSDF4V1h0OW9TLy9wbTFBWitIY1V3MmkwU2FJaTZXYkZJMnRxTHJjdDN4cHhrdU9YdnN1SjJZU3B3aGtlZi8yZTFhQjlrSE8xM3ZvNndxMXRxYW5tUTRGM0hjekdORExPWUF0ck0zZlpwOTZpeGgxakUvaXVKNlZYS0ZyTGNZODFpeCt2dSs3Qm5RVjdINVQ0TWRPOVk5dnM5SUYraCtRQ0s4dGkvb3QvVGNOMkswN1FtVTh4QUF1TjVLai83MEdKUXc5OFRXRkltNmlTM2RsRlJvakJHalpqOVZndkxQcS9qcEUwcTRrYmJzdmJieE5WRFpRSkpkc3FzMWk3Q3hrc0FQN0t5b0V6M1o2V0NTbnJXQVNsZEptamlTMWNxbzBtSEw0RC80TEM0SnJTNStva3d2MXRoUzJCZU5mVnVSNlNPb0VZMjNsL1JOQzFvQnVGdjdaZ3pDYnNScWhlcmg4QzU3NUxFc0tmY24ydzMzejNmQitGV2JqTXdLd2wrQ2w4bXNZeDRyR2Y2SGdvZnJtUzU0ZkpHTUhhN1J3TFAwYk5ScWN1SVVSS3lCdStreklNNm1QeWZiU0lqOGNMdGpkbWhoY1R2MEVySE1wYlJlcEg4VHNXU2xlenZEczlNL3AzdklBRi9rMkxNNkFoUmJrRWQwQ1FlbTdTVTZQdDc5YmtMcHNXOTNiUnRhNG9XUW4vazNjaU8yREY4WmZ6dlVzYlVxMWdMcGt2Z0xBRzZPVGhxV200MnY3RmloTXF0M01MeENQM0tDeFc2T2tjSFV6MDE3bE1HWUp4dUIwQWQ5RW9tNFJTb0JGakdreU9PbS9GcmpNZEtiRmZQdDFvdzRmeVh2KzNLVk50L2xRMXJFMmNPb0lxVEN2YnlXa1U1MFY5K1ZaekhuaHczSTBEdlZOcFIrYm51NWV6NFhVL3Y0K0hIaWtrTHhURGZmVm5aQjFINWJpV3FFTnpSU2lzYzNEL0dXM0RxYk9IYUYrcFhsbXN1Zy9pYUJ4UHhIeWdPaXZHUzYyNHk4SFlncG45M2dqVVl5eEZkM1NhUU5EdVEvb2g1b1prRFJKNkJ2YWg5RkZsMDVpQmZEQy9TekQyWGg2bEtLdEJqcjN1WXFQbTZuZ1B6a3lQUjR0d0V2MjAvQlIxSXRuUGtNQnVjNE1sNnFvQ0QzWFd0TjVlV3ZKNVpqS09lSk52aVRvdCttNm5Xdkt2RWtsSXVuRW1pU1o0eExBRnhTZFZ4WjZrTEltSFVxZTAwUG5ya0pGZHpocUtPVjVWMk4rR25rK3JSemJWM0JZcXBJWlNzYmVsbkV0RytOdUI2U0hXVUZ6NEpRZVNGMGxHWCs5U1ZYemRqQ0MzUjJrdHlXNVF0bUMxQkh4b1FBUEJsWFJpU3dubG1kOWxSdFJlUThuUkQwemRrZnFoYWdvWTR5TEhyeWRNTFBSWnlaOExRNEdyOTI4ZFJzVFAvcnMyVzlqblNuMFpENVZpbVRqWnVkYXhmYklxZlBDRy93UUEzVHd4QzBaK01hbWtOV3FIWlByL042cGp6c2kvVTlYY0M4eTRIZTRMNzlndVZRYTFic3dZYUVkOTN2cE9WOEZVNWZXTEZuMUNHcEhnZVZpZTBKVU9xYmdzaGhhdUIyeDBDYko4eDg2RzhNdk52Q0k5em9pZGpwMWVmUGVWL1R4UHY0RVRiZGR3YURXVDBJYnFqUnZMbXVDc2Rzc05HS09vSW5NNGZTQm92UnB3SG5VdThkaWxrU2pNOUVUa1d4a2lNSThzbTB0NURRMXp2dGttWXpnK1dHQ2xxS1ZZVVV5SGRDUjVFUlRWcjJDdkhJWmxaMDNjZkM1MUJkbXFjL0ExTTgvQStjS2NFN2JobXBFclUvcXc1NUIxWGJIODlTME1pL2xDaGxqNFhCUXhWeGlVSUN4L2daN2p4SWtvSUFCTGQ4bkpockZPV09NeDBSczBMS0RPL0M3bVZ3NHU3WE9GTkJvaTJTMldtNi9LRVdtR2Y3S1ZMSmtHcXBYaWIyK0VtYytocStFVnBxR3JqSC8rMWRHZ25ZWUEvYlkxRU1nTU8weU9yTjVTdHZRbHQyc01MS2N3RDFwbng2Z1piNUFCV0JCZW10VEZzN3BWVWx5UG9ZMHJabmczbnNmazJ5eVBUd3FXWjVxT00wcksrM3F2dnBEWFpkQi92ajFlT3ZqazN2SVQwSWh6OENvRlA2RFBzUE9ER1VueExvTnI4S3RXazFpQ056VkFmVVdoN1M2WWtockRQRlN4YkdjWVkrVGd5cXFXZmJBaDZ0UDdyWW9KZm5USjhWSTBsQjY5RmlDWVM3YVMvSytxV29VMEZxczVxQU1GSCsxNmQ2Q2g5ZmpxaXpQMC9NZHMyejI4a3ZCZ3pCN0dmaUxFcGpkcGo4ZHdmMkFQT25xZHdYd2xkbHhWNFdyTm1qbXdBRWpMRzBuT25uS0FPVmJUaW5aQUNod2M0cTR4eDg4UjNSV1FuQi8vTXRJd0JFWUpwU1Rhb2NFa2R5OENpL1hnM2x0U2ZXTWZpelUzNzNNdTBsUEFnRFVza2pXUWIxaFo1YmZyL3JoZjQ3TXUza0tGY2VYUm9XQTZrUGsxREZmMCtsQWpVS2VCcjdMVGsxdC9DWU5BdlJwQTF1dWh6ZEJjM2lMeEorcTREcWllbnl1TDd3RjhwWFpMcW93elkyVkhQZkc3Q2V1S2ZaYy9VV1lWOGE4SXJ3UCszODcrSWhpT28vRWtpWTFaam1yRWczMTBIbnVoWXpZcHBrUm1rdkg4a2dxZmp0SkZmTE1LUzRLMlc0SnZwMjdsUDFBbVpSVWUxUDB3aVRCb2srU2h5WnNGTklYQngxTDg1bGxDZWhSTTZKdzVZSHZOY21HNlFPbERyZkkyYlVtS1JhT3B2VUc2aGZmZy9OQko5SXI2NUI1V0cvOTc4L0RKUzBJa1NoWUF5THB0N3pJVFFrNm1rK0JCVlduQmp6ZHl5d1htV0owbFRCWjVtbVJhQzY5dWNzWFQxWVp4c2tqazJvRDlFd0UySDdKN2FrNkpiMFZKUFVFSU9iQ05wbFZPNkgxSzJxVTYrOU8zell3a0YvZS9WL1YzcjJEQlAwWUdiOVdOWmYrYmhhemFncHB6TUdnNW05NWFLNEkzenBHcitMWUV6K21UMkE5bER3OGdqNGgyNG0vcUV6K1B2MzZXM1BadEdwa2VMNEN2eDg2NkJSQXd4REJDVW1NT1VXT1pBajFTRGdGeXA4U1RlcGcvNXFDanY1S0t0cjViOEJLWU1VNHJlZk5URXIwcjF6eW1SZEVBRkh5QWxwQ0YzZ2Ric1lueFdTV24wM0FoR3lkOFYwdmNBdGptWDVQT0dkL2QwemVnUGxqRGdUZlY5c295VVdSLzkyTHo4Z3Yrb3VITGk4bTBBb1JVUkJWaHlONWREVHd5SWtyUlZTOTFsVTVFNHA5QitBMG53MHZhUmZmanc3bEs0TkxuRTJSTlpaQXBHMzhaWllCWDB4dFpKV1ByUFl2Z3NGejBkSkdpUmRGckI0bmo4eS96SWZpbkU4ZHVYRlliOXEwcEhheC8zbmJCLzJhTVFOeW5LU0dWSGtNTElkM1EyUGsreTVNT2tueU5wcFBFU2RCT0RrdmFvaG9xSXdwQlBQUUxKTFJMTFNNVUlZSVpqeFROdGx3YUJ5SnM0L0ZVd3RLSFV6UXViVnN6SEw1SGdaK0dVTGdpVzk3OXhucVNLd0VZNmFmb1VPdW80NnpOeDZNS09hcVpZM09IZmlTTVdBazdMTHJSc2FJeUt4WXRTVUU5eUJIYVpKZnAvR2M3Q1c2cFhXOXVhSGU5Q0J2bjR0dXlZUGloUXdEWnZnNVRtQWZoWFlpUE10MFNNSG9pQkNVZmJDa1R1WERITE1PVlo3WGxId01XK0tZQmJxYTRweXdRZTM1Zy9VbjhieGVKTUhkM3lpSXliaTlvcUNqb2xYUWRseGVTa015OWxhRXRWNWhObURuN0pRa0NtNHBnS2o5WjVNdDE4WTNaNllWVWMwZ1dtZjZwbWdNdUcydk1jaG5sRnBmOTNNSWQrVmo1ZGxPbWVITVNBUWl6YU8yempLanoycllVRUZVTVNSakw3NG9kVEhrZGRlbTQydVdlNlV2YVRkUXN6SWFsMHlZRnZXb2JEYzhDWndwUTc3c2pyQ2ZHZ0poWVhGWTdRcmxndE1PQmhOeFM4ZU9oM1pCMEtJaWZvSnMwMHJUSEpTZ2VWczZWZUwydFkzd0h2bGowSE0zd09ZbWgxZzJFYVZnVlFOcGU1YTZqWjQwTVZROHZvM2I0Y3JzZVRGRGk5MEp6NVI2K1l1UzRIWitNSndDYWk0MHNSRVlUenFFSHM1RkZnN3BxY1AwR3EwN3dZVDR5RUt3SklOVVdpQlp0ZndMSHA1VnVXM0xKeHVsdVlSTUpIUnJLLy9lK2NiMUdiMnNqc0s1eGczd3B4R1YwbmR6Mml0WDlNUkx4aC8xZHVXOXF5dStIZy9YMWhlbjM2V1lCRTdkYmxzK2RxdTNtcm92MmxLV0U4NzZKMXVXTzYyTU13ZGl4eUZqY1pYTzdQNWNYaS9wR3JsUTQ2YlpXS0UzSWwrT1dhNnBuRDVDRlZpaHVKK2V5WmVzekFPVThzZnhhbGY5NHltaEJlaWlRMVIvZjdVSURScnVkbEJsekwxWjBpSExjckZWRVJISU5LNzR3RUZ1V0laTFFQYm9PQU9LRHJxVC9pOUtWakZGa1RZZDVEYXM3MksxK2JpMS94YkhOQWsvaUlmOXBSelE4ak9FTFUvam1YbWQyVEF5ckk5bzNybGJHaDNNbzRzWUo5ZzlVUW5OR0dIR2lsUDJ4UXRIY1BObzhOMk8xUGNiblNhNkRFK2RXQ1YxMnRZNWd0b2xoQnBib21WSHlhZnRSWVZUNXFWRVhrdVI4SEQ4K1I5cWYzdWFza2ZHWjQ3OTdaakRhc2h5dXRickRVNDd2R2Y2UHVsNVliWG9TUTIrS0lmQW4vZS9VcmFtVlVNZXZmbE8wSUpqaUxZTWdPYS9QNGIrODd5Lzl4R1R0RnpoV2xzNlQ3WllYeDJ3Y3VQd1p2bFkyN0YzVVBDQnE3QlZqTUdtS1BPQjV4MlVxR0krNDgyamRGZkhCZGJtdFRnTXd3ZW85U3VsUkRLRmROeElNUWg2amZIU0VYRElXWDhXYVNTZGszcXlXemtXaDRiRmtiV1VnbWN3TThTaXkzUkR1anhnTUNiUWpFdkxkbzB5bDJ1Vi9oZ0REWXp1eXVBWVFmMks0TDRydGgvK2hWT3NLZ2JlTHByYTd0YkFHaE14V21lbnNWa1luU0pqYmIyUkc2cnpCSG5JQW51ZWdkN0xoYkxVUEdGWU4xc3hHdmVNaWJpamd0QlFpbjE0Y1JObXV2NTA4bkFHYnVsZ2pPZG9UQkdWQ3EwY2VZajM2SjBCc1B2TzB4UU0zbkI5NjFlSDMvL1RzZkQ5Ym9uTEs0aGNQdmxvNzlTdXA2UElqU3ZRdlRzK1BEVkpLL0hQMUEvb0szZGpxTVpNL3NPdXpvc1FmcWg3YldDWUV4Z21qQ2FmeUU5bHhOWVFYdXZNK0RvRW1jemJuaVVOSVBVVmR4TW1OalJkQnM3VzZZUmZiS0luUUxlRjd6TERVYTNBYkFGaUFnQVFLMDYvaVhxUm5jRnVjU0R5bll5aHlPRk5UeWJrZnpRa3YySWZmejNPcGMzWENQeEdmdERoVW9yUTRtNW1LWjg5aVh2QTJrdWE1NzF0MzB1bTNualZKckg3Z3JTeUMvUnZUaVlRTGNYK0t6M2k0b0RYRkMzY05oSW4xV21DQkR3VXhjYkUzeTN3bWNkZ2NBeHRtWDJQQVkxTlBUSTBkV2x0ZXJHMytHV294K3lHRTczOUxQMjZVa0tFT1JRWFlpY0gzU3NKYlZnd0ZHMlpJTnlSWWtMV20rMzJnUHEwUHB3dTl0ckl4Wkg5b3hpalRFWHdMUUhQdjZQUURwL05IRUhMZFhIWkZmZndEbmhqTTFXSndSVkdJNDVSZE16dEoyMzF5WHUxNEkyTWF5eDhhbVdXT3BGa3VIbmJEV3NhWDZzWEtxYmdWMmRXajhqaW9MWUQvVTNodFNXclJDMjROMk1WSEtNSGNpRmNqamFjd0NGOUVZTGNjOGE5RGtlUDVyQXNBaWR6QnhzclZpdndCbEpiVENXd0cwQmVrcjRpb3J4VUpVZDNwVzZLWmkxOEVlYUl5Q09EbUJqTC9WOE1IYjZYMGNNOTZkdG40ZmtmQjZpTDIwZWhUZGxQMUhjWGR6SGZZN21zeExrSCtHTWpvQkN2Rlcwd21qMjVHV2ZxYyt2WTlzaDROeHRSU0FKSUVrcVZYTU82cDIrNFRQSWp3TnhFcXV6ODZzYVlaNng4cWZnU1g4a1ZPWjcySlZDNVhHaFFySXhzTyt2RWhEbXNJaHh6WFRBcVkrcy9VdmtFdFFTRzFCN0l2WFZvaU5lNVlwN3NoR0pRS1RFdnlVdUNnQy9ZSm1yYkQ3WHh5YUpwQmo5YVlYRmNGTlF3Yml2LzFNNTBOUjc5WmN4ZlpEK2RadFJoanNSRzlMY3lBQmpyc0Q2SFVXVVA1WXFzSVV0aHByWGR5VFNvRndBQ1hmQWdvaWl6ZitZMGpDY0dWUlhic2xGOHpibkIzS21WakwwYTVXOTQwSTB3a1pkNWJqck5vOG9ST1RzL3A2djRYM3N0cTZ1SXdGUHE5b2xoTTY0VU81OEtiWHZLODhZcTVWNk9xTEF3UDRDTGtQdUR5K2F6TEtHR1Rxa1g3VzNWd2xmWHFjWnl0L0psaE50WTBBbThNeGtVUWxVL1prZStlVHpGTWtCMW5SQ2RwNk5vYWJ2cHEvUmI0bCtGVVRyR1pjdHBOVlpoN0tKaEg1Y0pXa012RjBNUHBOdkRmM1I3Z1FtczFWWUI2bkdZRnFRRzI1M2FpSDB2VHJUZWY2aUt0cnE4S3dJb3J3WE9XRFdNZkFONWl2cWlPYWRaeU55LzA1cUVXcU5EbUxwMm9UQU9UemI4eHhwc3V0Tmx0M1J5U3FGWTZ1RkRZeEhySWFJdTluZzhJTXdZYTdTMlJJeDhwZHNKRHM2YUowWHhmcWw4VWpUUHdURFBJV2dGZ0tUWkN0eTRtNDA0K01HV29uVUp6OGp3Ni9kdFl0ZFBMVzA9IiBDb3JyZWxhdGlvbkJpbmRpbmc9IiIgVXJsRW5jb2RlPSJUcnVlIiAvPg0KICAgICAgICA8Rm9ybVBvc3RQYXJhbWV0ZXIgTmFtZT0iY3RsMDAkTWFpbkNvbnRlbnQkZGRsYkNhdGVnb3J5IiBWYWx1ZT0iMSIgUmVjb3JkZWRWYWx1ZT0iMSIgQ29ycmVsYXRpb25CaW5kaW5nPSJ7e0Zvcm1Qb3N0UGFyYW00LmN0bDAwJE1haW5Db250ZW50JGRkbGJDYXRlZ29yeX19IiBVcmxFbmNvZGU9IlRydWUiIC8+DQogICAgICAgIDxGb3JtUG9zdFBhcmFtZXRlciBOYW1lPSJjdGwwMCRNYWluQ29udGVudCRidG5TZWFyY2giIFZhbHVlPSJTZWFyY2giIFJlY29yZGVkVmFsdWU9IlNlYXJjaCIgQ29ycmVsYXRpb25CaW5kaW5nPSJ7e0Zvcm1Qb3N0UGFyYW0zLmN0bDAwJE1haW5Db250ZW50JGJ0blNlYXJjaH19IiBVcmxFbmNvZGU9IlRydWUiIC8+DQogICAgICAgIDxGb3JtUG9zdFBhcmFtZXRlciBOYW1lPSJjdGwwMCRNYWluQ29udGVudCRkZGxiRG9jVHlwZXMiIFZhbHVlPSItMSIgUmVjb3JkZWRWYWx1ZT0iLTEiIENvcnJlbGF0aW9uQmluZGluZz0ie3tGb3JtUG9zdFBhcmFtNS5jdGwwMCRNYWluQ29udGVudCRkZGxiRG9jVHlwZXN9fSIgVXJsRW5jb2RlPSJUcnVlIiAvPg0KICAgICAgICA8Rm9ybVBvc3RQYXJhbWV0ZXIgTmFtZT0iY3RsMDAkTWFpbkNvbnRlbnQkZGRsYkVsZW1lbnROYW1lMSIgVmFsdWU9IjIiIFJlY29yZGVkVmFsdWU9IjIiIENvcnJlbGF0aW9uQmluZGluZz0ie3tGb3JtUG9zdFBhcmFtNi5jdGwwMCRNYWluQ29udGVudCRkZGxiRWxlbWVudE5hbWUxfX0iIFVybEVuY29kZT0iVHJ1ZSIgLz4NCiAgICAgICAgPEZvcm1Qb3N0UGFyYW1ldGVyIE5hbWU9ImN0bDAwJE1haW5Db250ZW50JGRkbGJCb29sMSIgVmFsdWU9Ij0iIFJlY29yZGVkVmFsdWU9Ij0iIENvcnJlbGF0aW9uQmluZGluZz0ie3tGb3JtUG9zdFBhcmFtNy5jdGwwMCRNYWluQ29udGVudCRkZGxiQm9vbDF9fSIgVXJsRW5jb2RlPSJUcnVlIiAvPg0KICAgICAgICA8Rm9ybVBvc3RQYXJhbWV0ZXIgTmFtZT0iY3RsMDAkTWFpbkNvbnRlbnQkdGJWYWwxXzEiIFZhbHVlPSJBMDAwMDAwMDAwMCIgUmVjb3JkZWRWYWx1ZT0iQTAwMDAwMDAwMDAiIENvcnJlbGF0aW9uQmluZGluZz0iIiBVcmxFbmNvZGU9IlRydWUiIC8+DQogICAgICAgIDxGb3JtUG9zdFBhcmFtZXRlciBOYW1lPSJjdGwwMCRNYWluQ29udGVudCRkZGxiRWxlbWVudE5hbWUyIiBWYWx1ZT0iNzAiIFJlY29yZGVkVmFsdWU9IjcwIiBDb3JyZWxhdGlvbkJpbmRpbmc9Int7Rm9ybVBvc3RQYXJhbTguY3RsMDAkTWFpbkNvbnRlbnQkZGRsYkVsZW1lbnROYW1lMn19IiBVcmxFbmNvZGU9IlRydWUiIC8+DQogICAgICAgIDxGb3JtUG9zdFBhcmFtZXRlciBOYW1lPSJjdGwwMCRNYWluQ29udGVudCRkZGxiQm9vbDIiIFZhbHVlPSI9IiBSZWNvcmRlZFZhbHVlPSI9IiBDb3JyZWxhdGlvbkJpbmRpbmc9Int7Rm9ybVBvc3RQYXJhbTkuY3RsMDAkTWFpbkNvbnRlbnQkZGRsYkJvb2wyfX0iIFVybEVuY29kZT0iVHJ1ZSIgLz4NCiAgICAgICAgPEZvcm1Qb3N0UGFyYW1ldGVyIE5hbWU9ImN0bDAwJE1haW5Db250ZW50JHRiVmFsMV8yIiBWYWx1ZT0iIiBSZWNvcmRlZFZhbHVlPSIiIENvcnJlbGF0aW9uQmluZGluZz0iIiBVcmxFbmNvZGU9IlRydWUiIC8+DQogICAgICAgIDxGb3JtUG9zdFBhcmFtZXRlciBOYW1lPSJjdGwwMCRNYWluQ29udGVudCRkZGxiRWxlbWVudE5hbWUzIiBWYWx1ZT0iNyIgUmVjb3JkZWRWYWx1ZT0iNyIgQ29ycmVsYXRpb25CaW5kaW5nPSJ7e0Zvcm1Qb3N0UGFyYW0xMC5jdGwwMCRNYWluQ29udGVudCRkZGxiRWxlbWVudE5hbWUzfX0iIFVybEVuY29kZT0iVHJ1ZSIgLz4NCiAgICAgICAgPEZvcm1Qb3N0UGFyYW1ldGVyIE5hbWU9ImN0bDAwJE1haW5Db250ZW50JGRkbGJCb29sMyIgVmFsdWU9Ij0iIFJlY29yZGVkVmFsdWU9Ij0iIENvcnJlbGF0aW9uQmluZGluZz0ie3tGb3JtUG9zdFBhcmFtMTEuY3RsMDAkTWFpbkNvbnRlbnQkZGRsYkJvb2wzfX0iIFVybEVuY29kZT0iVHJ1ZSIgLz4NCiAgICAgICAgPEZvcm1Qb3N0UGFyYW1ldGVyIE5hbWU9ImN0bDAwJE1haW5Db250ZW50JHRiVmFsMV8zIiBWYWx1ZT0iIiBSZWNvcmRlZFZhbHVlPSIiIENvcnJlbGF0aW9uQmluZGluZz0iIiBVcmxFbmNvZGU9IlRydWUiIC8+DQogICAgICAgIDxGb3JtUG9zdFBhcmFtZXRlciBOYW1lPSJjdGwwMCRNYWluQ29udGVudCRkZGxiRWxlbWVudE5hbWU0IiBWYWx1ZT0iNSIgUmVjb3JkZWRWYWx1ZT0iNSIgQ29ycmVsYXRpb25CaW5kaW5nPSJ7e0Zvcm1Qb3N0UGFyYW0xMi5jdGwwMCRNYWluQ29udGVudCRkZGxiRWxlbWVudE5hbWU0fX0iIFVybEVuY29kZT0iVHJ1ZSIgLz4NCiAgICAgICAgPEZvcm1Qb3N0UGFyYW1ldGVyIE5hbWU9ImN0bDAwJE1haW5Db250ZW50JGRkbGJCb29sNCIgVmFsdWU9Ij0iIFJlY29yZGVkVmFsdWU9Ij0iIENvcnJlbGF0aW9uQmluZGluZz0ie3tGb3JtUG9zdFBhcmFtMTMuY3RsMDAkTWFpbkNvbnRlbnQkZGRsYkJvb2w0fX0iIFVybEVuY29kZT0iVHJ1ZSIgLz4NCiAgICAgICAgPEZvcm1Qb3N0UGFyYW1ldGVyIE5hbWU9ImN0bDAwJE1haW5Db250ZW50JHRiVmFsMV80IiBWYWx1ZT0iIiBSZWNvcmRlZFZhbHVlPSIiIENvcnJlbGF0aW9uQmluZGluZz0iIiBVcmxFbmNvZGU9IlRydWUiIC8+DQogICAgICAgIDxGb3JtUG9zdFBhcmFtZXRlciBOYW1lPSJjdGwwMCRNYWluQ29udGVudCRkZGxiRWxlbWVudE5hbWU1IiBWYWx1ZT0iOSIgUmVjb3JkZWRWYWx1ZT0iOSIgQ29ycmVsYXRpb25CaW5kaW5nPSJ7e0Zvcm1Qb3N0UGFyYW0xNC5jdGwwMCRNYWluQ29udGVudCRkZGxiRWxlbWVudE5hbWU1fX0iIFVybEVuY29kZT0iVHJ1ZSIgLz4NCiAgICAgICAgPEZvcm1Qb3N0UGFyYW1ldGVyIE5hbWU9ImN0bDAwJE1haW5Db250ZW50JGRkbGJCb29sNSIgVmFsdWU9Ij0iIFJlY29yZGVkVmFsdWU9Ij0iIENvcnJlbGF0aW9uQmluZGluZz0ie3tGb3JtUG9zdFBhcmFtMTUuY3RsMDAkTWFpbkNvbnRlbnQkZGRsYkJvb2w1fX0iIFVybEVuY29kZT0iVHJ1ZSIgLz4NCiAgICAgICAgPEZvcm1Qb3N0UGFyYW1ldGVyIE5hbWU9ImN0bDAwJE1haW5Db250ZW50JHRiVmFsMV81IiBWYWx1ZT0iIiBSZWNvcmRlZFZhbHVlPSIiIENvcnJlbGF0aW9uQmluZGluZz0iIiBVcmxFbmNvZGU9IlRydWUiIC8+DQogICAgICAgIDxGb3JtUG9zdFBhcmFtZXRlciBOYW1lPSJjdGwwMCRNYWluQ29udGVudCRkZGxiRWxlbWVudE5hbWU2IiBWYWx1ZT0iNzUiIFJlY29yZGVkVmFsdWU9Ijc1IiBDb3JyZWxhdGlvbkJpbmRpbmc9Int7Rm9ybVBvc3RQYXJhbTE2LmN0bDAwJE1haW5Db250ZW50JGRkbGJFbGVtZW50TmFtZTZ9fSIgVXJsRW5jb2RlPSJUcnVlIiAvPg0KICAgICAgICA8Rm9ybVBvc3RQYXJhbWV0ZXIgTmFtZT0iY3RsMDAkTWFpbkNvbnRlbnQkZGRsYkJvb2w2IiBWYWx1ZT0iPSIgUmVjb3JkZWRWYWx1ZT0iPSIgQ29ycmVsYXRpb25CaW5kaW5nPSJ7e0Zvcm1Qb3N0UGFyYW0xNy5jdGwwMCRNYWluQ29udGVudCRkZGxiQm9vbDZ9fSIgVXJsRW5jb2RlPSJUcnVlIiAvPg0KICAgICAgICA8Rm9ybVBvc3RQYXJhbWV0ZXIgTmFtZT0iY3RsMDAkTWFpbkNvbnRlbnQkdGJWYWwxXzYiIFZhbHVlPSIiIFJlY29yZGVkVmFsdWU9IiIgQ29ycmVsYXRpb25CaW5kaW5nPSIiIFVybEVuY29kZT0iVHJ1ZSIgLz4NCiAgICAgIDwvRm9ybVBvc3RIdHRwQm9keT4NCiAgICA8L1JlcXVlc3Q+DQogICAgPFJlcXVlc3QgTWV0aG9kPSJHRVQiIEd1aWQ9IjA1MDBlODAwLWU0NzMtNGEwOC05MDc5LTlhN2Y3OTE5OTNhNSIgVmVyc2lvbj0iMS4xIiBVcmw9Imh0dHA6Ly8xNzIuMjkuOS4xMjEvSW1hZ2VWaWV3LmFzcHgiIFRoaW5rVGltZT0iMSIgVGltZW91dD0iMzAwIiBQYXJzZURlcGVuZGVudFJlcXVlc3RzPSJUcnVlIiBGb2xsb3dSZWRpcmVjdHM9IlRydWUiIFJlY29yZFJlc3VsdD0iVHJ1ZSIgQ2FjaGU9IkZhbHNlIiBSZXNwb25zZVRpbWVHb2FsPSIwIiBFbmNvZGluZz0idXRmLTgiIEV4cGVjdGVkSHR0cFN0YXR1c0NvZGU9IjAiIEV4cGVjdGVkUmVzcG9uc2VVcmw9IiIgUmVwb3J0aW5nTmFtZT0iIiBJZ25vcmVIdHRwU3RhdHVzQ29kZT0iRmFsc2UiPg0KICAgICAgPEhlYWRlcnM+DQogICAgICAgIDxIZWFkZXIgTmFtZT0iUmVmZXJlciIgVmFsdWU9Imh0dHA6Ly8xNzIuMjkuOS4xMjEvU2VhcmNoUmVzdWx0cy5hc3B4P2NhdGtleT0xJmFtcDt3aGVyZWNsYXVzZT0oKysoK1NoaXBtZW50TmJyKyUzZCslMjdBMDAwMDAwMDAwMCUyNyspKyspK0FORCtDb3VudHJ5Q29kZSslM2QrJTI3Q0ElMjcmYW1wO2F1dG9pbWFnZT1GYWxzZSZhbXA7c2VhcmNoYXJjaGl2ZT1GYWxzZSZhbXA7U2hpcG1lbnROYnI9QTAwMDAwMDAwMDAiIC8+DQogICAgICA8L0hlYWRlcnM+DQogICAgICA8RXh0cmFjdGlvblJ1bGVzPg0KICAgICAgICA8RXh0cmFjdGlvblJ1bGUgQ2xhc3NuYW1lPSJNaWNyb3NvZnQuVmlzdWFsU3R1ZGlvLlRlc3RUb29scy5XZWJUZXN0aW5nLlJ1bGVzLkV4dHJhY3RIaWRkZW5GaWVsZHMsIE1pY3Jvc29mdC5WaXN1YWxTdHVkaW8uUXVhbGl0eVRvb2xzLldlYlRlc3RGcmFtZXdvcmssIFZlcnNpb249MTAuMC4wLjAsIEN1bHR1cmU9bmV1dHJhbCwgUHVibGljS2V5VG9rZW49YjAzZjVmN2YxMWQ1MGEzYSIgVmFyaWFibGVOYW1lPSIxIiBEaXNwbGF5TmFtZT0iRXh0cmFjdCBIaWRkZW4gRmllbGRzIiBEZXNjcmlwdGlvbj0iRXh0cmFjdCBhbGwgaGlkZGVuIGZpZWxkcyBmcm9tIHRoZSByZXNwb25zZSBhbmQgcGxhY2UgdGhlbSBpbnRvIHRoZSB0ZXN0IGNvbnRleHQuIj4NCiAgICAgICAgICA8UnVsZVBhcmFtZXRlcnM+DQogICAgICAgICAgICA8UnVsZVBhcmFtZXRlciBOYW1lPSJSZXF1aXJlZCIgVmFsdWU9IlRydWUiIC8+DQogICAgICAgICAgICA8UnVsZVBhcmFtZXRlciBOYW1lPSJIdG1sRGVjb2RlIiBWYWx1ZT0iVHJ1ZSIgLz4NCiAgICAgICAgICA8L1J1bGVQYXJhbWV0ZXJzPg0KICAgICAgICA8L0V4dHJhY3Rpb25SdWxlPg0KICAgICAgPC9FeHRyYWN0aW9uUnVsZXM+DQogICAgICA8Q29ycmVsYXRpb25FeHRyYWN0aW9uUnVsZXM+DQogICAgICAgIDxFeHRyYWN0aW9uUnVsZSBDbGFzc25hbWU9Ik1pY3Jvc29mdC5WaXN1YWxTdHVkaW8uVGVzdFRvb2xzLldlYlRlc3RpbmcuUnVsZXMuRXh0cmFjdFRleHQsIE1pY3Jvc29mdC5WaXN1YWxTdHVkaW8uUXVhbGl0eVRvb2xzLldlYlRlc3RGcmFtZXdvcmssIFZlcnNpb249MTAuMC4wLjAsIEN1bHR1cmU9bmV1dHJhbCwgUHVibGljS2V5VG9rZW49YjAzZjVmN2YxMWQ1MGEzYSIgVmFyaWFibGVOYW1lPSJRdWVyeVN0cmluZ1BhcmFtMS5jYXRrZXkiIERpc3BsYXlOYW1lPSIiIERlc2NyaXB0aW9uPSIiPg0KICAgICAgICAgIDxSdWxlUGFyYW1ldGVycz4NCiAgICAgICAgICAgIDxSdWxlUGFyYW1ldGVyIE5hbWU9IlN0YXJ0c1dpdGgiIFZhbHVlPSI/Y2F0a2V5PSIgLz4NCiAgICAgICAgICAgIDxSdWxlUGFyYW1ldGVyIE5hbWU9IkVuZHNXaXRoIiBWYWx1ZT0iJmFtcDsiIC8+DQogICAgICAgICAgICA8UnVsZVBhcmFtZXRlciBOYW1lPSJJbmRleCIgVmFsdWU9IjAiIC8+DQogICAgICAgICAgICA8UnVsZVBhcmFtZXRlciBOYW1lPSJJZ25vcmVDYXNlIiBWYWx1ZT0iRmFsc2UiIC8+DQogICAgICAgICAgICA8UnVsZVBhcmFtZXRlciBOYW1lPSJVc2VSZWd1bGFyRXhwcmVzc2lvbiIgVmFsdWU9IkZhbHNlIiAvPg0KICAgICAgICAgICAgPFJ1bGVQYXJhbWV0ZXIgTmFtZT0iSHRtbERlY29kZSIgVmFsdWU9IlRydWUiIC8+DQogICAgICAgICAgICA8UnVsZVBhcmFtZXRlciBOYW1lPSJSZXF1aXJlZCIgVmFsdWU9IkZhbHNlIiAvPg0KICAgICAgICAgIDwvUnVsZVBhcmFtZXRlcnM+DQogICAgICAgIDwvRXh0cmFjdGlvblJ1bGU+DQogICAgICAgIDxFeHRyYWN0aW9uUnVsZSBDbGFzc25hbWU9Ik1pY3Jvc29mdC5WaXN1YWxTdHVkaW8uVGVzdFRvb2xzLldlYlRlc3RpbmcuUnVsZXMuRXh0cmFjdFRleHQsIE1pY3Jvc29mdC5WaXN1YWxTdHVkaW8uUXVhbGl0eVRvb2xzLldlYlRlc3RGcmFtZXdvcmssIFZlcnNpb249MTAuMC4wLjAsIEN1bHR1cmU9bmV1dHJhbCwgUHVibGljS2V5VG9rZW49YjAzZjVmN2YxMWQ1MGEzYSIgVmFyaWFibGVOYW1lPSJRdWVyeVN0cmluZ1BhcmFtMi5kb2NrZXkiIERpc3BsYXlOYW1lPSIiIERlc2NyaXB0aW9uPSIiPg0KICAgICAgICAgIDxSdWxlUGFyYW1ldGVycz4NCiAgICAgICAgICAgIDxSdWxlUGFyYW1ldGVyIE5hbWU9IlN0YXJ0c1dpdGgiIFZhbHVlPSImYW1wO2FtcDtkb2NrZXk9IiAvPg0KICAgICAgICAgICAgPFJ1bGVQYXJhbWV0ZXIgTmFtZT0iRW5kc1dpdGgiIFZhbHVlPSImYW1wOyIgLz4NCiAgICAgICAgICAgIDxSdWxlUGFyYW1ldGVyIE5hbWU9IkluZGV4IiBWYWx1ZT0iMCIgLz4NCiAgICAgICAgICAgIDxSdWxlUGFyYW1ldGVyIE5hbWU9Iklnbm9yZUNhc2UiIFZhbHVlPSJGYWxzZSIgLz4NCiAgICAgICAgICAgIDxSdWxlUGFyYW1ldGVyIE5hbWU9IlVzZVJlZ3VsYXJFeHByZXNzaW9uIiBWYWx1ZT0iRmFsc2UiIC8+DQogICAgICAgICAgICA8UnVsZVBhcmFtZXRlciBOYW1lPSJIdG1sRGVjb2RlIiBWYWx1ZT0iVHJ1ZSIgLz4NCiAgICAgICAgICAgIDxSdWxlUGFyYW1ldGVyIE5hbWU9IlJlcXVpcmVkIiBWYWx1ZT0iRmFsc2UiIC8+DQogICAgICAgICAgPC9SdWxlUGFyYW1ldGVycz4NCiAgICAgICAgPC9FeHRyYWN0aW9uUnVsZT4NCiAgICAgICAgPEV4dHJhY3Rpb25SdWxlIENsYXNzbmFtZT0iTWljcm9zb2Z0LlZpc3VhbFN0dWRpby5UZXN0VG9vbHMuV2ViVGVzdGluZy5SdWxlcy5FeHRyYWN0VGV4dCwgTWljcm9zb2Z0LlZpc3VhbFN0dWRpby5RdWFsaXR5VG9vbHMuV2ViVGVzdEZyYW1ld29yaywgVmVyc2lvbj0xMC4wLjAuMCwgQ3VsdHVyZT1uZXV0cmFsLCBQdWJsaWNLZXlUb2tlbj1iMDNmNWY3ZjExZDUwYTNhIiBWYXJpYWJsZU5hbWU9IlF1ZXJ5U3RyaW5nUGFyYW0zLnR5cGVpZCIgRGlzcGxheU5hbWU9IiIgRGVzY3JpcHRpb249IiI+DQogICAgICAgICAgPFJ1bGVQYXJhbWV0ZXJzPg0KICAgICAgICAgICAgPFJ1bGVQYXJhbWV0ZXIgTmFtZT0iU3RhcnRzV2l0aCIgVmFsdWU9IiZhbXA7YW1wO3R5cGVpZD0iIC8+DQogICAgICAgICAgICA8UnVsZVBhcmFtZXRlciBOYW1lPSJFbmRzV2l0aCIgVmFsdWU9IiZhbXA7IiAvPg0KICAgICAgICAgICAgPFJ1bGVQYXJhbWV0ZXIgTmFtZT0iSW5kZXgiIFZhbHVlPSIwIiAvPg0KICAgICAgICAgICAgPFJ1bGVQYXJhbWV0ZXIgTmFtZT0iSWdub3JlQ2FzZSIgVmFsdWU9IkZhbHNlIiAvPg0KICAgICAgICAgICAgPFJ1bGVQYXJhbWV0ZXIgTmFtZT0iVXNlUmVndWxhckV4cHJlc3Npb24iIFZhbHVlPSJGYWxzZSIgLz4NCiAgICAgICAgICAgIDxSdWxlUGFyYW1ldGVyIE5hbWU9Ikh0bWxEZWNvZGUiIFZhbHVlPSJUcnVlIiAvPg0KICAgICAgICAgICAgPFJ1bGVQYXJhbWV0ZXIgTmFtZT0iUmVxdWlyZWQiIFZhbHVlPSJGYWxzZSIgLz4NCiAgICAgICAgICA8L1J1bGVQYXJhbWV0ZXJzPg0KICAgICAgICA8L0V4dHJhY3Rpb25SdWxlPg0KICAgICAgICA8RXh0cmFjdGlvblJ1bGUgQ2xhc3NuYW1lPSJNaWNyb3NvZnQuVmlzdWFsU3R1ZGlvLlRlc3RUb29scy5XZWJUZXN0aW5nLlJ1bGVzLkV4dHJhY3RUZXh0LCBNaWNyb3NvZnQuVmlzdWFsU3R1ZGlvLlF1YWxpdHlUb29scy5XZWJUZXN0RnJhbWV3b3JrLCBWZXJzaW9uPTEwLjAuMC4wLCBDdWx0dXJlPW5ldXRyYWwsIFB1YmxpY0tleVRva2VuPWIwM2Y1ZjdmMTFkNTBhM2EiIFZhcmlhYmxlTmFtZT0iUXVlcnlTdHJpbmdQYXJhbTQuc2hpcGtleSIgRGlzcGxheU5hbWU9IiIgRGVzY3JpcHRpb249IiI+DQogICAgICAgICAgPFJ1bGVQYXJhbWV0ZXJzPg0KICAgICAgICAgICAgPFJ1bGVQYXJhbWV0ZXIgTmFtZT0iU3RhcnRzV2l0aCIgVmFsdWU9IiZhbXA7YW1wO3NoaXBrZXk9IiAvPg0KICAgICAgICAgICAgPFJ1bGVQYXJhbWV0ZXIgTmFtZT0iRW5kc1dpdGgiIFZhbHVlPSImYW1wOyIgLz4NCiAgICAgICAgICAgIDxSdWxlUGFyYW1ldGVyIE5hbWU9IkluZGV4IiBWYWx1ZT0iMCIgLz4NCiAgICAgICAgICAgIDxSdWxlUGFyYW1ldGVyIE5hbWU9Iklnbm9yZUNhc2UiIFZhbHVlPSJGYWxzZSIgLz4NCiAgICAgICAgICAgIDxSdWxlUGFyYW1ldGVyIE5hbWU9IlVzZVJlZ3VsYXJFeHByZXNzaW9uIiBWYWx1ZT0iRmFsc2UiIC8+DQogICAgICAgICAgICA8UnVsZVBhcmFtZXRlciBOYW1lPSJIdG1sRGVjb2RlIiBWYWx1ZT0iVHJ1ZSIgLz4NCiAgICAgICAgICAgIDxSdWxlUGFyYW1ldGVyIE5hbWU9IlJlcXVpcmVkIiBWYWx1ZT0iRmFsc2UiIC8+DQogICAgICAgICAgPC9SdWxlUGFyYW1ldGVycz4NCiAgICAgICAgPC9FeHRyYWN0aW9uUnVsZT4NCiAgICAgICAgPEV4dHJhY3Rpb25SdWxlIENsYXNzbmFtZT0iTWljcm9zb2Z0LlZpc3VhbFN0dWRpby5UZXN0VG9vbHMuV2ViVGVzdGluZy5SdWxlcy5FeHRyYWN0VGV4dCwgTWljcm9zb2Z0LlZpc3VhbFN0dWRpby5RdWFsaXR5VG9vbHMuV2ViVGVzdEZyYW1ld29yaywgVmVyc2lvbj0xMC4wLjAuMCwgQ3VsdHVyZT1uZXV0cmFsLCBQdWJsaWNLZXlUb2tlbj1iMDNmNWY3ZjExZDUwYTNhIiBWYXJpYWJsZU5hbWU9IlF1ZXJ5U3RyaW5nUGFyYW01LnJlc3VsdHBhZ2UiIERpc3BsYXlOYW1lPSIiIERlc2NyaXB0aW9uPSIiPg0KICAgICAgICAgIDxSdWxlUGFyYW1ldGVycz4NCiAgICAgICAgICAgIDxSdWxlUGFyYW1ldGVyIE5hbWU9IlN0YXJ0c1dpdGgiIFZhbHVlPSImYW1wO2FtcDtyZXN1bHRwYWdlPSIgLz4NCiAgICAgICAgICAgIDxSdWxlUGFyYW1ldGVyIE5hbWU9IkVuZHNXaXRoIiBWYWx1ZT0iJnF1b3Q7IiAvPg0KICAgICAgICAgICAgPFJ1bGVQYXJhbWV0ZXIgTmFtZT0iSW5kZXgiIFZhbHVlPSIwIiAvPg0KICAgICAgICAgICAgPFJ1bGVQYXJhbWV0ZXIgTmFtZT0iSWdub3JlQ2FzZSIgVmFsdWU9IkZhbHNlIiAvPg0KICAgICAgICAgICAgPFJ1bGVQYXJhbWV0ZXIgTmFtZT0iVXNlUmVndWxhckV4cHJlc3Npb24iIFZhbHVlPSJGYWxzZSIgLz4NCiAgICAgICAgICAgIDxSdWxlUGFyYW1ldGVyIE5hbWU9Ikh0bWxEZWNvZGUiIFZhbHVlPSJUcnVlIiAvPg0KICAgICAgICAgICAgPFJ1bGVQYXJhbWV0ZXIgTmFtZT0iUmVxdWlyZWQiIFZhbHVlPSJGYWxzZSIgLz4NCiAgICAgICAgICA8L1J1bGVQYXJhbWV0ZXJzPg0KICAgICAgICA8L0V4dHJhY3Rpb25SdWxlPg0KICAgICAgICA8RXh0cmFjdGlvblJ1bGUgQ2xhc3NuYW1lPSJNaWNyb3NvZnQuVmlzdWFsU3R1ZGlvLlRlc3RUb29scy5XZWJUZXN0aW5nLlJ1bGVzLkV4dHJhY3RGb3JtRmllbGQsIE1pY3Jvc29mdC5WaXN1YWxTdHVkaW8uUXVhbGl0eVRvb2xzLldlYlRlc3RGcmFtZXdvcmssIFZlcnNpb249MTAuMC4wLjAsIEN1bHR1cmU9bmV1dHJhbCwgUHVibGljS2V5VG9rZW49YjAzZjVmN2YxMWQ1MGEzYSIgVmFyaWFibGVOYW1lPSJGb3JtUG9zdFBhcmFtMS5jdGwwMCRNYWluQ29udGVudCR0YkN1cnJlbnRQYWdlIiBEaXNwbGF5TmFtZT0iIiBEZXNjcmlwdGlvbj0iIj4NCiAgICAgICAgICA8UnVsZVBhcmFtZXRlcnM+DQogICAgICAgICAgICA8UnVsZVBhcmFtZXRlciBOYW1lPSJOYW1lIiBWYWx1ZT0iTWFpbkNvbnRlbnRfdGJDdXJyZW50UGFnZSIgLz4NCiAgICAgICAgICAgIDxSdWxlUGFyYW1ldGVyIE5hbWU9Ikh0bWxEZWNvZGUiIFZhbHVlPSJUcnVlIiAvPg0KICAgICAgICAgICAgPFJ1bGVQYXJhbWV0ZXIgTmFtZT0iUmVxdWlyZWQiIFZhbHVlPSJGYWxzZSIgLz4NCiAgICAgICAgICAgIDxSdWxlUGFyYW1ldGVyIE5hbWU9IkluZGV4IiBWYWx1ZT0iMCIgLz4NCiAgICAgICAgICA8L1J1bGVQYXJhbWV0ZXJzPg0KICAgICAgICA8L0V4dHJhY3Rpb25SdWxlPg0KICAgICAgICA8RXh0cmFjdGlvblJ1bGUgQ2xhc3NuYW1lPSJNaWNyb3NvZnQuVmlzdWFsU3R1ZGlvLlRlc3RUb29scy5XZWJUZXN0aW5nLlJ1bGVzLkV4dHJhY3RGb3JtRmllbGQsIE1pY3Jvc29mdC5WaXN1YWxTdHVkaW8uUXVhbGl0eVRvb2xzLldlYlRlc3RGcmFtZXdvcmssIFZlcnNpb249MTAuMC4wLjAsIEN1bHR1cmU9bmV1dHJhbCwgUHVibGljS2V5VG9rZW49YjAzZjVmN2YxMWQ1MGEzYSIgVmFyaWFibGVOYW1lPSJGb3JtUG9zdFBhcmFtMi5jdGwwMCRNYWluQ29udGVudCR0Yk1heFBhZ2UiIERpc3BsYXlOYW1lPSIiIERlc2NyaXB0aW9uPSIiPg0KICAgICAgICAgIDxSdWxlUGFyYW1ldGVycz4NCiAgICAgICAgICAgIDxSdWxlUGFyYW1ldGVyIE5hbWU9Ik5hbWUiIFZhbHVlPSJNYWluQ29udGVudF90Yk1heFBhZ2UiIC8+DQogICAgICAgICAgICA8UnVsZVBhcmFtZXRlciBOYW1lPSJIdG1sRGVjb2RlIiBWYWx1ZT0iVHJ1ZSIgLz4NCiAgICAgICAgICAgIDxSdWxlUGFyYW1ldGVyIE5hbWU9IlJlcXVpcmVkIiBWYWx1ZT0iRmFsc2UiIC8+DQogICAgICAgICAgICA8UnVsZVBhcmFtZXRlciBOYW1lPSJJbmRleCIgVmFsdWU9IjAiIC8+DQogICAgICAgICAgPC9SdWxlUGFyYW1ldGVycz4NCiAgICAgICAgPC9FeHRyYWN0aW9uUnVsZT4NCiAgICAgIDwvQ29ycmVsYXRpb25FeHRyYWN0aW9uUnVsZXM+DQogICAgICA8UXVlcnlTdHJpbmdQYXJhbWV0ZXJzPg0KICAgICAgICA8UXVlcnlTdHJpbmdQYXJhbWV0ZXIgTmFtZT0iY2F0a2V5IiBWYWx1ZT0iMSIgUmVjb3JkZWRWYWx1ZT0iMSIgQ29ycmVsYXRpb25CaW5kaW5nPSJ7e1F1ZXJ5U3RyaW5nUGFyYW02LmNhdGtleX19IiBVcmxFbmNvZGU9IkZhbHNlIiBVc2VUb0dyb3VwUmVzdWx0cz0iRmFsc2UiIC8+DQogICAgICAgIDxRdWVyeVN0cmluZ1BhcmFtZXRlciBOYW1lPSJkb2NrZXkiIFZhbHVlPSI0MDA3NDY2MzMiIFJlY29yZGVkVmFsdWU9IjQwMDc0NjYzMyIgQ29ycmVsYXRpb25CaW5kaW5nPSJ7e1F1ZXJ5U3RyaW5nUGFyYW03LmRvY2tleX19IiBVcmxFbmNvZGU9IkZhbHNlIiBVc2VUb0dyb3VwUmVzdWx0cz0iRmFsc2UiIC8+DQogICAgICAgIDxRdWVyeVN0cmluZ1BhcmFtZXRlciBOYW1lPSJ0eXBlaWQiIFZhbHVlPSJJQSIgUmVjb3JkZWRWYWx1ZT0iSUEiIENvcnJlbGF0aW9uQmluZGluZz0ie3tRdWVyeVN0cmluZ1BhcmFtOC50eXBlaWR9fSIgVXJsRW5jb2RlPSJGYWxzZSIgVXNlVG9Hcm91cFJlc3VsdHM9IkZhbHNlIiAvPg0KICAgICAgICA8UXVlcnlTdHJpbmdQYXJhbWV0ZXIgTmFtZT0ic2hpcGtleSIgVmFsdWU9IjE0Nzc4ODQ3MSIgUmVjb3JkZWRWYWx1ZT0iMTQ3Nzg4NDcxIiBDb3JyZWxhdGlvbkJpbmRpbmc9Int7UXVlcnlTdHJpbmdQYXJhbTkuc2hpcGtleX19IiBVcmxFbmNvZGU9IkZhbHNlIiBVc2VUb0dyb3VwUmVzdWx0cz0iRmFsc2UiIC8+DQogICAgICAgIDxRdWVyeVN0cmluZ1BhcmFtZXRlciBOYW1lPSJyZXN1bHRwYWdlIiBWYWx1ZT0iaHR0cCUzYSUyZiUyZjE3Mi4yOS45LjEyMSUyZlNlYXJjaFJlc3VsdHMuYXNweCUzZmNhdGtleSUzZDElMjZ3aGVyZWNsYXVzZSUzZCglMmIlMmIoJTJiU2hpcG1lbnROYnIlMmIlMjUzZCUyYiUyNTI3QTAwMDAwMDAwMDAlMjUyNyUyYiklMmIlMmIpJTJiQU5EJTJiQ291bnRyeUNvZGUlMmIlMjUzZCUyYiUyNTI3Q0ElMjUyNyUyNmF1dG9pbWFnZSUzZEZhbHNlJTI2c2VhcmNoYXJjaGl2ZSUzZEZhbHNlJTI2U2hpcG1lbnROYnIlM2RBMDAwMDAwMDAwMCUyNnBhZ2VudW0lM2QxIiBSZWNvcmRlZFZhbHVlPSJodHRwJTNhJTJmJTJmMTcyLjI5LjkuMTIxJTJmU2VhcmNoUmVzdWx0cy5hc3B4JTNmY2F0a2V5JTNkMSUyNndoZXJlY2xhdXNlJTNkKCUyYiUyYiglMmJTaGlwbWVudE5iciUyYiUyNTNkJTJiJTI1MjdBMDAwMDAwMDAwMCUyNTI3JTJiKSUyYiUyYiklMmJBTkQlMmJDb3VudHJ5Q29kZSUyYiUyNTNkJTJiJTI1MjdDQSUyNTI3JTI2YXV0b2ltYWdlJTNkRmFsc2UlMjZzZWFyY2hhcmNoaXZlJTNkRmFsc2UlMjZTaGlwbWVudE5iciUzZEEwMDAwMDAwMDAwJTI2cGFnZW51bSUzZDEiIENvcnJlbGF0aW9uQmluZGluZz0ie3tRdWVyeVN0cmluZ1BhcmFtMTAucmVzdWx0cGFnZX19IiBVcmxFbmNvZGU9IkZhbHNlIiBVc2VUb0dyb3VwUmVzdWx0cz0iRmFsc2UiIC8+DQogICAgICA8L1F1ZXJ5U3RyaW5nUGFyYW1ldGVycz4NCiAgICA8L1JlcXVlc3Q+DQogICAgPFJlcXVlc3QgTWV0aG9kPSJHRVQiIEd1aWQ9IjQ4MmVhZTEzLTRlMjUtNDVkNi1hMGI2LTgyNDBhZGIyYmU2YiIgVmVyc2lvbj0iMS4xIiBVcmw9Imh0dHA6Ly8xNzIuMjkuOS4xMjEvaW1hZ2V2aWV3ZXIvaGFuZC5jdXIiIFRoaW5rVGltZT0iNyIgVGltZW91dD0iMzAwIiBQYXJzZURlcGVuZGVudFJlcXVlc3RzPSJUcnVlIiBGb2xsb3dSZWRpcmVjdHM9IlRydWUiIFJlY29yZFJlc3VsdD0iVHJ1ZSIgQ2FjaGU9IkZhbHNlIiBSZXNwb25zZVRpbWVHb2FsPSIwIiBFbmNvZGluZz0idXRmLTgiIEV4cGVjdGVkSHR0cFN0YXR1c0NvZGU9IjAiIEV4cGVjdGVkUmVzcG9uc2VVcmw9IiIgUmVwb3J0aW5nTmFtZT0iIiBJZ25vcmVIdHRwU3RhdHVzQ29kZT0iRmFsc2UiPg0KICAgICAgPEhlYWRlcnM+DQogICAgICAgIDxIZWFkZXIgTmFtZT0iUmVmZXJlciIgVmFsdWU9Imh0dHA6Ly8xNzIuMjkuOS4xMjEvSW1hZ2VWaWV3LmFzcHg/Y2F0a2V5PTEmYW1wO2RvY2tleT00MDA3NDY2MzMmYW1wO3R5cGVpZD1JQSZhbXA7c2hpcGtleT0xNDc3ODg0NzEmYW1wO3Jlc3VsdHBhZ2U9aHR0cCUzYSUyZiUyZjE3Mi4yOS45LjEyMSUyZlNlYXJjaFJlc3VsdHMuYXNweCUzZmNhdGtleSUzZDElMjZ3aGVyZWNsYXVzZSUzZCglMmIlMmIoJTJiU2hpcG1lbnROYnIlMmIlMjUzZCUyYiUyNTI3QTAwMDAwMDAwMDAlMjUyNyUyYiklMmIlMmIpJTJiQU5EJTJiQ291bnRyeUNvZGUlMmIlMjUzZCUyYiUyNTI3Q0ElMjUyNyUyNmF1dG9pbWFnZSUzZEZhbHNlJTI2c2VhcmNoYXJjaGl2ZSUzZEZhbHNlJTI2U2hpcG1lbnROYnIlM2RBMDAwMDAwMDAwMCUyNnBhZ2VudW0lM2QxIiAvPg0KICAgICAgPC9IZWFkZXJzPg0KICAgIDwvUmVxdWVzdD4NCiAgICA8UmVxdWVzdCBNZXRob2Q9IlBPU1QiIEd1aWQ9ImZjZDY1YmNmLTBlNmItNDZiZS1hZGI4LTBkMGUyZWM5M2QxNCIgVmVyc2lvbj0iMS4xIiBVcmw9Imh0dHA6Ly8xNzIuMjkuOS4xMjEvSW1hZ2VWaWV3LmFzcHgiIFRoaW5rVGltZT0iMCIgVGltZW91dD0iMzAwIiBQYXJzZURlcGVuZGVudFJlcXVlc3RzPSJUcnVlIiBGb2xsb3dSZWRpcmVjdHM9IlRydWUiIFJlY29yZFJlc3VsdD0iVHJ1ZSIgQ2FjaGU9IkZhbHNlIiBSZXNwb25zZVRpbWVHb2FsPSIwIiBFbmNvZGluZz0idXRmLTgiIEV4cGVjdGVkSHR0cFN0YXR1c0NvZGU9IjAiIEV4cGVjdGVkUmVzcG9uc2VVcmw9Imh0dHA6Ly8xNzIuMjkuOS4xMjEvTG9naW4uYXNweCIgUmVwb3J0aW5nTmFtZT0iIiBJZ25vcmVIdHRwU3RhdHVzQ29kZT0iRmFsc2UiPg0KICAgICAgPEhlYWRlcnM+DQogICAgICAgIDxIZWFkZXIgTmFtZT0iUmVmZXJlciIgVmFsdWU9Imh0dHA6Ly8xNzIuMjkuOS4xMjEvSW1hZ2VWaWV3LmFzcHg/Y2F0a2V5PTEmYW1wO2RvY2tleT00MDA3NDY2MzMmYW1wO3R5cGVpZD1JQSZhbXA7c2hpcGtleT0xNDc3ODg0NzEmYW1wO3Jlc3VsdHBhZ2U9aHR0cCUzYSUyZiUyZjE3Mi4yOS45LjEyMSUyZlNlYXJjaFJlc3VsdHMuYXNweCUzZmNhdGtleSUzZDElMjZ3aGVyZWNsYXVzZSUzZCglMmIlMmIoJTJiU2hpcG1lbnROYnIlMmIlMjUzZCUyYiUyNTI3QTAwMDAwMDAwMDAlMjUyNyUyYiklMmIlMmIpJTJiQU5EJTJiQ291bnRyeUNvZGUlMmIlMjUzZCUyYiUyNTI3Q0ElMjUyNyUyNmF1dG9pbWFnZSUzZEZhbHNlJTI2c2VhcmNoYXJjaGl2ZSUzZEZhbHNlJTI2U2hpcG1lbnROYnIlM2RBMDAwMDAwMDAwMCUyNnBhZ2VudW0lM2QxIiAvPg0KICAgICAgPC9IZWFkZXJzPg0KICAgICAgPFF1ZXJ5U3RyaW5nUGFyYW1ldGVycz4NCiAgICAgICAgPFF1ZXJ5U3RyaW5nUGFyYW1ldGVyIE5hbWU9ImNhdGtleSIgVmFsdWU9IjEiIFJlY29yZGVkVmFsdWU9IjEiIENvcnJlbGF0aW9uQmluZGluZz0ie3tRdWVyeVN0cmluZ1BhcmFtMS5jYXRrZXl9fSIgVXJsRW5jb2RlPSJGYWxzZSIgVXNlVG9Hcm91cFJlc3VsdHM9IkZhbHNlIiAvPg0KICAgICAgICA8UXVlcnlTdHJpbmdQYXJhbWV0ZXIgTmFtZT0iZG9ja2V5IiBWYWx1ZT0iNDAwNzQ2NjMzIiBSZWNvcmRlZFZhbHVlPSI0MDA3NDY2MzMiIENvcnJlbGF0aW9uQmluZGluZz0ie3tRdWVyeVN0cmluZ1BhcmFtMi5kb2NrZXl9fSIgVXJsRW5jb2RlPSJGYWxzZSIgVXNlVG9Hcm91cFJlc3VsdHM9IkZhbHNlIiAvPg0KICAgICAgICA8UXVlcnlTdHJpbmdQYXJhbWV0ZXIgTmFtZT0idHlwZWlkIiBWYWx1ZT0iSUEiIFJlY29yZGVkVmFsdWU9IklBIiBDb3JyZWxhdGlvbkJpbmRpbmc9Int7UXVlcnlTdHJpbmdQYXJhbTMudHlwZWlkfX0iIFVybEVuY29kZT0iRmFsc2UiIFVzZVRvR3JvdXBSZXN1bHRzPSJGYWxzZSIgLz4NCiAgICAgICAgPFF1ZXJ5U3RyaW5nUGFyYW1ldGVyIE5hbWU9InNoaXBrZXkiIFZhbHVlPSIxNDc3ODg0NzEiIFJlY29yZGVkVmFsdWU9IjE0Nzc4ODQ3MSIgQ29ycmVsYXRpb25CaW5kaW5nPSJ7e1F1ZXJ5U3RyaW5nUGFyYW00LnNoaXBrZXl9fSIgVXJsRW5jb2RlPSJGYWxzZSIgVXNlVG9Hcm91cFJlc3VsdHM9IkZhbHNlIiAvPg0KICAgICAgICA8UXVlcnlTdHJpbmdQYXJhbWV0ZXIgTmFtZT0icmVzdWx0cGFnZSIgVmFsdWU9Imh0dHAlM2ElMmYlMmYxNzIuMjkuOS4xMjElMmZTZWFyY2hSZXN1bHRzLmFzcHglM2ZjYXRrZXklM2QxJTI2d2hlcmVjbGF1c2UlM2QoJTJiJTJiKCUyYlNoaXBtZW50TmJyJTJiJTI1M2QlMmIlMjUyN0EwMDAwMDAwMDAwJTI1MjclMmIpJTJiJTJiKSUyYkFORCUyYkNvdW50cnlDb2RlJTJiJTI1M2QlMmIlMjUyN0NBJTI1MjclMjZhdXRvaW1hZ2UlM2RGYWxzZSUyNnNlYXJjaGFyY2hpdmUlM2RGYWxzZSUyNlNoaXBtZW50TmJyJTNkQTAwMDAwMDAwMDAlMjZwYWdlbnVtJTNkMSIgUmVjb3JkZWRWYWx1ZT0iaHR0cCUzYSUyZiUyZjE3Mi4yOS45LjEyMSUyZlNlYXJjaFJlc3VsdHMuYXNweCUzZmNhdGtleSUzZDElMjZ3aGVyZWNsYXVzZSUzZCglMmIlMmIoJTJiU2hpcG1lbnROYnIlMmIlMjUzZCUyYiUyNTI3QTAwMDAwMDAwMDAlMjUyNyUyYiklMmIlMmIpJTJiQU5EJTJiQ291bnRyeUNvZGUlMmIlMjUzZCUyYiUyNTI3Q0ElMjUyNyUyNmF1dG9pbWFnZSUzZEZhbHNlJTI2c2VhcmNoYXJjaGl2ZSUzZEZhbHNlJTI2U2hpcG1lbnROYnIlM2RBMDAwMDAwMDAwMCUyNnBhZ2VudW0lM2QxIiBDb3JyZWxhdGlvbkJpbmRpbmc9Int7UXVlcnlTdHJpbmdQYXJhbTUucmVzdWx0cGFnZX19IiBVcmxFbmNvZGU9IkZhbHNlIiBVc2VUb0dyb3VwUmVzdWx0cz0iRmFsc2UiIC8+DQogICAgICA8L1F1ZXJ5U3RyaW5nUGFyYW1ldGVycz4NCiAgICAgIDxGb3JtUG9zdEh0dHBCb2R5Pg0KICAgICAgICA8Rm9ybVBvc3RQYXJhbWV0ZXIgTmFtZT0iX19FVkVOVFRBUkdFVCIgVmFsdWU9ImN0bDAwJGxua2JMb2dPdXQiIFJlY29yZGVkVmFsdWU9ImN0bDAwJGxua2JMb2dPdXQiIENvcnJlbGF0aW9uQmluZGluZz0iIiBVcmxFbmNvZGU9IlRydWUiIC8+DQogICAgICAgIDxGb3JtUG9zdFBhcmFtZXRlciBOYW1lPSJfX0VWRU5UQVJHVU1FTlQiIFZhbHVlPSJ7eyRISURERU4xLl9fRVZFTlRBUkdVTUVOVH19IiBSZWNvcmRlZFZhbHVlPSIiIENvcnJlbGF0aW9uQmluZGluZz0iIiBVcmxFbmNvZGU9IlRydWUiIC8+DQogICAgICAgIDxGb3JtUG9zdFBhcmFtZXRlciBOYW1lPSJfX1ZJRVdTVEFURSIgVmFsdWU9Int7JEhJRERFTjEuX19WSUVXU1RBVEV9fSIgUmVjb3JkZWRWYWx1ZT0iL3dFUER3VUpOVFEyTkRJeE5qZ3pEeFlZSGdaallYUnJaWGtDQVI0SGNHRm5aVzUxYlFJQkhndFRhR2x3YldWdWRFNWljZ1VMUVRBd01EQXdNREF3TURBZUJuUjVjR1ZwWkFVQ1NVRWVDRlpKYVcxaFoyVnpCU1F6TVdJeVltTmhOeTFoTnpSaUxUUTNNRGN0WWpZNVlTMW1OREUzTkRaaE4yWTBaVFllQjNOb2FYQnJaWGtDdDZXOFJoNE1SRzlqZFcxbGJuUlVlWEJsQlFKSlFSNEphVzFoWjJWclpYbHpGZ0VDM0l1Z2tnSWVDR0poZEdOb1NVUnpGZ0FlQm1SdlkydGxlUUtKMFl1L0FSNElhVzFoWjJWSlpITVdBUVVNUVVJNVRFRXlOakF1ZEdsbUhnZHRZWGh3WVdkbEFnRVdBbVlQRHhZRUhnOWZYMEZ1ZEdsWWMzSm1WRzlyWlc0RklEUTBZVFE1TTJGa1lUaGxORFJsT1dGaE1EYzRZVFk1TUdZMFpqRmxPR1ZpSGhKZlgwRnVkR2xZYzNKbVZYTmxjazVoYldWbFpCWUNBZ01QWkJZR1pnOFBGZ0llQ0VsdFlXZGxWWEpzQlE5K0wybHRZV2RsY3k5RFFTNW5hV1prWkFJQ0QyUVdDQUlKRHc4V0FoNExUbUYyYVdkaGRHVlZjbXdGTVZCaFkydGxkRkJ5YVc1MFJXNTBjbmt1WVhOd2VEOURiM1Z1ZEhKNVEyOWtaVDFEUVNZelFqUlpQVEl6TVRoVFVWQmtaQUlORHc4V0FoOFBCVFJQVFVSUVlXTnJaWFJRY21sdWRFVnVkSEo1TG1GemNIZy9RMjkxYm5SeWVVTnZaR1U5UTBFbU0wSTBXVDB5TXpFNFUxRlFaR1FDR3c4UEZnSWVCMVpwYzJsaWJHVm9aR1FDSFE4UEZnSWZFR2hrWkFJREQyUVdIbVlQRHhZQ0hnUlVaWGgwQlFoVGFHbHdiV1Z1ZEdSa0FnRVBEeFlDSHhFRkVGTm9hWEJ0Wlc1MElFNTFiV0psY2pwa1pBSUNEdzhXQWg4UkJRdEJNREF3TURBd01EQXdNR1JrQWdRUER4WUNIeEVGR1VGdWJtOTBMaUJEYjIxdFpYSmphV0ZzSUVsdWRtOXBZMlZrWkFJRkR3OFdBaDhSQlF4QlFqbE1RVEkyTUM1MGFXWmtaQUlIRHc4V0FoOFJaV1JrQWdnUER4WUVIZ1pJWldsbmFIUWJBQUFBQUFBQUFBQUJBQUFBSGdSZklWTkNBb0FCWkdRQ0NROFBGZ0llQjBWdVlXSnNaV1JvWkdRQ0NnOFBGZ0lmRkdoa1pBSUxEdzhXQWg4VWFHUmtBZ3dQRHhZQ0h4Um9aR1FDRFE4UEZnSWZFUVVCTVdSa0FnNFBEeFlDSHhFRkFURmtaQUlQRHc4V0JoNEpSbTl5WlVOdmJHOXlDbDRmRVFVbFZHaHBjeUJrYjJOMWJXVnVkQ0JvWVhNZ2JtOTBJR0psWlc0Z2RtRnNhV1JoZEdWa0xoOFRBZ1JrWkFJUkR3OFdBaDhRWjJSa1pLS2UyR29DcWo4aFFlM2U3M2hmV0p1bSsxd09WWVhPVTNENzE3V0k4RzZHIiBDb3JyZWxhdGlvbkJpbmRpbmc9IiIgVXJsRW5jb2RlPSJUcnVlIiAvPg0KICAgICAgICA8Rm9ybVBvc3RQYXJhbWV0ZXIgTmFtZT0iX19WSUVXU1RBVEVHRU5FUkFUT1IiIFZhbHVlPSJ7eyRISURERU4xLl9fVklFV1NUQVRFR0VORVJBVE9SfX0iIFJlY29yZGVkVmFsdWU9IkU2Q0JDRjAwIiBDb3JyZWxhdGlvbkJpbmRpbmc9IiIgVXJsRW5jb2RlPSJUcnVlIiAvPg0KICAgICAgICA8Rm9ybVBvc3RQYXJhbWV0ZXIgTmFtZT0iX19FVkVOVFZBTElEQVRJT04iIFZhbHVlPSJ7eyRISURERU4xLl9fRVZFTlRWQUxJREFUSU9OfX0iIFJlY29yZGVkVmFsdWU9Ii93RWRBQXo5WnliZERDTVJVQTFFM3U3YTBUMW92amJ5QTlOdjg2TzR1UUxiQXh4S09QYysxdE1DYXM5QTdmY3Fya0E1dGpUMzVZRlRNdGtUZFBXVUFiSjlBUmc1clpETFJSNUNFM1dQWmJEUFdtdEU5bm5kSTFUeGlydTFUZmlzelRWaGVZSkkvNm5MRWZDdmZINHFhbDg0QzNKQVpWcllhbkpzQTBwdklpUzdPNlBxbGlZeEI5VUhnNDFaMjMzT2xsOGsyRFlYNU9wV3ZRREdBRnNWVWwzRWJZeEZOYlcrRHc0eTA4czhsNDFaeWorbjc3VitHNFRNazUxN1QxSkxRSERzVUFveDVUZHdQdDkxNTVGblIrQ2F1SjdlcTNRTkJNck1zcDEyMElLQUcvWVErdz09IiBDb3JyZWxhdGlvbkJpbmRpbmc9IiIgVXJsRW5jb2RlPSJUcnVlIiAvPg0KICAgICAgICA8Rm9ybVBvc3RQYXJhbWV0ZXIgTmFtZT0iY3RsMDAkTWFpbkNvbnRlbnQkdGJDdXJyZW50UGFnZSIgVmFsdWU9IjEiIFJlY29yZGVkVmFsdWU9IjEiIENvcnJlbGF0aW9uQmluZGluZz0ie3tGb3JtUG9zdFBhcmFtMS5jdGwwMCRNYWluQ29udGVudCR0YkN1cnJlbnRQYWdlfX0iIFVybEVuY29kZT0iVHJ1ZSIgLz4NCiAgICAgICAgPEZvcm1Qb3N0UGFyYW1ldGVyIE5hbWU9ImN0bDAwJE1haW5Db250ZW50JHRiTWF4UGFnZSIgVmFsdWU9IjEiIFJlY29yZGVkVmFsdWU9IjEiIENvcnJlbGF0aW9uQmluZGluZz0ie3tGb3JtUG9zdFBhcmFtMi5jdGwwMCRNYWluQ29udGVudCR0Yk1heFBhZ2V9fSIgVXJsRW5jb2RlPSJUcnVlIiAvPg0KICAgICAgPC9Gb3JtUG9zdEh0dHBCb2R5Pg0KICAgIDwvUmVxdWVzdD4NCiAgPC9JdGVtcz4NCiAgPFZhbGlkYXRpb25SdWxlcz4NCiAgICA8VmFsaWRhdGlvblJ1bGUgQ2xhc3NuYW1lPSJNaWNyb3NvZnQuVmlzdWFsU3R1ZGlvLlRlc3RUb29scy5XZWJUZXN0aW5nLlJ1bGVzLlZhbGlkYXRlUmVzcG9uc2VVcmwsIE1pY3Jvc29mdC5WaXN1YWxTdHVkaW8uUXVhbGl0eVRvb2xzLldlYlRlc3RGcmFtZXdvcmssIFZlcnNpb249MTAuMC4wLjAsIEN1bHR1cmU9bmV1dHJhbCwgUHVibGljS2V5VG9rZW49YjAzZjVmN2YxMWQ1MGEzYSIgRGlzcGxheU5hbWU9IlJlc3BvbnNlIFVSTCIgRGVzY3JpcHRpb249IlZhbGlkYXRlcyB0aGF0IHRoZSByZXNwb25zZSBVUkwgYWZ0ZXIgcmVkaXJlY3RzIGFyZSBmb2xsb3dlZCBpcyB0aGUgc2FtZSBhcyB0aGUgcmVjb3JkZWQgcmVzcG9uc2UgVVJMLiAgUXVlcnlTdHJpbmcgcGFyYW1ldGVycyBhcmUgaWdub3JlZC4iIExldmVsPSJMb3ciIEV4ZWN0dWlvbk9yZGVyPSJCZWZvcmVEZXBlbmRlbnRzIiAvPg0KICAgIDxWYWxpZGF0aW9uUnVsZSBDbGFzc25hbWU9Ik1pY3Jvc29mdC5WaXN1YWxTdHVkaW8uVGVzdFRvb2xzLldlYlRlc3RpbmcuUnVsZXMuVmFsaWRhdGlvblJ1bGVSZXNwb25zZVRpbWVHb2FsLCBNaWNyb3NvZnQuVmlzdWFsU3R1ZGlvLlF1YWxpdHlUb29scy5XZWJUZXN0RnJhbWV3b3JrLCBWZXJzaW9uPTEwLjAuMC4wLCBDdWx0dXJlPW5ldXRyYWwsIFB1YmxpY0tleVRva2VuPWIwM2Y1ZjdmMTFkNTBhM2EiIERpc3BsYXlOYW1lPSJSZXNwb25zZSBUaW1lIEdvYWwiIERlc2NyaXB0aW9uPSJWYWxpZGF0ZXMgdGhhdCB0aGUgcmVzcG9uc2UgdGltZSBmb3IgdGhlIHJlcXVlc3QgaXMgbGVzcyB0aGFuIG9yIGVxdWFsIHRvIHRoZSByZXNwb25zZSB0aW1lIGdvYWwgYXMgc3BlY2lmaWVkIG9uIHRoZSByZXF1ZXN0LiAgUmVzcG9uc2UgdGltZSBnb2FscyBvZiB6ZXJvIHdpbGwgYmUgaWdub3JlZC4iIExldmVsPSJMb3ciIEV4ZWN0dWlvbk9yZGVyPSJBZnRlckRlcGVuZGVudHMiPg0KICAgICAgPFJ1bGVQYXJhbWV0ZXJzPg0KICAgICAgICA8UnVsZVBhcmFtZXRlciBOYW1lPSJUb2xlcmFuY2UiIFZhbHVlPSIwIiAvPg0KICAgICAgPC9SdWxlUGFyYW1ldGVycz4NCiAgICA8L1ZhbGlkYXRpb25SdWxlPg0KICA8L1ZhbGlkYXRpb25SdWxlcz4NCjwvV2ViVGVzdD4=">
      <Execution id="a5501104-85af-4d98-a9ab-4785bcbd9615" />
    </WebTest>
  </TestDefinitions>
  <TestLists>
    <TestList name="Results Not in a List" id="8c84fa94-04c1-424b-9868-57a2d4851a1d" />
    <TestList name="All Loaded Results" id="19431567-8539-422a-85d7-44ee4e166bda" />
  </TestLists>
  <TestEntries>
    <TestEntry isTransparent="false" testId="6a42c19a-465b-4288-a11d-82918b69f082" executionId="a5501104-85af-4d98-a9ab-4785bcbd9615" testListId="8c84fa94-04c1-424b-9868-57a2d4851a1d" />
  </TestEntries>
  <Results>
    <WebTestResult executionId="a5501104-85af-4d98-a9ab-4785bcbd9615" testId="6a42c19a-465b-4288-a11d-82918b69f082" testName="WebTest1" computerName="GUA-UPS-DEV10" duration="00:00:02.6817290" startTime="2018-01-30T22:28:22.3627628-06:00" endTime="2018-01-30T22:28:35.7014269-06:00" testType="4e7599fa-5ecb-43e9-a887-cd63cf72d207" outcome="Failed" testListId="8c84fa94-04c1-424b-9868-57a2d4851a1d" relativeResultsDirectory="a5501104-85af-4d98-a9ab-4785bcbd9615">
      <Output>
        <ErrorInfo>
          <Message>3 primary requests, 0 dependant requests and 0 conditional rules failed</Message>
        </ErrorInfo>
      </Output>
      <ResultFiles>
        <ResultFile path="WebTest1.webtestResult" />
      </ResultFiles>
      <TestSettings name="Local" id="053dc93a-72f9-41c7-a901-55fa045aa5a9">
        <Description>These are default test settings for a local test run.</Description>
        <Execution>
          <TestTypeSpecific>
            <WebTestRunConfiguration testTypeId="4e7599fa-5ecb-43e9-a887-cd63cf72d207">
              <Browser name="Internet Explorer 9.0" MaxConnections="6">
                <Headers>
                  <Header name="User-Agent" value="Mozilla/5.0 (compatible; MSIE 9.0; Windows NT 6.1; Trident/5.0)" />
                  <Header name="Accept" value="*/*" />
                  <Header name="Accept-Language" value="{{$IEAcceptLanguage}}" />
                  <Header name="Accept-Encoding" value="GZIP" />
                </Headers>
              </Browser>
            </WebTestRunConfiguration>
          </TestTypeSpecific>
          <AgentRule name="Execution Agents">
          </AgentRule>
        </Execution>
        <Deployment runDeploymentRoot="alba.sagastume_GUA-UPS-DEV10 2018-01-30 22_28_21" />
        <Properties>
          <Property name="TestSettingsUIType" value="LoadTest" />
        </Properties>
      </TestSettings>
      <WebTestResultFilePath>alba.sagastume_GUA-UPS-DEV10 2018-01-30 22_28_21\In\a5501104-85af-4d98-a9ab-4785bcbd9615\WebTest1.webtestResult</WebTestResultFilePath>
    </WebTestResult>
  </Results>
</TestRun>