<?xml version="1.0" encoding="UTF-8"?>
<TestRun id="c5411863-de84-43d3-be15-2d12b8a81cdb" name="alba.sagastume@GUA-UPS-DEV10 2018-01-30 22:24:15" runUser="UPSDIV\alba.sagastume" xmlns="http://microsoft.com/schemas/VisualStudio/TeamTest/2010">
  <TestSettings name="Local" id="053dc93a-72f9-41c7-a901-55fa045aa5a9">
    <Description>These are default test settings for a local test run.</Description>
    <Execution>
      <TestTypeSpecific />
      <AgentRule name="Execution Agents">
      </AgentRule>
    </Execution>
    <Deployment runDeploymentRoot="alba.sagastume_GUA-UPS-DEV10 2018-01-30 22_24_15" />
    <Properties>
      <Property name="TestSettingsUIType" value="LoadTest" />
    </Properties>
  </TestSettings>
  <Times creation="2018-01-30T22:24:15.9600152-06:00" queuing="2018-01-30T22:24:19.1006570-06:00" start="2018-01-30T22:24:19.5225536-06:00" finish="2018-01-30T22:24:20.5381749-06:00" />
  <ResultSummary outcome="Completed">
    <Counters total="1" executed="1" passed="1" error="0" failed="0" timeout="0" aborted="0" inconclusive="0" passedButRunAborted="0" notRunnable="0" notExecuted="0" disconnected="0" warning="0" completed="0" inProgress="0" pending="0" />
  </ResultSummary>
  <TestDefinitions>
    <WebTest name="WebTest2" storage="c:\users\alba.sagastume\documents\visual studio 2015\projects\bdisloadtest\bdisloadtest\webtest2.webtest" id="5ee81040-b92d-47a5-86cd-771d6b893990" persistedWebTest="77u/PD94bWwgdmVyc2lvbj0iMS4wIiBlbmNvZGluZz0iVVRGLTgiIHN0YW5kYWxvbmU9InllcyI/Pg0KPFdlYlRlc3QgTmFtZT0iV2ViVGVzdDIiIElkPSI1ZWU4MTA0MC1iOTJkLTQ3YTUtODZjZC03NzFkNmI4OTM5OTAiIE93bmVyPSIiIFByaW9yaXR5PSIyMTQ3NDgzNjQ3IiBFbmFibGVkPSJUcnVlIiBDc3NQcm9qZWN0U3RydWN0dXJlPSIiIENzc0l0ZXJhdGlvbj0iIiBUaW1lb3V0PSIwIiBXb3JrSXRlbUlkcz0iIiB4bWxucz0iaHR0cDovL21pY3Jvc29mdC5jb20vc2NoZW1hcy9WaXN1YWxTdHVkaW8vVGVhbVRlc3QvMjAxMCIgRGVzY3JpcHRpb249IiIgQ3JlZGVudGlhbFVzZXJOYW1lPSIiIENyZWRlbnRpYWxQYXNzd29yZD0iIiBQcmVBdXRoZW50aWNhdGU9IlRydWUiIFByb3h5PSJkZWZhdWx0IiBTdG9wT25FcnJvcj0iRmFsc2UiIFJlY29yZGVkUmVzdWx0RmlsZT0iIiBSZXN1bHRzTG9jYWxlPSIiIC8+">
      <Execution id="26dda787-bdab-46bf-84e5-66a6872ea070" />
    </WebTest>
  </TestDefinitions>
  <TestLists>
    <TestList name="Results Not in a List" id="8c84fa94-04c1-424b-9868-57a2d4851a1d" />
    <TestList name="All Loaded Results" id="19431567-8539-422a-85d7-44ee4e166bda" />
  </TestLists>
  <TestEntries>
    <TestEntry isTransparent="false" testId="5ee81040-b92d-47a5-86cd-771d6b893990" executionId="26dda787-bdab-46bf-84e5-66a6872ea070" testListId="8c84fa94-04c1-424b-9868-57a2d4851a1d" />
  </TestEntries>
  <Results>
    <WebTestResult executionId="26dda787-bdab-46bf-84e5-66a6872ea070" testId="5ee81040-b92d-47a5-86cd-771d6b893990" testName="WebTest2" computerName="GUA-UPS-DEV10" duration="00:00:00.0120704" startTime="2018-01-30T22:24:19.5850525-06:00" endTime="2018-01-30T22:24:20.3819234-06:00" testType="4e7599fa-5ecb-43e9-a887-cd63cf72d207" outcome="Passed" testListId="8c84fa94-04c1-424b-9868-57a2d4851a1d" relativeResultsDirectory="26dda787-bdab-46bf-84e5-66a6872ea070">
      <ResultFiles>
        <ResultFile path="WebTest2.webtestResult" />
      </ResultFiles>
      <TestSettings name="Local" id="053dc93a-72f9-41c7-a901-55fa045aa5a9">
        <Description>These are default test settings for a local test run.</Description>
        <Execution>
          <TestTypeSpecific>
            <WebTestRunConfiguration testTypeId="4e7599fa-5ecb-43e9-a887-cd63cf72d207">
              <Browser name="Internet Explorer 9.0" MaxConnections="6">
                <Headers>
                  <Header name="User-Agent" value="Mozilla/5.0 (compatible; MSIE 9.0; Windows NT 6.1; Trident/5.0)" />
                  <Header name="Accept" value="*/*" />
                  <Header name="Accept-Language" value="{{$IEAcceptLanguage}}" />
                  <Header name="Accept-Encoding" value="GZIP" />
                </Headers>
              </Browser>
            </WebTestRunConfiguration>
          </TestTypeSpecific>
          <AgentRule name="Execution Agents">
          </AgentRule>
        </Execution>
        <Deployment runDeploymentRoot="alba.sagastume_GUA-UPS-DEV10 2018-01-30 22_24_15" />
        <Properties>
          <Property name="TestSettingsUIType" value="LoadTest" />
        </Properties>
      </TestSettings>
      <WebTestResultFilePath>alba.sagastume_GUA-UPS-DEV10 2018-01-30 22_24_15\In\26dda787-bdab-46bf-84e5-66a6872ea070\WebTest2.webtestResult</WebTestResultFilePath>
    </WebTestResult>
  </Results>
</TestRun>